{"level":"error","message":"Comprar validation failed: productos: Path `productos` is required.","timestamp":"2022-06-25T15:15:23.035Z"}
{"level":"error","message":"E11000 duplicate key error collection: ecommerce.comprars index: _id_ dup key: { _id: ObjectId('6280db5004548091d6ae05a2') }","timestamp":"2022-06-25T15:20:59.178Z"}
{"level":"error","message":"ComprarModule.insertOne is not a function","timestamp":"2022-06-25T15:23:23.972Z"}
{"level":"error","message":"id is not defined","timestamp":"2022-06-25T15:28:52.205Z"}
{"level":"error","message":"Car validation failed: user: Path `user` is required.","timestamp":"2022-06-25T16:20:05.052Z"}
{"level":"error","message":"Car validation failed: user: Path `user` is required.","timestamp":"2022-06-25T16:22:29.805Z"}
{"level":"error","message":"Car validation failed: user: Path `user` is required.","timestamp":"2022-06-25T16:22:30.048Z"}
{"level":"error","message":"Car validation failed: user: Path `user` is required.","timestamp":"2022-06-25T16:22:35.930Z"}
{"level":"error","message":"Car validation failed: user: Path `user` is required.","timestamp":"2022-06-25T16:22:36.100Z"}
{"level":"error","message":"Car validation failed: user: Path `user` is required.","timestamp":"2022-06-25T16:22:46.307Z"}
{"level":"error","message":"Car validation failed: user: Path `user` is required.","timestamp":"2022-06-25T16:22:46.483Z"}
{"level":"error","message":"Car validation failed: user: Path `user` is required.","timestamp":"2022-06-25T16:24:34.840Z"}
{"level":"error","message":"Car validation failed: user: Path `user` is required.","timestamp":"2022-06-25T16:24:35.127Z"}
{"level":"error","message":"Car validation failed: user: Path `user` is required.","timestamp":"2022-06-25T16:27:33.832Z"}
{"level":"error","message":"Car validation failed: user: Path `user` is required.","timestamp":"2022-06-25T16:28:00.060Z"}
{"level":"error","message":"Car validation failed: user: Path `user` is required.","timestamp":"2022-06-25T16:37:03.103Z"}
{"level":"error","message":"Cannot read properties of undefined (reading '0')","timestamp":"2022-06-25T16:37:03.103Z"}
{"level":"error","message":"Car validation failed: user: Path `user` is required.","timestamp":"2022-06-25T16:37:03.399Z"}
{"level":"error","message":"Cannot read properties of undefined (reading '0')","timestamp":"2022-06-25T16:37:03.399Z"}
{"level":"error","message":"Car validation failed: user: Path `user` is required.","timestamp":"2022-06-25T16:38:05.080Z"}
{"level":"error","message":"Cannot read properties of undefined (reading '_id')","timestamp":"2022-06-25T16:38:05.081Z"}
{"level":"error","message":"Car validation failed: user: Path `user` is required.","timestamp":"2022-06-25T16:38:05.846Z"}
{"level":"error","message":"Cannot read properties of undefined (reading '_id')","timestamp":"2022-06-25T16:38:05.846Z"}
{"level":"error","message":"Car validation failed: user: Path `user` is required.","timestamp":"2022-06-25T16:42:38.303Z"}
{"level":"error","message":"Cannot read properties of undefined (reading '_id')","timestamp":"2022-06-25T16:42:38.305Z"}
{"level":"error","message":"Car validation failed: user: Path `user` is required.","timestamp":"2022-06-25T16:42:39.616Z"}
{"level":"error","message":"Cannot read properties of undefined (reading '_id')","timestamp":"2022-06-25T16:42:39.618Z"}
{"level":"error","message":"response.json is not a function","timestamp":"2022-06-25T16:48:52.257Z"}
{"level":"error","message":"response.json is not a function","timestamp":"2022-06-25T16:48:52.426Z"}
{"level":"error","message":"response.json is not a function","timestamp":"2022-06-25T16:49:22.670Z"}
{"level":"error","message":"response.json is not a function","timestamp":"2022-06-25T16:49:37.059Z"}
{"level":"error","message":"response.json is not a function","timestamp":"2022-06-25T16:52:42.558Z"}
{"level":"error","message":"response.json is not a function","timestamp":"2022-06-25T16:52:42.710Z"}
{"level":"error","message":"response.json is not a function","timestamp":"2022-06-25T16:52:46.225Z"}
{"level":"error","message":"response.json is not a function","timestamp":"2022-06-25T16:53:56.484Z"}
{"level":"error","message":"response.json is not a function","timestamp":"2022-06-25T16:53:56.657Z"}
{"level":"error","message":"response.json is not a function","timestamp":"2022-06-25T16:53:59.341Z"}
{"level":"error","message":"response.json is not a function","timestamp":"2022-06-25T16:54:55.947Z"}
{"level":"error","message":"response.json is not a function","timestamp":"2022-06-25T16:54:56.135Z"}
{"level":"error","message":"response.json is not a function","timestamp":"2022-06-25T16:55:00.353Z"}
{"level":"error","message":"response.json is not a function","timestamp":"2022-06-25T23:53:12.695Z"}
{"level":"error","message":"response.json is not a function","timestamp":"2022-06-25T23:53:12.832Z"}
{"level":"error","message":"response.json is not a function","timestamp":"2022-06-25T23:53:25.442Z"}
{"level":"error","message":"response.json is not a function","timestamp":"2022-06-25T23:53:26.610Z"}
{"level":"error","message":"response.json is not a function","timestamp":"2022-06-25T23:53:28.604Z"}
{"level":"error","message":"Cast to ObjectId failed for value \"false\" (type string) at path \"_id\" for model \"Car\"","timestamp":"2022-06-25T23:57:10.359Z"}
{"level":"error","message":"Cast to ObjectId failed for value \"false\" (type string) at path \"_id\" for model \"Car\"","timestamp":"2022-06-25T23:59:12.861Z"}
{"level":"error","message":"Cast to ObjectId failed for value \"false\" (type string) at path \"_id\" for model \"Car\"","timestamp":"2022-06-26T00:00:41.729Z"}
{"level":"error","message":"Cast to ObjectId failed for value \"false\" (type string) at path \"_id\" for model \"Car\"","timestamp":"2022-06-26T00:02:42.932Z"}
{"level":"error","message":"Cast to ObjectId failed for value \"false\" (type string) at path \"_id\" for model \"Car\"","timestamp":"2022-06-26T00:08:31.833Z"}
{"level":"error","message":"Cast to ObjectId failed for value \"false\" (type string) at path \"_id\" for model \"Car\"","timestamp":"2022-06-26T00:08:33.396Z"}
{"level":"error","message":"Cast to ObjectId failed for value \"false\" (type string) at path \"_id\" for model \"Car\"","timestamp":"2022-06-26T00:09:09.778Z"}
{"level":"error","message":"Cast to ObjectId failed for value \"false\" (type string) at path \"_id\" for model \"Car\"","timestamp":"2022-06-26T00:11:02.122Z"}
{"level":"error","message":"Cast to ObjectId failed for value \"false\" (type string) at path \"_id\" for model \"Car\"","timestamp":"2022-06-26T00:13:09.564Z"}
{"level":"error","message":"id is not defined","timestamp":"2022-06-26T00:24:12.858Z"}
{"level":"error","message":"Cannot read properties of null (reading 'productos')","timestamp":"2022-06-26T00:38:45.965Z"}
{"level":"error","message":"Cannot read properties of null (reading 'productos')","timestamp":"2022-06-26T00:39:51.788Z"}
{"level":"error","message":"Cannot read properties of null (reading 'productos')","timestamp":"2022-06-26T00:40:10.859Z"}
{"level":"error","message":"Cannot read properties of null (reading 'productos')","timestamp":"2022-06-26T00:40:12.919Z"}
{"level":"error","message":"Cast to ObjectId failed for value \"false\" (type string) at path \"_id\" for model \"Car\"","timestamp":"2022-06-26T00:41:38.270Z"}
{"level":"error","message":"Cast to ObjectId failed for value \"false\" (type string) at path \"_id\" for model \"Car\"","timestamp":"2022-06-26T00:41:38.942Z"}
{"level":"error","message":"Cast to ObjectId failed for value \"false\" (type string) at path \"_id\" for model \"Car\"","timestamp":"2022-06-26T00:41:40.062Z"}
{"level":"error","message":"Cannot read properties of undefined (reading 'toString')","timestamp":"2022-06-26T00:41:44.008Z"}
{"level":"error","message":"Cast to ObjectId failed for value \"false\" (type string) at path \"_id\" for model \"Car\"","timestamp":"2022-06-26T00:41:47.147Z"}
{"level":"error","message":"Cannot read properties of undefined (reading 'toString')","timestamp":"2022-06-26T00:41:47.245Z"}
{"level":"error","message":"Cannot read properties of undefined (reading 'toString')","timestamp":"2022-06-26T00:41:51.057Z"}
{"level":"error","message":"Cast to ObjectId failed for value \"false\" (type string) at path \"_id\" for model \"Car\"","timestamp":"2022-06-26T00:43:57.720Z"}
{"level":"error","message":"Cast to ObjectId failed for value \"false\" (type string) at path \"_id\" for model \"Car\"","timestamp":"2022-06-26T00:43:58.354Z"}
{"level":"error","message":"Cast to ObjectId failed for value \"false\" (type string) at path \"_id\" for model \"Car\"","timestamp":"2022-06-26T00:46:20.443Z"}
{"level":"error","message":"Cannot read properties of null (reading 'productos')","timestamp":"2022-06-26T00:56:10.638Z"}
{"level":"error","message":"Cannot read properties of null (reading 'productos')","timestamp":"2022-06-26T01:01:14.117Z"}
{"level":"error","message":"Cannot read properties of null (reading 'productos')","timestamp":"2022-06-26T01:02:22.854Z"}
{"level":"error","message":"Cannot read properties of null (reading 'productos')","timestamp":"2022-06-26T01:05:01.342Z"}
{"level":"error","message":"Cannot read properties of null (reading 'productos')","timestamp":"2022-06-26T01:09:39.473Z"}
{"level":"error","message":"Cannot read properties of null (reading 'productos')","timestamp":"2022-06-26T01:10:36.507Z"}
{"level":"error","message":"Cannot read properties of null (reading 'productos')","timestamp":"2022-06-26T01:16:02.022Z"}
{"level":"error","message":"Cannot read properties of null (reading 'productos')","timestamp":"2022-06-26T01:18:22.667Z"}
{"level":"error","message":"Cannot read properties of null (reading 'productos')","timestamp":"2022-06-26T01:18:26.086Z"}
{"level":"error","message":"Cannot read properties of null (reading 'productos')","timestamp":"2022-06-26T01:23:15.603Z"}
{"level":"error","message":"Cannot read properties of null (reading 'productos')","timestamp":"2022-06-26T01:33:34.302Z"}
{"level":"error","message":"Cannot read properties of null (reading 'productos')","timestamp":"2022-06-26T01:33:38.446Z"}
{"level":"error","message":"Cannot read properties of null (reading 'productos')","timestamp":"2022-06-26T01:34:04.015Z"}
{"level":"error","message":"Cannot read properties of null (reading 'productos')","timestamp":"2022-06-26T01:34:34.489Z"}
{"level":"error","message":"Cannot read properties of null (reading 'productos')","timestamp":"2022-06-26T01:35:08.929Z"}
{"level":"error","message":"Cannot read properties of null (reading 'productos')","timestamp":"2022-06-26T01:35:12.531Z"}
{"level":"error","message":"Cannot read properties of null (reading 'productos')","timestamp":"2022-06-26T01:35:13.763Z"}
{"level":"error","message":"Cannot read properties of null (reading 'productos')","timestamp":"2022-06-26T01:35:47.566Z"}
{"level":"error","message":"Cannot read properties of null (reading 'productos')","timestamp":"2022-06-26T01:35:48.114Z"}
{"level":"error","message":"Cannot read properties of null (reading 'productos')","timestamp":"2022-06-26T01:35:48.793Z"}
{"level":"error","message":"Cannot read properties of null (reading 'productos')","timestamp":"2022-06-26T01:36:22.508Z"}
{"level":"error","message":"Cannot read properties of null (reading 'productos')","timestamp":"2022-06-26T01:36:27.001Z"}
{"level":"error","message":"Cannot read properties of null (reading 'productos')","timestamp":"2022-06-26T01:36:28.595Z"}
{"level":"error","message":"Cannot read properties of null (reading 'productos')","timestamp":"2022-06-26T01:36:35.637Z"}
{"level":"error","message":"Cannot read properties of null (reading 'productos')","timestamp":"2022-06-26T01:36:37.315Z"}
{"level":"error","message":"Parameter \"filter\" to findOne() must be an object, got 62b7101cd1e417abc5d66ded","timestamp":"2022-06-26T01:49:01.889Z"}
{"level":"error","message":"Cannot read properties of null (reading 'productos')","timestamp":"2022-06-26T01:50:02.183Z"}
{"level":"error","message":"Cannot read properties of null (reading 'productos')","timestamp":"2022-06-26T01:50:04.770Z"}
{"level":"error","message":"Cannot read properties of null (reading 'productos')","timestamp":"2022-06-26T01:50:05.224Z"}
{"level":"error","message":"Cannot read properties of null (reading 'productos')","timestamp":"2022-06-26T01:50:06.350Z"}
{"level":"error","message":"Cast to ObjectId failed for value \"false\" (type string) at path \"_id\" for model \"Car\"","timestamp":"2022-06-26T01:50:14.649Z"}
{"level":"error","message":"Cast to ObjectId failed for value \"false\" (type string) at path \"_id\" for model \"Car\"","timestamp":"2022-06-26T01:50:15.105Z"}
{"level":"error","message":"Parameter \"filter\" to findOne() must be an object, got 62b7101cd1e417abc5d66ded","timestamp":"2022-06-26T01:50:57.068Z"}
{"level":"error","message":"Cannot read properties of null (reading 'productos')","timestamp":"2022-06-26T01:51:33.685Z"}
{"level":"error","message":"Cannot read properties of null (reading 'productos')","timestamp":"2022-06-26T01:51:35.648Z"}
{"level":"error","message":"Cannot read properties of null (reading 'productos')","timestamp":"2022-06-26T01:51:36.429Z"}
{"level":"error","message":"Cannot read properties of null (reading 'productos')","timestamp":"2022-06-26T01:51:37.512Z"}
{"level":"error","message":"Cast to ObjectId failed for value \"false\" (type string) at path \"_id\" for model \"Car\"","timestamp":"2022-06-26T01:52:17.417Z"}
{"level":"error","message":"Cast to ObjectId failed for value \"false\" (type string) at path \"_id\" for model \"Car\"","timestamp":"2022-06-26T01:52:17.852Z"}
{"level":"error","message":"response.json is not a function","timestamp":"2022-06-26T02:19:52.741Z"}
{"level":"error","message":"Cannot read properties of null (reading 'productos')","timestamp":"2022-06-26T02:21:16.254Z"}
{"level":"error","message":"Cannot read properties of null (reading 'productos')","timestamp":"2022-06-26T02:21:18.729Z"}
{"level":"error","message":"Cannot read properties of null (reading 'productos')","timestamp":"2022-06-26T02:21:19.143Z"}
{"level":"error","message":"Cannot read properties of null (reading 'productos')","timestamp":"2022-06-26T02:21:21.032Z"}
{"level":"error","message":"Cannot read properties of null (reading 'productos')","timestamp":"2022-06-26T02:21:22.691Z"}
{"level":"error","message":"Cannot read properties of null (reading 'productos')","timestamp":"2022-06-26T02:21:24.531Z"}
{"level":"error","message":"Cast to ObjectId failed for value \"false\" (type string) at path \"_id\" for model \"Car\"","timestamp":"2022-06-26T02:21:43.788Z"}
{"level":"error","message":"Cast to ObjectId failed for value \"false\" (type string) at path \"_id\" for model \"Car\"","timestamp":"2022-06-26T02:21:44.542Z"}
{"level":"error","message":"Cast to ObjectId failed for value \"false\" (type string) at path \"_id\" for model \"Car\"","timestamp":"2022-06-26T02:23:50.437Z"}
{"level":"error","message":"Cast to ObjectId failed for value \"false\" (type string) at path \"_id\" for model \"Car\"","timestamp":"2022-06-26T02:23:51.231Z"}
{"level":"error","message":"Cast to ObjectId failed for value \"false\" (type string) at path \"_id\" for model \"Car\"","timestamp":"2022-06-26T02:23:52.000Z"}
{"level":"error","message":"phone is not defined","timestamp":"2022-06-26T02:24:54.099Z"}
{"level":"error","message":"Cast to ObjectId failed for value \"false\" (type string) at path \"_id\" for model \"Car\"","timestamp":"2022-06-26T02:49:13.993Z"}
{"level":"error","message":"Cast to ObjectId failed for value \"false\" (type string) at path \"_id\" for model \"Car\"","timestamp":"2022-06-26T02:49:14.398Z"}
{"error":"404","level":"error","metodo":"GET","ruta":"/favicon.ico","timestamp":"2022-06-26T03:21:58.916Z"}
{"error":"404","level":"error","metodo":"GET","ruta":"/favicon.ico","timestamp":"2022-06-26T03:21:58.989Z"}
{"error":"404","level":"error","metodo":"GET","ruta":"/favicon.ico","timestamp":"2022-06-26T03:21:59.041Z"}
{"error":"404","level":"error","metodo":"GET","ruta":"/favicon.ico","timestamp":"2022-06-26T03:21:59.098Z"}
{"error":"404","level":"error","metodo":"GET","ruta":"/favicon.ico","timestamp":"2022-06-26T03:21:59.152Z"}
{"error":"404","level":"error","metodo":"GET","ruta":"/favicon.ico","timestamp":"2022-06-26T03:21:59.199Z"}
{"error":"404","level":"error","metodo":"GET","ruta":"/favicon.ico","timestamp":"2022-06-26T03:21:59.335Z"}
{"error":"404","level":"error","metodo":"GET","ruta":"/favicon.ico","timestamp":"2022-06-26T03:21:59.504Z"}
{"error":"404","level":"error","metodo":"GET","ruta":"/favicon.ico","timestamp":"2022-06-26T03:21:59.618Z"}
{"error":"404","level":"error","metodo":"GET","ruta":"/favicon.ico","timestamp":"2022-06-26T03:21:59.746Z"}
{"error":"404","level":"error","metodo":"GET","ruta":"/favicon.ico","timestamp":"2022-06-26T03:21:59.795Z"}
{"error":"404","level":"error","metodo":"GET","ruta":"/favicon.ico","timestamp":"2022-06-26T03:21:59.881Z"}
{"error":"404","level":"error","metodo":"GET","ruta":"/favicon.ico","timestamp":"2022-06-26T03:21:59.936Z"}
{"error":"404","level":"error","metodo":"GET","ruta":"/favicon.ico","timestamp":"2022-06-26T03:22:00.068Z"}
{"error":"404","level":"error","metodo":"GET","ruta":"/favicon.ico","timestamp":"2022-06-26T03:22:00.116Z"}
{"error":"404","level":"error","metodo":"GET","ruta":"/favicon.ico","timestamp":"2022-06-26T03:22:00.165Z"}
{"error":"404","level":"error","metodo":"GET","ruta":"/favicon.ico","timestamp":"2022-06-26T03:22:00.212Z"}
{"error":"404","level":"error","metodo":"GET","ruta":"/favicon.ico","timestamp":"2022-06-26T03:22:00.256Z"}
{"error":"404","level":"error","metodo":"GET","ruta":"/favicon.ico","timestamp":"2022-06-26T03:22:00.304Z"}
{"error":"404","level":"error","metodo":"GET","ruta":"/favicon.ico","timestamp":"2022-06-26T03:22:00.416Z"}
{"error":"404","level":"error","metodo":"GET","ruta":"/favicon.ico","timestamp":"2022-06-26T03:22:00.597Z"}
{"error":"404","level":"error","metodo":"GET","ruta":"/favicon.ico","timestamp":"2022-06-26T03:22:00.681Z"}
{"error":"404","level":"error","metodo":"GET","ruta":"/favicon.ico","timestamp":"2022-06-26T03:22:00.841Z"}
{"error":"404","level":"error","metodo":"GET","ruta":"/favicon.ico","timestamp":"2022-06-26T03:22:00.949Z"}
{"error":"404","level":"error","metodo":"GET","ruta":"/favicon.ico","timestamp":"2022-06-26T03:22:01.133Z"}
{"error":"404","level":"error","metodo":"GET","ruta":"/favicon.ico","timestamp":"2022-06-26T03:22:01.231Z"}
{"error":"404","level":"error","metodo":"GET","ruta":"/favicon.ico","timestamp":"2022-06-26T03:22:01.280Z"}
{"error":"404","level":"error","metodo":"GET","ruta":"/favicon.ico","timestamp":"2022-06-26T03:22:01.335Z"}
{"error":"404","level":"error","metodo":"GET","ruta":"/favicon.ico","timestamp":"2022-06-26T03:22:01.387Z"}
{"error":"404","level":"error","metodo":"GET","ruta":"/favicon.ico","timestamp":"2022-06-26T03:22:01.504Z"}
{"error":"404","level":"error","metodo":"GET","ruta":"/favicon.ico","timestamp":"2022-06-26T03:22:01.782Z"}
{"error":"404","level":"error","metodo":"GET","ruta":"/favicon.ico","timestamp":"2022-06-26T03:22:01.984Z"}
{"error":"404","level":"error","metodo":"GET","ruta":"/favicon.ico","timestamp":"2022-06-26T03:22:02.060Z"}
{"error":"404","level":"error","metodo":"GET","ruta":"/favicon.ico","timestamp":"2022-06-26T03:22:02.202Z"}
{"error":"404","level":"error","metodo":"GET","ruta":"/favicon.ico","timestamp":"2022-06-26T03:22:02.285Z"}
{"error":"404","level":"error","metodo":"GET","ruta":"/favicon.ico","timestamp":"2022-06-26T03:22:02.421Z"}
{"error":"404","level":"error","metodo":"GET","ruta":"/favicon.ico","timestamp":"2022-06-26T03:22:02.523Z"}
{"error":"404","level":"error","metodo":"GET","ruta":"/favicon.ico","timestamp":"2022-06-26T03:22:02.631Z"}
{"error":"404","level":"error","metodo":"GET","ruta":"/favicon.ico","timestamp":"2022-06-26T03:22:02.800Z"}
{"error":"404","level":"error","metodo":"GET","ruta":"/favicon.ico","timestamp":"2022-06-26T03:22:03.098Z"}
{"error":"404","level":"error","metodo":"GET","ruta":"/favicon.ico","timestamp":"2022-06-26T03:22:03.183Z"}
{"error":"404","level":"error","metodo":"GET","ruta":"/favicon.ico","timestamp":"2022-06-26T03:22:03.248Z"}
{"error":"404","level":"error","metodo":"GET","ruta":"/favicon.ico","timestamp":"2022-06-26T03:22:03.303Z"}
{"error":"404","level":"error","metodo":"GET","ruta":"/favicon.ico","timestamp":"2022-06-26T03:22:03.379Z"}
{"error":"404","level":"error","metodo":"GET","ruta":"/favicon.ico","timestamp":"2022-06-26T03:22:03.475Z"}
{"error":"404","level":"error","metodo":"GET","ruta":"/favicon.ico","timestamp":"2022-06-26T03:22:03.597Z"}
{"error":"404","level":"error","metodo":"GET","ruta":"/favicon.ico","timestamp":"2022-06-26T03:22:03.650Z"}
{"error":"404","level":"error","metodo":"GET","ruta":"/favicon.ico","timestamp":"2022-06-26T03:22:03.701Z"}
{"error":"404","level":"error","metodo":"GET","ruta":"/favicon.ico","timestamp":"2022-06-26T03:22:03.748Z"}
{"error":"404","level":"error","metodo":"GET","ruta":"/favicon.ico","timestamp":"2022-06-26T03:22:03.814Z"}
{"error":"404","level":"error","metodo":"GET","ruta":"/favicon.ico","timestamp":"2022-06-26T03:22:03.933Z"}
{"error":"404","level":"error","metodo":"GET","ruta":"/favicon.ico","timestamp":"2022-06-26T03:22:03.980Z"}
{"error":"404","level":"error","metodo":"GET","ruta":"/favicon.ico","timestamp":"2022-06-26T03:22:04.029Z"}
{"error":"404","level":"error","metodo":"GET","ruta":"/favicon.ico","timestamp":"2022-06-26T03:22:04.072Z"}
{"error":"404","level":"error","metodo":"GET","ruta":"/favicon.ico","timestamp":"2022-06-26T03:22:04.126Z"}
{"error":"404","level":"error","metodo":"GET","ruta":"/favicon.ico","timestamp":"2022-06-26T03:22:04.349Z"}
{"error":"404","level":"error","metodo":"GET","ruta":"/favicon.ico","timestamp":"2022-06-26T03:22:04.400Z"}
{"error":"404","level":"error","metodo":"GET","ruta":"/favicon.ico","timestamp":"2022-06-26T03:22:04.446Z"}
{"error":"404","level":"error","metodo":"GET","ruta":"/favicon.ico","timestamp":"2022-06-26T03:22:04.493Z"}
{"error":"404","level":"error","metodo":"GET","ruta":"/favicon.ico","timestamp":"2022-06-26T03:22:46.448Z"}
{"error":"404","level":"error","metodo":"GET","ruta":"/favicon.ico","timestamp":"2022-06-26T03:22:49.433Z"}
{"error":"404","level":"error","metodo":"GET","ruta":"/favicon.ico","timestamp":"2022-06-26T03:22:51.719Z"}
{"error":"404","level":"error","metodo":"GET","ruta":"/favicon.ico","timestamp":"2022-06-26T03:22:53.960Z"}
{"error":"404","level":"error","metodo":"GET","ruta":"/assets/js/bootstrap.bundle.min.js.map","timestamp":"2022-06-26T03:23:01.444Z"}
{"error":"404","level":"error","metodo":"GET","ruta":"/assets/js/bootstrap.bundle.min.js.map","timestamp":"2022-06-26T03:23:14.756Z"}
{"error":"404","level":"error","metodo":"GET","ruta":"/favicon.ico","timestamp":"2022-06-26T03:23:14.790Z"}
{"error":"404","level":"error","metodo":"GET","ruta":"/assets/js/bootstrap.bundle.min.js.map","timestamp":"2022-06-26T03:23:18.728Z"}
{"error":"404","level":"error","metodo":"GET","ruta":"/favicon.ico","timestamp":"2022-06-26T03:23:18.781Z"}
{"error":"404","level":"error","metodo":"GET","ruta":"/assets/js/bootstrap.bundle.min.js.map","timestamp":"2022-06-26T03:23:26.810Z"}
{"error":"404","level":"error","metodo":"GET","ruta":"/assets/js/bootstrap.bundle.min.js.map","timestamp":"2022-06-26T03:23:26.989Z"}
{"error":"404","level":"error","metodo":"GET","ruta":"/favicon.ico","timestamp":"2022-06-26T03:23:27.038Z"}
{"level":"error","message":"Cast to ObjectId failed for value \"false\" (type string) at path \"_id\" for model \"Car\"","timestamp":"2022-06-26T03:23:32.722Z"}
{"level":"error","message":"Cast to ObjectId failed for value \"false\" (type string) at path \"_id\" for model \"Car\"","timestamp":"2022-06-26T03:23:33.313Z"}
{"level":"error","message":"Cast to ObjectId failed for value \"false\" (type string) at path \"_id\" for model \"Car\"","timestamp":"2022-06-26T03:23:33.920Z"}
{"error":"404","level":"error","metodo":"GET","ruta":"/assets/js/bootstrap.bundle.min.js.map","timestamp":"2022-06-26T03:23:44.590Z"}
{"error":"404","level":"error","metodo":"GET","ruta":"/favicon.ico","timestamp":"2022-06-26T03:23:44.626Z"}
{"error":"404","level":"error","metodo":"GET","ruta":"/assets/js/bootstrap.bundle.min.js.map","timestamp":"2022-06-26T03:23:46.535Z"}
{"error":"404","level":"error","metodo":"GET","ruta":"/favicon.ico","timestamp":"2022-06-26T03:23:46.562Z"}
{"error":"404","level":"error","metodo":"GET","ruta":"/assets/js/bootstrap.bundle.min.js.map","timestamp":"2022-06-26T03:23:48.560Z"}
{"error":"404","level":"error","metodo":"GET","ruta":"/favicon.ico","timestamp":"2022-06-26T03:23:48.601Z"}
{"error":"404","level":"error","metodo":"GET","ruta":"/assets/js/bootstrap.bundle.min.js.map","timestamp":"2022-06-26T03:25:03.187Z"}
{"error":"404","level":"error","metodo":"GET","ruta":"/favicon.ico","timestamp":"2022-06-26T03:25:03.279Z"}
{"error":"404","level":"error","metodo":"GET","ruta":"/assets/js/bootstrap.bundle.min.js.map","timestamp":"2022-06-26T03:25:07.109Z"}
{"error":"404","level":"error","metodo":"GET","ruta":"/assets/js/bootstrap.bundle.min.js.map","timestamp":"2022-06-26T03:25:07.259Z"}
{"error":"404","level":"error","metodo":"GET","ruta":"/favicon.ico","timestamp":"2022-06-26T03:25:07.299Z"}
{"error":"404","level":"error","metodo":"GET","ruta":"/assets/js/bootstrap.bundle.min.js.map","timestamp":"2022-06-26T03:25:07.808Z"}
{"error":"404","level":"error","metodo":"GET","ruta":"/favicon.ico","timestamp":"2022-06-26T03:25:07.833Z"}
{"error":"404","level":"error","metodo":"GET","ruta":"/assets/js/bootstrap.bundle.min.js.map","timestamp":"2022-06-26T03:25:16.893Z"}
{"error":"404","level":"error","metodo":"GET","ruta":"/favicon.ico","timestamp":"2022-06-26T03:25:16.921Z"}
{"level":"error","message":"The 'To' number +11234567890 is not a valid phone number.","timestamp":"2022-06-26T03:25:22.980Z"}
{"error":"404","level":"error","metodo":"GET","ruta":"/assets/js/bootstrap.bundle.min.js.map","timestamp":"2022-06-26T03:25:23.261Z"}
{"error":"404","level":"error","metodo":"GET","ruta":"/favicon.ico","timestamp":"2022-06-26T03:25:23.282Z"}
{"error":"404","level":"error","metodo":"GET","ruta":"/assets/js/bootstrap.bundle.min.js.map","timestamp":"2022-06-26T03:25:23.699Z"}
{"error":"404","level":"error","metodo":"GET","ruta":"/favicon.ico","timestamp":"2022-06-26T03:25:23.730Z"}
{"error":"404","level":"error","metodo":"GET","ruta":"/assets/js/bootstrap.bundle.min.js.map","timestamp":"2022-06-26T03:25:24.769Z"}
{"error":"404","level":"error","metodo":"GET","ruta":"/favicon.ico","timestamp":"2022-06-26T03:25:24.806Z"}
{"error":"404","level":"error","metodo":"GET","ruta":"/assets/js/bootstrap.bundle.min.js.map","timestamp":"2022-06-26T03:25:31.012Z"}
{"error":"404","level":"error","metodo":"GET","ruta":"/assets/js/bootstrap.bundle.min.js.map","timestamp":"2022-06-26T03:25:31.176Z"}
{"error":"404","level":"error","metodo":"GET","ruta":"/favicon.ico","timestamp":"2022-06-26T03:25:31.204Z"}
{"error":"404","level":"error","metodo":"GET","ruta":"/assets/js/bootstrap.bundle.min.js.map","timestamp":"2022-06-26T03:25:31.591Z"}
{"error":"404","level":"error","metodo":"GET","ruta":"/favicon.ico","timestamp":"2022-06-26T03:25:31.619Z"}
{"error":"404","level":"error","metodo":"GET","ruta":"/assets/js/bootstrap.bundle.min.js.map","timestamp":"2022-06-26T03:25:40.379Z"}
{"error":"404","level":"error","metodo":"GET","ruta":"/favicon.ico","timestamp":"2022-06-26T03:25:40.400Z"}
{"error":"404","level":"error","metodo":"GET","ruta":"/assets/js/bootstrap.bundle.min.js.map","timestamp":"2022-06-26T03:25:47.294Z"}
{"error":"404","level":"error","metodo":"GET","ruta":"/favicon.ico","timestamp":"2022-06-26T03:25:47.310Z"}
{"error":"404","level":"error","metodo":"GET","ruta":"/assets/js/bootstrap.bundle.min.js.map","timestamp":"2022-06-26T03:25:49.153Z"}
{"error":"404","level":"error","metodo":"GET","ruta":"/favicon.ico","timestamp":"2022-06-26T03:25:49.181Z"}
{"error":"404","level":"error","metodo":"GET","ruta":"/favicon.ico","timestamp":"2022-06-26T03:34:10.332Z"}
{"error":"404","level":"error","metodo":"GET","ruta":"/favicon.ico","timestamp":"2022-06-26T03:34:17.553Z"}
{"error":"404","level":"error","metodo":"GET","ruta":"/favicon.ico","timestamp":"2022-06-26T03:34:41.520Z"}
{"error":"404","level":"error","metodo":"GET","ruta":"/favicon.ico","timestamp":"2022-06-26T03:35:03.594Z"}
{"error":"404","level":"error","metodo":"GET","ruta":"/favicon.ico","timestamp":"2022-06-26T03:35:04.752Z"}
{"error":"404","level":"error","metodo":"GET","ruta":"/favicon.ico","timestamp":"2022-06-26T03:35:06.115Z"}
{"error":"404","level":"error","metodo":"GET","ruta":"/favicon.ico","timestamp":"2022-06-26T03:35:06.171Z"}
{"error":"404","level":"error","metodo":"GET","ruta":"/favicon.ico","timestamp":"2022-06-26T03:35:06.229Z"}
{"error":"404","level":"error","metodo":"GET","ruta":"/favicon.ico","timestamp":"2022-06-26T03:35:06.307Z"}
{"error":"404","level":"error","metodo":"GET","ruta":"/favicon.ico","timestamp":"2022-06-26T03:35:06.624Z"}
{"error":"404","level":"error","metodo":"GET","ruta":"/favicon.ico","timestamp":"2022-06-26T03:35:06.700Z"}
{"error":"404","level":"error","metodo":"GET","ruta":"/favicon.ico","timestamp":"2022-06-26T03:35:06.800Z"}
{"error":"404","level":"error","metodo":"GET","ruta":"/favicon.ico","timestamp":"2022-06-26T03:35:06.914Z"}
{"error":"404","level":"error","metodo":"GET","ruta":"/favicon.ico","timestamp":"2022-06-26T03:35:06.964Z"}
{"error":"404","level":"error","metodo":"GET","ruta":"/favicon.ico","timestamp":"2022-06-26T03:35:07.112Z"}
{"error":"404","level":"error","metodo":"GET","ruta":"/favicon.ico","timestamp":"2022-06-26T03:35:07.165Z"}
{"error":"404","level":"error","metodo":"GET","ruta":"/favicon.ico","timestamp":"2022-06-26T03:35:07.264Z"}
{"error":"404","level":"error","metodo":"GET","ruta":"/favicon.ico","timestamp":"2022-06-26T03:35:07.365Z"}
{"error":"404","level":"error","metodo":"GET","ruta":"/favicon.ico","timestamp":"2022-06-26T03:35:07.426Z"}
{"error":"404","level":"error","metodo":"GET","ruta":"/favicon.ico","timestamp":"2022-06-26T03:35:07.497Z"}
{"error":"404","level":"error","metodo":"GET","ruta":"/favicon.ico","timestamp":"2022-06-26T03:35:07.590Z"}
{"error":"404","level":"error","metodo":"GET","ruta":"/favicon.ico","timestamp":"2022-06-26T03:35:07.661Z"}
{"error":"404","level":"error","metodo":"GET","ruta":"/favicon.ico","timestamp":"2022-06-26T03:35:07.762Z"}
{"error":"404","level":"error","metodo":"GET","ruta":"/favicon.ico","timestamp":"2022-06-26T03:35:07.821Z"}
{"error":"404","level":"error","metodo":"GET","ruta":"/favicon.ico","timestamp":"2022-06-26T03:35:07.873Z"}
{"error":"404","level":"error","metodo":"GET","ruta":"/favicon.ico","timestamp":"2022-06-26T03:35:07.921Z"}
{"error":"404","level":"error","metodo":"GET","ruta":"/favicon.ico","timestamp":"2022-06-26T03:35:07.979Z"}
{"error":"404","level":"error","metodo":"GET","ruta":"/favicon.ico","timestamp":"2022-06-26T03:35:08.034Z"}
{"error":"404","level":"error","metodo":"GET","ruta":"/favicon.ico","timestamp":"2022-06-26T03:35:08.178Z"}
{"error":"404","level":"error","metodo":"GET","ruta":"/favicon.ico","timestamp":"2022-06-26T03:35:08.227Z"}
{"error":"404","level":"error","metodo":"GET","ruta":"/favicon.ico","timestamp":"2022-06-26T03:35:08.273Z"}
{"error":"404","level":"error","metodo":"GET","ruta":"/favicon.ico","timestamp":"2022-06-26T03:35:08.325Z"}
{"error":"404","level":"error","metodo":"GET","ruta":"/favicon.ico","timestamp":"2022-06-26T03:35:08.376Z"}
{"error":"404","level":"error","metodo":"GET","ruta":"/favicon.ico","timestamp":"2022-06-26T03:35:08.425Z"}
{"error":"404","level":"error","metodo":"GET","ruta":"/favicon.ico","timestamp":"2022-06-26T03:35:08.472Z"}
{"error":"404","level":"error","metodo":"GET","ruta":"/favicon.ico","timestamp":"2022-06-26T03:35:08.547Z"}
{"error":"404","level":"error","metodo":"GET","ruta":"/favicon.ico","timestamp":"2022-06-26T03:35:08.599Z"}
{"error":"404","level":"error","metodo":"GET","ruta":"/favicon.ico","timestamp":"2022-06-26T03:35:08.952Z"}
{"error":"404","level":"error","metodo":"GET","ruta":"/favicon.ico","timestamp":"2022-06-26T03:35:27.679Z"}
{"error":"404","level":"error","metodo":"GET","ruta":"/favicon.ico","timestamp":"2022-06-26T03:38:08.047Z"}
{"error":"404","level":"error","metodo":"GET","ruta":"/favicon.ico","timestamp":"2022-06-26T03:38:18.614Z"}
{"error":"404","level":"error","metodo":"GET","ruta":"/favicon.ico","timestamp":"2022-06-26T03:38:24.130Z"}
{"error":"404","level":"error","metodo":"GET","ruta":"/favicon.ico","timestamp":"2022-06-26T03:38:24.159Z"}
{"error":"404","level":"error","metodo":"GET","ruta":"/favicon.ico","timestamp":"2022-06-26T03:38:37.858Z"}
{"error":"404","level":"error","metodo":"GET","ruta":"/favicon.ico","timestamp":"2022-06-26T03:44:34.622Z"}
{"error":"404","level":"error","metodo":"GET","ruta":"/favicon.ico","timestamp":"2022-06-26T03:44:35.659Z"}
{"error":"404","level":"error","metodo":"GET","ruta":"/favicon.ico","timestamp":"2022-06-26T03:44:37.984Z"}
{"error":"404","level":"error","metodo":"GET","ruta":"/favicon.ico","timestamp":"2022-06-26T03:44:38.122Z"}
{"error":"404","level":"error","metodo":"GET","ruta":"/favicon.ico","timestamp":"2022-06-26T03:44:41.974Z"}
{"error":"404","level":"error","metodo":"GET","ruta":"/favicon.ico","timestamp":"2022-06-26T03:44:56.556Z"}
{"error":"404","level":"error","metodo":"GET","ruta":"/favicon.ico","timestamp":"2022-06-26T03:45:05.846Z"}
{"error":"404","level":"error","metodo":"GET","ruta":"/assets/js/bootstrap.bundle.min.js.map","timestamp":"2022-06-26T03:45:11.820Z"}
{"error":"404","level":"error","metodo":"GET","ruta":"/favicon.ico","timestamp":"2022-06-26T03:45:22.131Z"}
{"error":"404","level":"error","metodo":"GET","ruta":"/favicon.ico","timestamp":"2022-06-26T03:46:48.482Z"}
{"error":"404","level":"error","metodo":"GET","ruta":"/favicon.ico","timestamp":"2022-06-26T03:46:51.696Z"}
{"error":"404","level":"error","metodo":"GET","ruta":"/favicon.ico","timestamp":"2022-06-26T03:46:54.311Z"}
{"error":"404","level":"error","metodo":"GET","ruta":"/assets/js/bootstrap.bundle.min.js.map","timestamp":"2022-06-26T03:47:01.766Z"}
{"error":"404","level":"error","metodo":"GET","ruta":"/assets/js/bootstrap.bundle.min.js.map","timestamp":"2022-06-26T03:47:16.557Z"}
{"error":"404","level":"error","metodo":"GET","ruta":"/favicon.ico","timestamp":"2022-06-26T03:47:16.594Z"}
{"error":"404","level":"error","metodo":"GET","ruta":"/assets/js/bootstrap.bundle.min.js.map","timestamp":"2022-06-26T03:47:35.268Z"}
{"error":"404","level":"error","metodo":"GET","ruta":"/favicon.ico","timestamp":"2022-06-26T03:47:35.314Z"}
{"error":"404","level":"error","metodo":"GET","ruta":"/assets/js/bootstrap.bundle.min.js.map","timestamp":"2022-06-26T03:47:46.718Z"}
{"error":"404","level":"error","metodo":"GET","ruta":"/favicon.ico","timestamp":"2022-06-26T03:47:46.754Z"}
{"error":"404","level":"error","metodo":"GET","ruta":"/assets/js/bootstrap.bundle.min.js.map","timestamp":"2022-06-26T03:51:11.416Z"}
{"error":"404","level":"error","metodo":"GET","ruta":"/favicon.ico","timestamp":"2022-06-26T03:51:11.468Z"}
{"error":"404","level":"error","metodo":"GET","ruta":"/assets/js/bootstrap.bundle.min.js.map","timestamp":"2022-06-26T03:51:14.720Z"}
{"error":"404","level":"error","metodo":"GET","ruta":"/favicon.ico","timestamp":"2022-06-26T03:51:14.761Z"}
{"error":"404","level":"error","metodo":"GET","ruta":"/assets/js/bootstrap.bundle.min.js.map","timestamp":"2022-06-26T03:51:16.984Z"}
{"error":"404","level":"error","metodo":"GET","ruta":"/assets/js/bootstrap.bundle.min.js.map","timestamp":"2022-06-26T03:51:17.131Z"}
{"error":"404","level":"error","metodo":"GET","ruta":"/favicon.ico","timestamp":"2022-06-26T03:51:17.629Z"}
{"error":"404","level":"error","metodo":"GET","ruta":"/assets/js/bootstrap.bundle.min.js.map","timestamp":"2022-06-26T03:51:17.631Z"}
{"error":"404","level":"error","metodo":"GET","ruta":"/favicon.ico","timestamp":"2022-06-26T03:51:17.653Z"}
{"error":"404","level":"error","metodo":"GET","ruta":"/assets/js/bootstrap.bundle.min.js.map","timestamp":"2022-06-26T03:51:21.286Z"}
{"error":"404","level":"error","metodo":"GET","ruta":"/favicon.ico","timestamp":"2022-06-26T03:51:21.320Z"}
{"error":"404","level":"error","metodo":"GET","ruta":"/assets/js/bootstrap.bundle.min.js.map","timestamp":"2022-06-26T03:51:42.043Z"}
{"error":"404","level":"error","metodo":"GET","ruta":"/favicon.ico","timestamp":"2022-06-26T03:51:42.075Z"}
{"error":"404","level":"error","metodo":"GET","ruta":"/assets/js/bootstrap.bundle.min.js.map","timestamp":"2022-06-26T03:51:43.663Z"}
{"error":"404","level":"error","metodo":"GET","ruta":"/assets/js/bootstrap.bundle.min.js.map","timestamp":"2022-06-26T03:51:43.809Z"}
{"error":"404","level":"error","metodo":"GET","ruta":"/favicon.ico","timestamp":"2022-06-26T03:51:43.853Z"}
{"error":"404","level":"error","metodo":"GET","ruta":"/assets/js/bootstrap.bundle.min.js.map","timestamp":"2022-06-26T03:51:47.477Z"}
{"error":"404","level":"error","metodo":"GET","ruta":"/favicon.ico","timestamp":"2022-06-26T03:51:47.498Z"}
{"error":"404","level":"error","metodo":"GET","ruta":"/assets/js/bootstrap.bundle.min.js.map","timestamp":"2022-06-26T03:53:28.861Z"}
{"error":"404","level":"error","metodo":"GET","ruta":"/favicon.ico","timestamp":"2022-06-26T03:53:28.925Z"}
{"error":"404","level":"error","metodo":"GET","ruta":"/assets/js/bootstrap.bundle.min.js.map","timestamp":"2022-06-26T03:53:29.559Z"}
{"error":"404","level":"error","metodo":"GET","ruta":"/favicon.ico","timestamp":"2022-06-26T03:53:29.614Z"}
{"error":"404","level":"error","metodo":"GET","ruta":"/assets/js/bootstrap.bundle.min.js.map","timestamp":"2022-06-26T03:53:30.948Z"}
{"error":"404","level":"error","metodo":"GET","ruta":"/assets/js/bootstrap.bundle.min.js.map","timestamp":"2022-06-26T03:53:31.119Z"}
{"error":"404","level":"error","metodo":"GET","ruta":"/favicon.ico","timestamp":"2022-06-26T03:53:31.164Z"}
{"error":"404","level":"error","metodo":"GET","ruta":"/assets/js/bootstrap.bundle.min.js.map","timestamp":"2022-06-26T03:53:31.828Z"}
{"error":"404","level":"error","metodo":"GET","ruta":"/favicon.ico","timestamp":"2022-06-26T03:53:31.884Z"}
{"error":"404","level":"error","metodo":"GET","ruta":"/favicon.ico","timestamp":"2022-06-26T03:53:35.091Z"}
{"error":"404","level":"error","metodo":"GET","ruta":"/assets/js/bootstrap.bundle.min.js.map","timestamp":"2022-06-26T03:53:35.094Z"}
{"error":"404","level":"error","metodo":"GET","ruta":"/assets/js/bootstrap.bundle.min.js.map","timestamp":"2022-06-26T03:53:54.760Z"}
{"error":"404","level":"error","metodo":"GET","ruta":"/favicon.ico","timestamp":"2022-06-26T03:53:54.792Z"}
{"error":"404","level":"error","metodo":"GET","ruta":"/assets/js/bootstrap.bundle.min.js.map","timestamp":"2022-06-26T03:53:56.462Z"}
{"error":"404","level":"error","metodo":"GET","ruta":"/favicon.ico","timestamp":"2022-06-26T03:53:56.513Z"}
{"error":"404","level":"error","metodo":"GET","ruta":"/assets/js/bootstrap.bundle.min.js.map","timestamp":"2022-06-26T03:53:57.899Z"}
{"error":"404","level":"error","metodo":"GET","ruta":"/assets/js/bootstrap.bundle.min.js.map","timestamp":"2022-06-26T03:53:58.056Z"}
{"error":"404","level":"error","metodo":"GET","ruta":"/favicon.ico","timestamp":"2022-06-26T03:53:58.092Z"}
{"error":"404","level":"error","metodo":"GET","ruta":"/assets/js/bootstrap.bundle.min.js.map","timestamp":"2022-06-26T03:53:58.440Z"}
{"error":"404","level":"error","metodo":"GET","ruta":"/favicon.ico","timestamp":"2022-06-26T03:53:58.477Z"}
{"error":"404","level":"error","metodo":"GET","ruta":"/assets/js/bootstrap.bundle.min.js.map","timestamp":"2022-06-26T03:54:01.734Z"}
{"error":"404","level":"error","metodo":"GET","ruta":"/favicon.ico","timestamp":"2022-06-26T03:54:01.760Z"}
{"error":"404","level":"error","metodo":"GET","ruta":"/assets/js/bootstrap.bundle.min.js.map","timestamp":"2022-06-26T03:54:38.223Z"}
{"error":"404","level":"error","metodo":"GET","ruta":"/favicon.ico","timestamp":"2022-06-26T03:54:38.271Z"}
{"error":"404","level":"error","metodo":"GET","ruta":"/assets/js/bootstrap.bundle.min.js.map","timestamp":"2022-06-26T03:54:39.793Z"}
{"error":"404","level":"error","metodo":"GET","ruta":"/favicon.ico","timestamp":"2022-06-26T03:54:39.834Z"}
{"error":"404","level":"error","metodo":"GET","ruta":"/assets/js/bootstrap.bundle.min.js.map","timestamp":"2022-06-26T03:54:41.377Z"}
{"error":"404","level":"error","metodo":"GET","ruta":"/assets/js/bootstrap.bundle.min.js.map","timestamp":"2022-06-26T03:54:41.531Z"}
{"error":"404","level":"error","metodo":"GET","ruta":"/favicon.ico","timestamp":"2022-06-26T03:54:41.559Z"}
{"error":"404","level":"error","metodo":"GET","ruta":"/assets/js/bootstrap.bundle.min.js.map","timestamp":"2022-06-26T03:54:42.158Z"}
{"error":"404","level":"error","metodo":"GET","ruta":"/favicon.ico","timestamp":"2022-06-26T03:54:42.204Z"}
{"error":"404","level":"error","metodo":"GET","ruta":"/assets/js/bootstrap.bundle.min.js.map","timestamp":"2022-06-26T03:54:45.961Z"}
{"error":"404","level":"error","metodo":"GET","ruta":"/favicon.ico","timestamp":"2022-06-26T03:54:46.169Z"}
{"error":"404","level":"error","metodo":"GET","ruta":"/assets/js/bootstrap.bundle.min.js.map","timestamp":"2022-06-26T03:54:54.306Z"}
{"error":"404","level":"error","metodo":"GET","ruta":"/favicon.ico","timestamp":"2022-06-26T03:54:54.331Z"}
{"error":"404","level":"error","metodo":"GET","ruta":"/assets/js/bootstrap.bundle.min.js.map","timestamp":"2022-06-26T03:55:02.382Z"}
{"error":"404","level":"error","metodo":"GET","ruta":"/favicon.ico","timestamp":"2022-06-26T03:55:02.408Z"}
{"error":"404","level":"error","metodo":"GET","ruta":"/assets/js/bootstrap.bundle.min.js.map","timestamp":"2022-06-26T03:58:43.113Z"}
{"error":"404","level":"error","metodo":"GET","ruta":"/favicon.ico","timestamp":"2022-06-26T03:58:43.214Z"}
{"error":"404","level":"error","metodo":"GET","ruta":"/assets/js/bootstrap.bundle.min.js.map","timestamp":"2022-06-26T03:58:44.479Z"}
{"error":"404","level":"error","metodo":"GET","ruta":"/favicon.ico","timestamp":"2022-06-26T03:58:44.535Z"}
{"error":"404","level":"error","metodo":"GET","ruta":"/assets/js/bootstrap.bundle.min.js.map","timestamp":"2022-06-26T03:58:46.031Z"}
{"error":"404","level":"error","metodo":"GET","ruta":"/favicon.ico","timestamp":"2022-06-26T03:58:46.230Z"}
{"error":"404","level":"error","metodo":"GET","ruta":"/assets/js/bootstrap.bundle.min.js.map","timestamp":"2022-06-26T03:58:46.668Z"}
{"error":"404","level":"error","metodo":"GET","ruta":"/assets/js/bootstrap.bundle.min.js.map","timestamp":"2022-06-26T03:58:46.779Z"}
{"error":"404","level":"error","metodo":"GET","ruta":"/favicon.ico","timestamp":"2022-06-26T03:58:46.800Z"}
{"error":"404","level":"error","metodo":"GET","ruta":"/assets/js/bootstrap.bundle.min.js.map","timestamp":"2022-06-26T03:58:50.631Z"}
{"error":"404","level":"error","metodo":"GET","ruta":"/favicon.ico","timestamp":"2022-06-26T03:58:50.652Z"}
{"error":"404","level":"error","metodo":"GET","ruta":"/favicon.ico","timestamp":"2022-06-26T03:58:53.138Z"}
{"error":"404","level":"error","metodo":"GET","ruta":"/favicon.ico","timestamp":"2022-06-26T04:03:29.375Z"}
{"error":"404","level":"error","metodo":"GET","ruta":"/favicon.ico","timestamp":"2022-06-26T04:03:30.272Z"}
{"error":"404","level":"error","metodo":"GET","ruta":"/favicon.ico","timestamp":"2022-06-26T04:03:32.767Z"}
{"error":"404","level":"error","metodo":"GET","ruta":"/favicon.ico","timestamp":"2022-06-26T04:03:32.845Z"}
{"error":"404","level":"error","metodo":"GET","ruta":"/favicon.ico","timestamp":"2022-06-26T04:03:35.629Z"}
{"error":"404","level":"error","metodo":"GET","ruta":"/favicon.ico","timestamp":"2022-06-26T04:03:44.519Z"}
{"error":"404","level":"error","metodo":"GET","ruta":"/favicon.ico","timestamp":"2022-06-26T04:10:49.501Z"}
{"error":"404","level":"error","metodo":"GET","ruta":"/favicon.ico","timestamp":"2022-06-26T04:10:51.626Z"}
{"error":"404","level":"error","metodo":"GET","ruta":"/favicon.ico","timestamp":"2022-06-26T04:10:52.991Z"}
{"error":"404","level":"error","metodo":"GET","ruta":"/favicon.ico","timestamp":"2022-06-26T04:10:55.040Z"}
{"error":"404","level":"error","metodo":"GET","ruta":"/favicon.ico","timestamp":"2022-06-26T04:10:55.072Z"}
{"error":"404","level":"error","metodo":"GET","ruta":"/favicon.ico","timestamp":"2022-06-26T04:10:58.104Z"}
{"error":"404","level":"error","metodo":"GET","ruta":"/favicon.ico","timestamp":"2022-06-26T04:11:05.197Z"}
{"error":"404","level":"error","metodo":"GET","ruta":"/favicon.ico","timestamp":"2022-06-26T04:12:06.407Z"}
{"error":"404","level":"error","metodo":"GET","ruta":"/favicon.ico","timestamp":"2022-06-26T04:12:08.396Z"}
{"error":"404","level":"error","metodo":"GET","ruta":"/favicon.ico","timestamp":"2022-06-26T04:12:10.416Z"}
{"error":"404","level":"error","metodo":"GET","ruta":"/favicon.ico","timestamp":"2022-06-26T04:12:10.436Z"}
{"error":"404","level":"error","metodo":"GET","ruta":"/favicon.ico","timestamp":"2022-06-26T04:12:20.464Z"}
{"error":"404","level":"error","metodo":"GET","ruta":"/favicon.ico","timestamp":"2022-06-26T04:12:25.899Z"}
{"error":"404","level":"error","metodo":"GET","ruta":"/favicon.ico","timestamp":"2022-06-26T04:12:31.337Z"}
{"error":"404","level":"error","metodo":"GET","ruta":"/favicon.ico","timestamp":"2022-06-26T04:14:51.337Z"}
{"error":"404","level":"error","metodo":"GET","ruta":"/favicon.ico","timestamp":"2022-06-26T04:15:39.402Z"}
{"error":"404","level":"error","metodo":"GET","ruta":"/favicon.ico","timestamp":"2022-06-26T04:15:40.530Z"}
{"error":"404","level":"error","metodo":"GET","ruta":"/favicon.ico","timestamp":"2022-06-26T04:15:42.536Z"}
{"error":"404","level":"error","metodo":"GET","ruta":"/favicon.ico","timestamp":"2022-06-26T04:15:42.609Z"}
{"error":"404","level":"error","metodo":"GET","ruta":"/favicon.ico","timestamp":"2022-06-26T04:15:45.775Z"}
{"error":"404","level":"error","metodo":"GET","ruta":"/favicon.ico","timestamp":"2022-06-26T04:16:34.040Z"}
{"error":"404","level":"error","metodo":"GET","ruta":"/favicon.ico","timestamp":"2022-06-26T04:16:35.336Z"}
{"error":"404","level":"error","metodo":"GET","ruta":"/favicon.ico","timestamp":"2022-06-26T04:16:36.987Z"}
{"error":"404","level":"error","metodo":"GET","ruta":"/favicon.ico","timestamp":"2022-06-26T04:16:38.838Z"}
{"error":"404","level":"error","metodo":"GET","ruta":"/favicon.ico","timestamp":"2022-06-26T04:16:38.880Z"}
{"error":"404","level":"error","metodo":"GET","ruta":"/favicon.ico","timestamp":"2022-06-26T04:16:41.644Z"}
{"error":"404","level":"error","metodo":"GET","ruta":"/favicon.ico","timestamp":"2022-06-26T04:18:21.745Z"}
{"error":"404","level":"error","metodo":"GET","ruta":"/favicon.ico","timestamp":"2022-06-26T04:26:51.487Z"}
{"error":"404","level":"error","metodo":"GET","ruta":"/favicon.ico","timestamp":"2022-06-26T04:26:53.820Z"}
{"error":"404","level":"error","metodo":"GET","ruta":"/favicon.ico","timestamp":"2022-06-26T04:26:53.929Z"}
{"error":"404","level":"error","metodo":"GET","ruta":"/favicon.ico","timestamp":"2022-06-26T04:26:57.035Z"}
{"error":"404","level":"error","metodo":"GET","ruta":"/favicon.ico","timestamp":"2022-06-26T04:27:00.214Z"}
{"error":"404","level":"error","metodo":"GET","ruta":"/favicon.ico","timestamp":"2022-06-26T04:27:05.170Z"}
{"error":"404","level":"error","metodo":"GET","ruta":"/favicon.ico","timestamp":"2022-06-26T04:27:36.905Z"}
{"error":"404","level":"error","metodo":"GET","ruta":"/favicon.ico","timestamp":"2022-06-26T04:27:38.820Z"}
{"error":"404","level":"error","metodo":"GET","ruta":"/favicon.ico","timestamp":"2022-06-26T04:27:38.928Z"}
{"error":"404","level":"error","metodo":"GET","ruta":"/favicon.ico","timestamp":"2022-06-26T04:27:41.227Z"}
{"error":"404","level":"error","metodo":"GET","ruta":"/favicon.ico","timestamp":"2022-06-26T04:27:44.365Z"}
{"error":"404","level":"error","metodo":"GET","ruta":"/assets/js/bootstrap.bundle.min.js.map","timestamp":"2022-06-26T04:29:32.769Z"}
{"error":"404","level":"error","metodo":"GET","ruta":"/favicon.ico","timestamp":"2022-06-26T04:29:32.776Z"}
{"error":"404","level":"error","metodo":"GET","ruta":"/assets/js/bootstrap.bundle.min.js.map","timestamp":"2022-06-26T04:29:34.256Z"}
{"error":"404","level":"error","metodo":"GET","ruta":"/favicon.ico","timestamp":"2022-06-26T04:29:34.444Z"}
{"error":"404","level":"error","metodo":"GET","ruta":"/assets/js/bootstrap.bundle.min.js.map","timestamp":"2022-06-26T04:29:34.866Z"}
{"error":"404","level":"error","metodo":"GET","ruta":"/assets/js/bootstrap.bundle.min.js.map","timestamp":"2022-06-26T04:29:34.946Z"}
{"error":"404","level":"error","metodo":"GET","ruta":"/favicon.ico","timestamp":"2022-06-26T04:29:34.965Z"}
{"error":"404","level":"error","metodo":"GET","ruta":"/assets/js/bootstrap.bundle.min.js.map","timestamp":"2022-06-26T04:29:37.522Z"}
{"error":"404","level":"error","metodo":"GET","ruta":"/favicon.ico","timestamp":"2022-06-26T04:29:37.545Z"}
{"error":"404","level":"error","metodo":"GET","ruta":"/favicon.ico","timestamp":"2022-06-26T04:29:41.449Z"}
{"error":"404","level":"error","metodo":"GET","ruta":"/assets/js/bootstrap.bundle.min.js.map","timestamp":"2022-06-26T04:30:51.808Z"}
{"error":"404","level":"error","metodo":"GET","ruta":"/assets/js/bootstrap.bundle.min.js.map","timestamp":"2022-06-26T04:30:51.891Z"}
{"error":"404","level":"error","metodo":"GET","ruta":"/favicon.ico","timestamp":"2022-06-26T04:30:51.924Z"}
{"error":"404","level":"error","metodo":"GET","ruta":"/assets/js/bootstrap.bundle.min.js.map","timestamp":"2022-06-26T04:30:52.949Z"}
{"error":"404","level":"error","metodo":"GET","ruta":"/favicon.ico","timestamp":"2022-06-26T04:30:52.979Z"}
{"error":"404","level":"error","metodo":"GET","ruta":"/assets/js/bootstrap.bundle.min.js.map","timestamp":"2022-06-26T04:30:54.249Z"}
{"error":"404","level":"error","metodo":"GET","ruta":"/assets/js/bootstrap.bundle.min.js.map","timestamp":"2022-06-26T04:30:54.424Z"}
{"error":"404","level":"error","metodo":"GET","ruta":"/favicon.ico","timestamp":"2022-06-26T04:30:54.440Z"}
{"error":"404","level":"error","metodo":"GET","ruta":"/assets/js/bootstrap.bundle.min.js.map","timestamp":"2022-06-26T04:30:55.059Z"}
{"error":"404","level":"error","metodo":"GET","ruta":"/favicon.ico","timestamp":"2022-06-26T04:30:55.075Z"}
{"error":"404","level":"error","metodo":"GET","ruta":"/assets/js/bootstrap.bundle.min.js.map","timestamp":"2022-06-26T04:30:57.844Z"}
{"error":"404","level":"error","metodo":"GET","ruta":"/favicon.ico","timestamp":"2022-06-26T04:30:57.865Z"}
{"error":"404","level":"error","metodo":"GET","ruta":"/favicon.ico","timestamp":"2022-06-26T04:31:01.300Z"}
{"error":"404","level":"error","metodo":"GET","ruta":"/assets/js/bootstrap.bundle.min.js.map","timestamp":"2022-06-26T04:31:38.415Z"}
{"error":"404","level":"error","metodo":"GET","ruta":"/assets/js/bootstrap.bundle.min.js.map","timestamp":"2022-06-26T04:31:38.480Z"}
{"error":"404","level":"error","metodo":"GET","ruta":"/favicon.ico","timestamp":"2022-06-26T04:31:38.509Z"}
{"error":"404","level":"error","metodo":"GET","ruta":"/assets/js/bootstrap.bundle.min.js.map","timestamp":"2022-06-26T04:31:39.747Z"}
{"error":"404","level":"error","metodo":"GET","ruta":"/favicon.ico","timestamp":"2022-06-26T04:31:39.766Z"}
{"error":"404","level":"error","metodo":"GET","ruta":"/assets/js/bootstrap.bundle.min.js.map","timestamp":"2022-06-26T04:31:41.125Z"}
{"error":"404","level":"error","metodo":"GET","ruta":"/favicon.ico","timestamp":"2022-06-26T04:31:41.302Z"}
{"error":"404","level":"error","metodo":"GET","ruta":"/assets/js/bootstrap.bundle.min.js.map","timestamp":"2022-06-26T04:31:41.760Z"}
{"error":"404","level":"error","metodo":"GET","ruta":"/assets/js/bootstrap.bundle.min.js.map","timestamp":"2022-06-26T04:31:41.975Z"}
{"error":"404","level":"error","metodo":"GET","ruta":"/favicon.ico","timestamp":"2022-06-26T04:31:42.001Z"}
{"error":"404","level":"error","metodo":"GET","ruta":"/assets/js/bootstrap.bundle.min.js.map","timestamp":"2022-06-26T04:31:44.732Z"}
{"error":"404","level":"error","metodo":"GET","ruta":"/favicon.ico","timestamp":"2022-06-26T04:31:44.755Z"}
{"error":"404","level":"error","metodo":"GET","ruta":"/favicon.ico","timestamp":"2022-06-26T04:31:46.471Z"}
{"error":"404","level":"error","metodo":"GET","ruta":"/favicon.ico","timestamp":"2022-06-26T04:32:39.397Z"}
{"error":"404","level":"error","metodo":"GET","ruta":"/favicon.ico","timestamp":"2022-06-26T04:32:39.494Z"}
{"error":"404","level":"error","metodo":"GET","ruta":"/favicon.ico","timestamp":"2022-06-26T04:32:41.124Z"}
{"error":"404","level":"error","metodo":"GET","ruta":"/favicon.ico","timestamp":"2022-06-26T04:32:43.022Z"}
{"error":"404","level":"error","metodo":"GET","ruta":"/favicon.ico","timestamp":"2022-06-26T04:32:43.114Z"}
{"error":"404","level":"error","metodo":"GET","ruta":"/favicon.ico","timestamp":"2022-06-26T04:32:46.956Z"}
{"error":"404","level":"error","metodo":"GET","ruta":"/favicon.ico","timestamp":"2022-06-26T04:32:48.563Z"}
{"error":"404","level":"error","metodo":"GET","ruta":"/favicon.ico","timestamp":"2022-06-26T04:33:25.151Z"}
{"error":"404","level":"error","metodo":"GET","ruta":"/favicon.ico","timestamp":"2022-06-26T04:33:26.645Z"}
{"error":"404","level":"error","metodo":"GET","ruta":"/favicon.ico","timestamp":"2022-06-26T04:33:28.635Z"}
{"error":"404","level":"error","metodo":"GET","ruta":"/favicon.ico","timestamp":"2022-06-26T04:33:28.753Z"}
{"error":"404","level":"error","metodo":"GET","ruta":"/favicon.ico","timestamp":"2022-06-26T04:33:31.267Z"}
{"error":"404","level":"error","metodo":"GET","ruta":"/favicon.ico","timestamp":"2022-06-26T04:33:34.876Z"}
{"error":"404","level":"error","metodo":"GET","ruta":"/favicon.ico","timestamp":"2022-06-26T04:33:59.048Z"}
{"error":"404","level":"error","metodo":"GET","ruta":"/favicon.ico","timestamp":"2022-06-26T04:34:00.884Z"}
{"error":"404","level":"error","metodo":"GET","ruta":"/favicon.ico","timestamp":"2022-06-26T04:34:02.804Z"}
{"error":"404","level":"error","metodo":"GET","ruta":"/favicon.ico","timestamp":"2022-06-26T04:34:02.889Z"}
{"error":"404","level":"error","metodo":"GET","ruta":"/favicon.ico","timestamp":"2022-06-26T04:34:04.697Z"}
{"error":"404","level":"error","metodo":"GET","ruta":"/favicon.ico","timestamp":"2022-06-26T04:34:08.383Z"}
{"error":"404","level":"error","metodo":"GET","ruta":"/favicon.ico","timestamp":"2022-06-26T04:35:04.002Z"}
{"error":"404","level":"error","metodo":"GET","ruta":"/favicon.ico","timestamp":"2022-06-26T04:35:05.497Z"}
{"error":"404","level":"error","metodo":"GET","ruta":"/favicon.ico","timestamp":"2022-06-26T04:35:07.253Z"}
{"error":"404","level":"error","metodo":"GET","ruta":"/favicon.ico","timestamp":"2022-06-26T04:35:07.297Z"}
{"error":"404","level":"error","metodo":"GET","ruta":"/favicon.ico","timestamp":"2022-06-26T04:35:09.758Z"}
{"error":"404","level":"error","metodo":"GET","ruta":"/favicon.ico","timestamp":"2022-06-26T04:35:11.609Z"}
{"error":"404","level":"error","metodo":"GET","ruta":"/favicon.ico","timestamp":"2022-06-26T04:35:48.819Z"}
{"error":"404","level":"error","metodo":"GET","ruta":"/favicon.ico","timestamp":"2022-06-26T04:35:51.539Z"}
{"error":"404","level":"error","metodo":"GET","ruta":"/favicon.ico","timestamp":"2022-06-26T04:35:53.318Z"}
{"error":"404","level":"error","metodo":"GET","ruta":"/favicon.ico","timestamp":"2022-06-26T04:35:56.270Z"}
{"error":"404","level":"error","metodo":"GET","ruta":"/favicon.ico","timestamp":"2022-06-26T04:35:59.367Z"}
{"error":"404","level":"error","metodo":"GET","ruta":"/favicon.ico","timestamp":"2022-06-26T04:36:28.231Z"}
{"error":"404","level":"error","metodo":"GET","ruta":"/favicon.ico","timestamp":"2022-06-26T04:36:29.335Z"}
{"error":"404","level":"error","metodo":"GET","ruta":"/favicon.ico","timestamp":"2022-06-26T04:36:31.240Z"}
{"error":"404","level":"error","metodo":"GET","ruta":"/favicon.ico","timestamp":"2022-06-26T04:36:31.264Z"}
{"error":"404","level":"error","metodo":"GET","ruta":"/favicon.ico","timestamp":"2022-06-26T04:36:33.263Z"}
{"error":"404","level":"error","metodo":"GET","ruta":"/favicon.ico","timestamp":"2022-06-26T04:36:35.579Z"}
{"error":"404","level":"error","metodo":"GET","ruta":"/favicon.ico","timestamp":"2022-06-26T04:38:23.124Z"}
{"error":"404","level":"error","metodo":"GET","ruta":"/favicon.ico","timestamp":"2022-06-26T04:38:24.259Z"}
{"error":"404","level":"error","metodo":"GET","ruta":"/favicon.ico","timestamp":"2022-06-26T04:38:25.804Z"}
{"error":"404","level":"error","metodo":"GET","ruta":"/favicon.ico","timestamp":"2022-06-26T04:38:26.088Z"}
{"error":"404","level":"error","metodo":"GET","ruta":"/favicon.ico","timestamp":"2022-06-26T04:38:28.507Z"}
{"error":"404","level":"error","metodo":"GET","ruta":"/favicon.ico","timestamp":"2022-06-26T04:38:31.711Z"}
{"error":"404","level":"error","metodo":"GET","ruta":"/favicon.ico","timestamp":"2022-06-26T04:38:49.736Z"}
{"error":"404","level":"error","metodo":"GET","ruta":"/favicon.ico","timestamp":"2022-06-26T04:38:51.474Z"}
{"error":"404","level":"error","metodo":"GET","ruta":"/favicon.ico","timestamp":"2022-06-26T04:38:55.842Z"}
{"error":"404","level":"error","metodo":"GET","ruta":"/favicon.ico","timestamp":"2022-06-26T04:39:24.583Z"}
{"error":"404","level":"error","metodo":"GET","ruta":"/favicon.ico","timestamp":"2022-06-26T04:40:06.108Z"}
{"error":"404","level":"error","metodo":"GET","ruta":"/favicon.ico","timestamp":"2022-06-26T04:40:08.566Z"}
{"error":"404","level":"error","metodo":"GET","ruta":"/favicon.ico","timestamp":"2022-06-26T04:40:11.819Z"}
{"error":"404","level":"error","metodo":"GET","ruta":"/favicon.ico","timestamp":"2022-06-26T04:40:18.137Z"}
{"error":"404","level":"error","metodo":"GET","ruta":"/favicon.ico","timestamp":"2022-06-27T10:27:57.271Z"}
{"error":"404","level":"error","metodo":"GET","ruta":"/favicon.ico","timestamp":"2022-06-27T10:27:59.496Z"}
{"error":"404","level":"error","metodo":"GET","ruta":"/favicon.ico","timestamp":"2022-06-27T10:28:02.474Z"}
{"error":"404","level":"error","metodo":"GET","ruta":"/favicon.ico","timestamp":"2022-06-27T10:28:10.706Z"}
{"error":"404","level":"error","metodo":"GET","ruta":"/favicon.ico","timestamp":"2022-06-27T10:28:13.567Z"}
{"error":"404","level":"error","metodo":"GET","ruta":"/favicon.ico","timestamp":"2022-06-27T10:28:13.610Z"}
{"error":"404","level":"error","metodo":"GET","ruta":"/favicon.ico","timestamp":"2022-06-27T10:28:19.819Z"}
{"error":"404","level":"error","metodo":"GET","ruta":"/favicon.ico","timestamp":"2022-06-27T10:32:23.161Z"}
{"error":"404","level":"error","metodo":"GET","ruta":"/favicon.ico","timestamp":"2022-06-27T10:32:25.261Z"}
{"error":"404","level":"error","metodo":"GET","ruta":"/favicon.ico","timestamp":"2022-06-27T10:32:26.860Z"}
{"error":"404","level":"error","metodo":"GET","ruta":"/favicon.ico","timestamp":"2022-06-27T10:32:27.323Z"}
{"error":"404","level":"error","metodo":"GET","ruta":"/favicon.ico","timestamp":"2022-06-27T10:32:33.501Z"}
{"error":"404","level":"error","metodo":"GET","ruta":"/favicon.ico","timestamp":"2022-06-27T10:32:39.631Z"}
{"error":"404","level":"error","metodo":"GET","ruta":"/api/productos/62b7d638d5d562ee339e5b81/tue","timestamp":"2022-06-27T10:36:38.761Z"}
{"error":"404","level":"error","metodo":"GET","ruta":"/favicon.ico","timestamp":"2022-06-27T10:36:38.823Z"}
{"error":"404","level":"error","metodo":"GET","ruta":"/favicon.ico","timestamp":"2022-06-27T10:36:44.681Z"}
{"error":"404","level":"error","metodo":"GET","ruta":"/favicon.ico","timestamp":"2022-06-27T10:36:45.449Z"}
{"error":"404","level":"error","metodo":"GET","ruta":"/favicon.ico","timestamp":"2022-06-27T10:39:06.035Z"}
{"error":"404","level":"error","metodo":"GET","ruta":"/favicon.ico","timestamp":"2022-06-27T10:39:10.302Z"}
{"error":"404","level":"error","metodo":"GET","ruta":"/favicon.ico","timestamp":"2022-06-27T10:39:13.695Z"}
{"error":"404","level":"error","metodo":"GET","ruta":"/favicon.ico","timestamp":"2022-06-27T10:39:20.163Z"}
{"error":"404","level":"error","metodo":"GET","ruta":"/favicon.ico","timestamp":"2022-06-27T10:40:05.154Z"}
{"error":"404","level":"error","metodo":"GET","ruta":"/favicon.ico","timestamp":"2022-06-27T10:40:07.614Z"}
{"error":"404","level":"error","metodo":"GET","ruta":"/favicon.ico","timestamp":"2022-06-27T10:40:10.838Z"}
{"error":"404","level":"error","metodo":"GET","ruta":"/favicon.ico","timestamp":"2022-06-27T10:40:12.934Z"}
{"error":"404","level":"error","metodo":"GET","ruta":"/favicon.ico","timestamp":"2022-06-27T10:41:33.343Z"}
{"error":"404","level":"error","metodo":"GET","ruta":"/favicon.ico","timestamp":"2022-06-27T10:41:35.534Z"}
{"error":"404","level":"error","metodo":"GET","ruta":"/favicon.ico","timestamp":"2022-06-27T10:41:37.428Z"}
{"error":"404","level":"error","metodo":"GET","ruta":"/favicon.ico","timestamp":"2022-06-27T10:41:40.408Z"}
{"error":"404","level":"error","metodo":"GET","ruta":"/favicon.ico","timestamp":"2022-06-27T10:41:45.606Z"}
{"error":"404","level":"error","metodo":"GET","ruta":"/favicon.ico","timestamp":"2022-06-27T10:43:29.220Z"}
{"error":"404","level":"error","metodo":"GET","ruta":"/favicon.ico","timestamp":"2022-06-27T10:43:30.424Z"}
{"error":"404","level":"error","metodo":"GET","ruta":"/favicon.ico","timestamp":"2022-06-27T10:43:31.889Z"}
{"error":"404","level":"error","metodo":"GET","ruta":"/favicon.ico","timestamp":"2022-06-27T10:43:36.873Z"}
{"error":"404","level":"error","metodo":"GET","ruta":"/favicon.ico","timestamp":"2022-06-27T10:43:43.216Z"}
{"error":"404","level":"error","metodo":"GET","ruta":"/favicon.ico","timestamp":"2022-06-27T10:50:29.855Z"}
{"error":"404","level":"error","metodo":"GET","ruta":"/favicon.ico","timestamp":"2022-06-27T10:50:31.102Z"}
{"error":"404","level":"error","metodo":"GET","ruta":"/favicon.ico","timestamp":"2022-06-27T10:50:32.007Z"}
{"error":"404","level":"error","metodo":"GET","ruta":"/favicon.ico","timestamp":"2022-06-27T10:50:33.663Z"}
{"error":"404","level":"error","metodo":"GET","ruta":"/favicon.ico","timestamp":"2022-06-27T10:50:33.720Z"}
{"error":"404","level":"error","metodo":"GET","ruta":"/favicon.ico","timestamp":"2022-06-27T10:50:36.965Z"}
{"error":"404","level":"error","metodo":"GET","ruta":"/favicon.ico","timestamp":"2022-06-27T10:50:41.485Z"}
{"error":"404","level":"error","metodo":"GET","ruta":"/favicon.ico","timestamp":"2022-06-27T10:52:20.321Z"}
{"error":"404","level":"error","metodo":"GET","ruta":"/favicon.ico","timestamp":"2022-06-27T10:52:21.829Z"}
{"error":"404","level":"error","metodo":"GET","ruta":"/favicon.ico","timestamp":"2022-06-27T10:52:23.403Z"}
{"error":"404","level":"error","metodo":"GET","ruta":"/favicon.ico","timestamp":"2022-06-27T10:52:26.573Z"}
{"error":"404","level":"error","metodo":"GET","ruta":"/favicon.ico","timestamp":"2022-06-27T10:52:28.736Z"}
{"error":"404","level":"error","metodo":"GET","ruta":"/favicon.ico","timestamp":"2022-06-27T11:05:25.680Z"}
{"error":"404","level":"error","metodo":"GET","ruta":"/favicon.ico","timestamp":"2022-06-27T11:05:26.815Z"}
{"error":"404","level":"error","metodo":"GET","ruta":"/favicon.ico","timestamp":"2022-06-27T11:05:28.133Z"}
{"error":"404","level":"error","metodo":"GET","ruta":"/favicon.ico","timestamp":"2022-06-27T11:05:31.053Z"}
{"error":"404","level":"error","metodo":"GET","ruta":"/favicon.ico","timestamp":"2022-06-27T11:05:36.138Z"}
{"error":"404","level":"error","metodo":"GET","ruta":"/favicon.ico","timestamp":"2022-06-27T11:06:39.851Z"}
{"error":"404","level":"error","metodo":"GET","ruta":"/favicon.ico","timestamp":"2022-06-27T11:06:40.214Z"}
{"error":"404","level":"error","metodo":"GET","ruta":"/favicon.ico","timestamp":"2022-06-27T11:06:44.686Z"}
{"error":"404","level":"error","metodo":"GET","ruta":"/favicon.ico","timestamp":"2022-06-27T11:06:46.341Z"}
{"error":"404","level":"error","metodo":"GET","ruta":"/favicon.ico","timestamp":"2022-06-27T11:06:46.832Z"}
{"error":"404","level":"error","metodo":"GET","ruta":"/favicon.ico","timestamp":"2022-06-27T11:06:49.782Z"}
{"error":"404","level":"error","metodo":"GET","ruta":"/favicon.ico","timestamp":"2022-06-27T11:06:54.963Z"}
{"error":"404","level":"error","metodo":"GET","ruta":"/favicon.ico","timestamp":"2022-06-27T11:08:06.080Z"}
{"error":"404","level":"error","metodo":"GET","ruta":"/favicon.ico","timestamp":"2022-06-27T11:08:08.637Z"}
{"error":"404","level":"error","metodo":"GET","ruta":"/favicon.ico","timestamp":"2022-06-27T11:08:10.075Z"}
{"error":"404","level":"error","metodo":"GET","ruta":"/favicon.ico","timestamp":"2022-06-27T11:08:10.549Z"}
{"error":"404","level":"error","metodo":"GET","ruta":"/favicon.ico","timestamp":"2022-06-27T11:08:12.529Z"}
{"error":"404","level":"error","metodo":"GET","ruta":"/favicon.ico","timestamp":"2022-06-27T11:08:17.548Z"}
{"error":"404","level":"error","metodo":"GET","ruta":"/favicon.ico","timestamp":"2022-06-27T11:22:05.638Z"}
{"error":"404","level":"error","metodo":"GET","ruta":"/favicon.ico","timestamp":"2022-06-27T11:22:07.102Z"}
{"error":"404","level":"error","metodo":"GET","ruta":"/favicon.ico","timestamp":"2022-06-27T11:22:09.986Z"}
{"error":"404","level":"error","metodo":"GET","ruta":"/favicon.ico","timestamp":"2022-06-27T11:22:21.746Z"}
{"error":"404","level":"error","metodo":"GET","ruta":"/favicon.ico","timestamp":"2022-06-27T11:23:12.265Z"}
{"error":"404","level":"error","metodo":"GET","ruta":"/favicon.ico","timestamp":"2022-06-27T11:23:14.495Z"}
{"error":"404","level":"error","metodo":"GET","ruta":"/favicon.ico","timestamp":"2022-06-27T11:23:16.112Z"}
{"error":"404","level":"error","metodo":"GET","ruta":"/favicon.ico","timestamp":"2022-06-27T11:23:19.145Z"}
{"error":"404","level":"error","metodo":"GET","ruta":"/favicon.ico","timestamp":"2022-06-27T11:23:22.479Z"}
{"error":"404","level":"error","metodo":"GET","ruta":"/favicon.ico","timestamp":"2022-06-27T11:23:52.772Z"}
{"error":"404","level":"error","metodo":"GET","ruta":"/favicon.ico","timestamp":"2022-06-27T11:23:54.135Z"}
{"error":"404","level":"error","metodo":"GET","ruta":"/favicon.ico","timestamp":"2022-06-27T11:23:54.517Z"}
{"error":"404","level":"error","metodo":"GET","ruta":"/favicon.ico","timestamp":"2022-06-27T11:23:56.808Z"}
{"error":"404","level":"error","metodo":"GET","ruta":"/favicon.ico","timestamp":"2022-06-27T11:23:58.313Z"}
{"error":"404","level":"error","metodo":"GET","ruta":"/favicon.ico","timestamp":"2022-06-27T11:26:20.449Z"}
{"error":"404","level":"error","metodo":"GET","ruta":"/favicon.ico","timestamp":"2022-06-27T11:26:21.396Z"}
{"error":"404","level":"error","metodo":"GET","ruta":"/favicon.ico","timestamp":"2022-06-27T11:26:22.818Z"}
{"error":"404","level":"error","metodo":"GET","ruta":"/favicon.ico","timestamp":"2022-06-27T11:26:23.315Z"}
{"error":"404","level":"error","metodo":"GET","ruta":"/favicon.ico","timestamp":"2022-06-27T11:26:26.074Z"}
{"error":"404","level":"error","metodo":"GET","ruta":"/favicon.ico","timestamp":"2022-06-27T11:26:34.475Z"}
{"error":"404","level":"error","metodo":"GET","ruta":"/favicon.ico","timestamp":"2022-06-27T11:27:21.757Z"}
{"error":"404","level":"error","metodo":"GET","ruta":"/favicon.ico","timestamp":"2022-06-27T11:27:45.642Z"}
{"error":"404","level":"error","metodo":"GET","ruta":"/favicon.ico","timestamp":"2022-06-27T11:27:46.579Z"}
{"error":"404","level":"error","metodo":"GET","ruta":"/favicon.ico","timestamp":"2022-06-27T11:27:48.199Z"}
{"error":"404","level":"error","metodo":"GET","ruta":"/favicon.ico","timestamp":"2022-06-27T11:27:48.668Z"}
{"error":"404","level":"error","metodo":"GET","ruta":"/favicon.ico","timestamp":"2022-06-27T11:27:51.408Z"}
{"error":"404","level":"error","metodo":"GET","ruta":"/favicon.ico","timestamp":"2022-06-27T11:27:55.545Z"}
{"error":"404","level":"error","metodo":"GET","ruta":"/favicon.ico","timestamp":"2022-06-27T11:30:26.360Z"}
{"error":"404","level":"error","metodo":"GET","ruta":"/favicon.ico","timestamp":"2022-06-27T11:30:29.325Z"}
{"error":"404","level":"error","metodo":"GET","ruta":"/favicon.ico","timestamp":"2022-06-27T11:30:29.621Z"}
{"error":"404","level":"error","metodo":"GET","ruta":"/favicon.ico","timestamp":"2022-06-27T11:30:32.403Z"}
{"error":"404","level":"error","metodo":"GET","ruta":"/favicon.ico","timestamp":"2022-06-27T11:30:36.028Z"}
{"error":"404","level":"error","metodo":"GET","ruta":"/favicon.ico","timestamp":"2022-06-27T11:31:54.730Z"}
{"error":"404","level":"error","metodo":"GET","ruta":"/favicon.ico","timestamp":"2022-06-27T11:31:56.345Z"}
{"error":"404","level":"error","metodo":"GET","ruta":"/favicon.ico","timestamp":"2022-06-27T11:31:57.645Z"}
{"error":"404","level":"error","metodo":"GET","ruta":"/favicon.ico","timestamp":"2022-06-27T11:31:58.032Z"}
{"error":"404","level":"error","metodo":"GET","ruta":"/favicon.ico","timestamp":"2022-06-27T11:32:00.498Z"}
{"error":"404","level":"error","metodo":"GET","ruta":"/favicon.ico","timestamp":"2022-06-27T11:32:10.307Z"}
{"error":"404","level":"error","metodo":"GET","ruta":"/favicon.ico","timestamp":"2022-06-27T11:34:39.973Z"}
{"error":"404","level":"error","metodo":"GET","ruta":"/favicon.ico","timestamp":"2022-06-27T11:34:44.862Z"}
{"error":"404","level":"error","metodo":"GET","ruta":"/favicon.ico","timestamp":"2022-06-27T11:34:50.334Z"}
{"error":"404","level":"error","metodo":"GET","ruta":"/favicon.ico","timestamp":"2022-06-27T11:34:54.455Z"}
{"error":"404","level":"error","metodo":"GET","ruta":"/favicon.ico","timestamp":"2022-06-27T11:38:05.068Z"}
{"error":"404","level":"error","metodo":"GET","ruta":"/favicon.ico","timestamp":"2022-06-27T11:38:08.836Z"}
{"error":"404","level":"error","metodo":"GET","ruta":"/favicon.ico","timestamp":"2022-06-27T11:38:10.397Z"}
{"error":"404","level":"error","metodo":"GET","ruta":"/favicon.ico","timestamp":"2022-06-27T11:38:10.942Z"}
{"error":"404","level":"error","metodo":"GET","ruta":"/favicon.ico","timestamp":"2022-06-27T11:38:13.172Z"}
{"error":"404","level":"error","metodo":"GET","ruta":"/favicon.ico","timestamp":"2022-06-27T11:38:18.535Z"}
{"error":"404","level":"error","metodo":"GET","ruta":"/favicon.ico","timestamp":"2022-06-27T11:40:24.294Z"}
{"error":"404","level":"error","metodo":"GET","ruta":"/favicon.ico","timestamp":"2022-06-27T11:40:25.327Z"}
{"error":"404","level":"error","metodo":"GET","ruta":"/favicon.ico","timestamp":"2022-06-27T11:40:27.157Z"}
{"error":"404","level":"error","metodo":"GET","ruta":"/favicon.ico","timestamp":"2022-06-27T11:40:27.603Z"}
{"error":"404","level":"error","metodo":"GET","ruta":"/favicon.ico","timestamp":"2022-06-27T11:40:30.331Z"}
{"error":"404","level":"error","metodo":"GET","ruta":"/favicon.ico","timestamp":"2022-06-27T11:40:34.429Z"}
{"error":"404","level":"error","metodo":"GET","ruta":"/favicon.ico","timestamp":"2022-06-27T12:00:54.306Z"}
{"error":"404","level":"error","metodo":"GET","ruta":"/favicon.ico","timestamp":"2022-06-27T12:00:54.993Z"}
{"error":"404","level":"error","metodo":"GET","ruta":"/favicon.ico","timestamp":"2022-06-27T12:00:56.598Z"}
{"error":"404","level":"error","metodo":"GET","ruta":"/favicon.ico","timestamp":"2022-06-27T12:00:57.215Z"}
{"error":"404","level":"error","metodo":"GET","ruta":"/favicon.ico","timestamp":"2022-06-27T12:00:59.440Z"}
{"error":"404","level":"error","metodo":"GET","ruta":"/favicon.ico","timestamp":"2022-06-27T12:01:02.792Z"}
{"error":"404","level":"error","metodo":"GET","ruta":"/favicon.ico","timestamp":"2022-06-27T12:01:37.509Z"}
{"error":"404","level":"error","metodo":"GET","ruta":"/favicon.ico","timestamp":"2022-06-27T12:01:39.352Z"}
{"error":"404","level":"error","metodo":"GET","ruta":"/favicon.ico","timestamp":"2022-06-27T12:01:39.728Z"}
{"error":"404","level":"error","metodo":"GET","ruta":"/favicon.ico","timestamp":"2022-06-27T12:01:42.302Z"}
{"error":"404","level":"error","metodo":"GET","ruta":"/favicon.ico","timestamp":"2022-06-27T12:01:48.148Z"}
{"error":"404","level":"error","metodo":"GET","ruta":"/favicon.ico","timestamp":"2022-06-27T12:02:03.844Z"}
{"error":"404","level":"error","metodo":"GET","ruta":"/favicon.ico","timestamp":"2022-06-27T12:02:05.605Z"}
{"error":"404","level":"error","metodo":"GET","ruta":"/favicon.ico","timestamp":"2022-06-27T12:02:06.034Z"}
{"error":"404","level":"error","metodo":"GET","ruta":"/favicon.ico","timestamp":"2022-06-27T12:02:08.623Z"}
{"error":"404","level":"error","metodo":"GET","ruta":"/favicon.ico","timestamp":"2022-06-27T12:02:15.813Z"}
{"error":"404","level":"error","metodo":"GET","ruta":"/favicon.ico","timestamp":"2022-06-27T12:05:22.643Z"}
{"error":"404","level":"error","metodo":"GET","ruta":"/favicon.ico","timestamp":"2022-06-27T12:05:22.777Z"}
{"error":"404","level":"error","metodo":"GET","ruta":"/favicon.ico","timestamp":"2022-06-27T12:05:24.446Z"}
{"error":"404","level":"error","metodo":"GET","ruta":"/favicon.ico","timestamp":"2022-06-27T12:05:25.820Z"}
{"error":"404","level":"error","metodo":"GET","ruta":"/favicon.ico","timestamp":"2022-06-27T12:05:26.186Z"}
{"error":"404","level":"error","metodo":"GET","ruta":"/favicon.ico","timestamp":"2022-06-27T12:05:29.239Z"}
{"level":"error","message":"Cannot read properties of undefined (reading 'replace')","timestamp":"2022-06-27T12:05:34.269Z"}
{"error":"404","level":"error","metodo":"GET","ruta":"/favicon.ico","timestamp":"2022-06-27T12:05:34.419Z"}
{"error":"404","level":"error","metodo":"GET","ruta":"/favicon.ico","timestamp":"2022-06-27T12:15:00.435Z"}
{"error":"404","level":"error","metodo":"GET","ruta":"/favicon.ico","timestamp":"2022-06-27T12:15:01.809Z"}
{"error":"404","level":"error","metodo":"GET","ruta":"/favicon.ico","timestamp":"2022-06-27T12:15:02.323Z"}
{"error":"404","level":"error","metodo":"GET","ruta":"/favicon.ico","timestamp":"2022-06-27T12:15:09.118Z"}
{"level":"error","message":"Cannot read properties of undefined (reading 'replace')","timestamp":"2022-06-27T12:15:14.649Z"}
{"error":"404","level":"error","metodo":"GET","ruta":"/favicon.ico","timestamp":"2022-06-27T12:15:14.800Z"}
{"error":"404","level":"error","metodo":"GET","ruta":"/favicon.ico","timestamp":"2022-06-27T12:15:18.923Z"}
{"error":"404","level":"error","metodo":"GET","ruta":"/favicon.ico","timestamp":"2022-06-27T12:15:20.665Z"}
{"error":"404","level":"error","metodo":"GET","ruta":"/favicon.ico","timestamp":"2022-06-27T12:15:22.088Z"}
{"error":"404","level":"error","metodo":"GET","ruta":"/favicon.ico","timestamp":"2022-06-27T12:15:22.525Z"}
{"error":"404","level":"error","metodo":"GET","ruta":"/favicon.ico","timestamp":"2022-06-27T12:15:27.515Z"}
{"level":"error","message":"Cannot read properties of undefined (reading 'replace')","timestamp":"2022-06-27T12:15:33.229Z"}
{"error":"404","level":"error","metodo":"GET","ruta":"/favicon.ico","timestamp":"2022-06-27T12:15:34.359Z"}
{"error":"404","level":"error","metodo":"GET","ruta":"/favicon.ico","timestamp":"2022-06-27T12:15:37.303Z"}
{"error":"404","level":"error","metodo":"GET","ruta":"/favicon.ico","timestamp":"2022-06-27T12:15:40.511Z"}
{"error":"404","level":"error","metodo":"GET","ruta":"/favicon.ico","timestamp":"2022-06-27T12:15:42.334Z"}
{"error":"404","level":"error","metodo":"GET","ruta":"/favicon.ico","timestamp":"2022-06-27T12:15:44.636Z"}
{"error":"404","level":"error","metodo":"GET","ruta":"/favicon.ico","timestamp":"2022-06-27T12:15:47.337Z"}
{"error":"404","level":"error","metodo":"GET","ruta":"/favicon.ico","timestamp":"2022-06-27T12:16:22.322Z"}
{"error":"404","level":"error","metodo":"GET","ruta":"/favicon.ico","timestamp":"2022-06-27T12:16:23.420Z"}
{"error":"404","level":"error","metodo":"GET","ruta":"/favicon.ico","timestamp":"2022-06-27T12:16:25.083Z"}
{"error":"404","level":"error","metodo":"GET","ruta":"/favicon.ico","timestamp":"2022-06-27T12:16:25.535Z"}
{"error":"404","level":"error","metodo":"GET","ruta":"/favicon.ico","timestamp":"2022-06-27T12:16:28.446Z"}
{"error":"404","level":"error","metodo":"GET","ruta":"/favicon.ico","timestamp":"2022-06-27T12:16:33.946Z"}
{"error":"404","level":"error","metodo":"GET","ruta":"/favicon.ico","timestamp":"2022-06-27T12:16:56.662Z"}
{"error":"404","level":"error","metodo":"GET","ruta":"/favicon.ico","timestamp":"2022-06-27T12:16:58.594Z"}
{"error":"404","level":"error","metodo":"GET","ruta":"/favicon.ico","timestamp":"2022-06-27T12:17:02.470Z"}
{"error":"404","level":"error","metodo":"GET","ruta":"/favicon.ico","timestamp":"2022-06-27T12:17:12.346Z"}
{"error":"404","level":"error","metodo":"GET","ruta":"/favicon.ico","timestamp":"2022-06-27T12:17:16.599Z"}
{"error":"404","level":"error","metodo":"GET","ruta":"/favicon.ico","timestamp":"2022-06-27T12:17:31.152Z"}
{"error":"404","level":"error","metodo":"GET","ruta":"/favicon.ico","timestamp":"2022-06-27T12:17:36.157Z"}
{"error":"404","level":"error","metodo":"GET","ruta":"/favicon.ico","timestamp":"2022-06-27T12:17:47.735Z"}
