{"level":"error","message":"Cannot read properties of null (reading 'password')","timestamp":"2022-07-16T16:01:07.780Z"}
{"level":"error","message":"Cannot read properties of null (reading 'password')","timestamp":"2022-07-16T16:01:50.469Z"}
{"level":"error","message":"Cannot read properties of null (reading 'password')","timestamp":"2022-07-16T16:06:30.568Z"}
{"level":"error","message":"Cannot read properties of null (reading 'password')","timestamp":"2022-07-16T16:07:12.403Z"}
{"level":"error","message":"Cannot read properties of null (reading 'password')","timestamp":"2022-07-16T16:07:17.868Z"}
{"level":"error","message":"Cannot read properties of null (reading 'password')","timestamp":"2022-07-16T16:09:25.905Z"}
{"level":"error","message":"Cannot read properties of null (reading 'password')","timestamp":"2022-07-16T16:10:40.752Z"}
{"level":"error","message":"Cannot read properties of null (reading 'password')","timestamp":"2022-07-17T02:22:56.672Z"}
{"level":"error","message":"Cannot read properties of null (reading 'password')","timestamp":"2022-07-17T02:30:26.655Z"}
{"level":"error","message":"Cannot read properties of null (reading 'password')","timestamp":"2022-07-17T02:33:13.881Z"}
{"level":"error","message":"Cannot read properties of null (reading 'password')","timestamp":"2022-07-17T02:35:10.624Z"}
{"level":"error","message":"Cannot read properties of null (reading 'password')","timestamp":"2022-07-17T02:35:49.325Z"}
{"error":"404","level":"error","metodo":"GET","ruta":"/login","timestamp":"2022-07-17T03:54:19.086Z"}
{"error":"404","level":"error","metodo":"GET","ruta":"/login","timestamp":"2022-07-17T03:54:19.091Z"}
{"error":"404","level":"error","metodo":"GET","ruta":"/login","timestamp":"2022-07-17T03:54:19.094Z"}
{"error":"404","level":"error","metodo":"GET","ruta":"/login","timestamp":"2022-07-17T03:54:19.098Z"}
{"error":"404","level":"error","metodo":"GET","ruta":"/login","timestamp":"2022-07-17T03:54:19.103Z"}
{"error":"404","level":"error","metodo":"GET","ruta":"/login","timestamp":"2022-07-17T03:54:19.107Z"}
{"error":"404","level":"error","metodo":"GET","ruta":"/login","timestamp":"2022-07-17T03:54:19.110Z"}
{"error":"404","level":"error","metodo":"GET","ruta":"/login","timestamp":"2022-07-17T03:54:19.114Z"}
{"error":"404","level":"error","metodo":"GET","ruta":"/login","timestamp":"2022-07-17T03:54:19.120Z"}
{"error":"404","level":"error","metodo":"GET","ruta":"/login","timestamp":"2022-07-17T03:54:19.123Z"}
{"error":"404","level":"error","metodo":"GET","ruta":"/login","timestamp":"2022-07-17T03:54:19.131Z"}
{"error":"404","level":"error","metodo":"GET","ruta":"/login","timestamp":"2022-07-17T03:54:19.149Z"}
{"error":"404","level":"error","metodo":"GET","ruta":"/login","timestamp":"2022-07-17T03:54:19.159Z"}
{"error":"404","level":"error","metodo":"GET","ruta":"/login","timestamp":"2022-07-17T03:54:19.163Z"}
{"error":"404","level":"error","metodo":"GET","ruta":"/login","timestamp":"2022-07-17T03:54:19.165Z"}
{"error":"404","level":"error","metodo":"GET","ruta":"/login","timestamp":"2022-07-17T03:54:19.167Z"}
{"error":"404","level":"error","metodo":"GET","ruta":"/login","timestamp":"2022-07-17T03:54:19.169Z"}
{"error":"404","level":"error","metodo":"GET","ruta":"/login","timestamp":"2022-07-17T03:54:19.171Z"}
{"error":"404","level":"error","metodo":"GET","ruta":"/login","timestamp":"2022-07-17T03:54:19.175Z"}
{"error":"404","level":"error","metodo":"GET","ruta":"/login","timestamp":"2022-07-17T03:54:19.177Z"}
{"error":"404","level":"error","metodo":"GET","ruta":"/login","timestamp":"2022-07-17T03:54:19.180Z"}
{"error":"404","level":"error","metodo":"GET","ruta":"/login","timestamp":"2022-07-17T03:54:19.182Z"}
{"error":"404","level":"error","metodo":"GET","ruta":"/login","timestamp":"2022-07-17T03:54:19.183Z"}
{"error":"404","level":"error","metodo":"GET","ruta":"/login","timestamp":"2022-07-17T03:54:19.185Z"}
{"error":"404","level":"error","metodo":"GET","ruta":"/login","timestamp":"2022-07-17T03:54:19.187Z"}
{"error":"404","level":"error","metodo":"GET","ruta":"/login","timestamp":"2022-07-17T03:54:19.191Z"}
{"error":"404","level":"error","metodo":"GET","ruta":"/login","timestamp":"2022-07-17T03:54:19.193Z"}
{"error":"404","level":"error","metodo":"GET","ruta":"/login","timestamp":"2022-07-17T03:54:19.196Z"}
{"error":"404","level":"error","metodo":"GET","ruta":"/login","timestamp":"2022-07-17T03:54:19.197Z"}
{"error":"404","level":"error","metodo":"GET","ruta":"/login","timestamp":"2022-07-17T03:54:19.199Z"}
{"error":"404","level":"error","metodo":"GET","ruta":"/login","timestamp":"2022-07-17T03:54:19.201Z"}
{"error":"404","level":"error","metodo":"GET","ruta":"/login","timestamp":"2022-07-17T03:54:19.203Z"}
{"error":"404","level":"error","metodo":"GET","ruta":"/login","timestamp":"2022-07-17T03:55:17.641Z"}
{"error":"404","level":"error","metodo":"GET","ruta":"/login","timestamp":"2022-07-17T03:55:17.665Z"}
{"error":"404","level":"error","metodo":"GET","ruta":"/login","timestamp":"2022-07-17T03:55:17.667Z"}
{"error":"404","level":"error","metodo":"GET","ruta":"/login","timestamp":"2022-07-17T03:55:17.669Z"}
{"error":"404","level":"error","metodo":"GET","ruta":"/login","timestamp":"2022-07-17T03:55:17.671Z"}
{"error":"404","level":"error","metodo":"GET","ruta":"/login","timestamp":"2022-07-17T03:55:17.676Z"}
{"error":"404","level":"error","metodo":"GET","ruta":"/login","timestamp":"2022-07-17T03:55:17.679Z"}
{"error":"404","level":"error","metodo":"GET","ruta":"/login","timestamp":"2022-07-17T03:55:17.682Z"}
{"error":"404","level":"error","metodo":"GET","ruta":"/login","timestamp":"2022-07-17T03:55:17.684Z"}
{"error":"404","level":"error","metodo":"GET","ruta":"/login","timestamp":"2022-07-17T03:55:17.687Z"}
{"error":"404","level":"error","metodo":"GET","ruta":"/login","timestamp":"2022-07-17T03:55:17.691Z"}
{"error":"404","level":"error","metodo":"GET","ruta":"/login","timestamp":"2022-07-17T03:55:17.696Z"}
{"error":"404","level":"error","metodo":"GET","ruta":"/login","timestamp":"2022-07-17T03:55:17.698Z"}
{"error":"404","level":"error","metodo":"GET","ruta":"/login","timestamp":"2022-07-17T03:55:17.699Z"}
{"error":"404","level":"error","metodo":"GET","ruta":"/login","timestamp":"2022-07-17T03:55:17.701Z"}
{"error":"404","level":"error","metodo":"GET","ruta":"/login","timestamp":"2022-07-17T03:55:17.704Z"}
{"error":"404","level":"error","metodo":"GET","ruta":"/login","timestamp":"2022-07-17T03:55:17.706Z"}
{"error":"404","level":"error","metodo":"GET","ruta":"/login","timestamp":"2022-07-17T03:55:17.708Z"}
{"error":"404","level":"error","metodo":"GET","ruta":"/login","timestamp":"2022-07-17T03:55:17.710Z"}
{"error":"404","level":"error","metodo":"GET","ruta":"/login","timestamp":"2022-07-17T03:55:17.712Z"}
{"error":"404","level":"error","metodo":"GET","ruta":"/login","timestamp":"2022-07-17T03:55:17.715Z"}
{"error":"404","level":"error","metodo":"GET","ruta":"/login","timestamp":"2022-07-17T03:55:17.718Z"}
{"error":"404","level":"error","metodo":"GET","ruta":"/login","timestamp":"2022-07-17T03:55:17.720Z"}
{"error":"404","level":"error","metodo":"GET","ruta":"/login","timestamp":"2022-07-17T03:55:17.722Z"}
{"error":"404","level":"error","metodo":"GET","ruta":"/login","timestamp":"2022-07-17T03:55:17.725Z"}
{"error":"404","level":"error","metodo":"GET","ruta":"/login","timestamp":"2022-07-17T03:55:17.728Z"}
{"error":"404","level":"error","metodo":"GET","ruta":"/login","timestamp":"2022-07-17T03:55:17.730Z"}
{"error":"404","level":"error","metodo":"GET","ruta":"/login","timestamp":"2022-07-17T03:55:17.732Z"}
{"error":"404","level":"error","metodo":"GET","ruta":"/login","timestamp":"2022-07-17T03:55:17.735Z"}
{"error":"404","level":"error","metodo":"GET","ruta":"/login","timestamp":"2022-07-17T03:55:17.738Z"}
{"error":"404","level":"error","metodo":"GET","ruta":"/login","timestamp":"2022-07-17T03:55:17.741Z"}
{"error":"404","level":"error","metodo":"GET","ruta":"/login","timestamp":"2022-07-17T03:55:17.747Z"}
{"error":"404","level":"error","metodo":"GET","ruta":"/login","timestamp":"2022-07-17T03:55:58.390Z"}
{"error":"404","level":"error","metodo":"GET","ruta":"/login","timestamp":"2022-07-17T03:55:58.391Z"}
{"error":"404","level":"error","metodo":"GET","ruta":"/login","timestamp":"2022-07-17T03:55:58.395Z"}
{"error":"404","level":"error","metodo":"GET","ruta":"/login","timestamp":"2022-07-17T03:55:58.396Z"}
{"error":"404","level":"error","metodo":"GET","ruta":"/login","timestamp":"2022-07-17T03:55:58.399Z"}
{"error":"404","level":"error","metodo":"GET","ruta":"/login","timestamp":"2022-07-17T03:55:58.401Z"}
{"error":"404","level":"error","metodo":"GET","ruta":"/login","timestamp":"2022-07-17T03:55:58.404Z"}
{"error":"404","level":"error","metodo":"GET","ruta":"/login","timestamp":"2022-07-17T03:55:58.406Z"}
{"error":"404","level":"error","metodo":"GET","ruta":"/login","timestamp":"2022-07-17T03:55:58.408Z"}
{"error":"404","level":"error","metodo":"GET","ruta":"/login","timestamp":"2022-07-17T03:55:58.410Z"}
{"error":"404","level":"error","metodo":"GET","ruta":"/login","timestamp":"2022-07-17T03:55:58.411Z"}
{"error":"404","level":"error","metodo":"GET","ruta":"/login","timestamp":"2022-07-17T03:55:58.470Z"}
{"error":"404","level":"error","metodo":"GET","ruta":"/login","timestamp":"2022-07-17T03:55:58.474Z"}
{"error":"404","level":"error","metodo":"GET","ruta":"/login","timestamp":"2022-07-17T03:55:58.483Z"}
{"error":"404","level":"error","metodo":"GET","ruta":"/login","timestamp":"2022-07-17T03:55:58.514Z"}
{"error":"404","level":"error","metodo":"GET","ruta":"/login","timestamp":"2022-07-17T03:55:58.526Z"}
{"error":"404","level":"error","metodo":"GET","ruta":"/login","timestamp":"2022-07-17T03:55:58.531Z"}
{"error":"404","level":"error","metodo":"GET","ruta":"/login","timestamp":"2022-07-17T03:55:58.534Z"}
{"error":"404","level":"error","metodo":"GET","ruta":"/login","timestamp":"2022-07-17T03:55:58.536Z"}
{"error":"404","level":"error","metodo":"GET","ruta":"/login","timestamp":"2022-07-17T03:55:58.539Z"}
{"error":"404","level":"error","metodo":"GET","ruta":"/login","timestamp":"2022-07-17T03:55:58.542Z"}
{"error":"404","level":"error","metodo":"GET","ruta":"/login","timestamp":"2022-07-17T03:55:58.544Z"}
{"error":"404","level":"error","metodo":"GET","ruta":"/login","timestamp":"2022-07-17T03:55:58.547Z"}
{"error":"404","level":"error","metodo":"GET","ruta":"/login","timestamp":"2022-07-17T03:55:58.549Z"}
{"error":"404","level":"error","metodo":"GET","ruta":"/login","timestamp":"2022-07-17T03:55:58.552Z"}
{"error":"404","level":"error","metodo":"GET","ruta":"/login","timestamp":"2022-07-17T03:55:58.555Z"}
{"error":"404","level":"error","metodo":"GET","ruta":"/login","timestamp":"2022-07-17T03:55:58.558Z"}
{"error":"404","level":"error","metodo":"GET","ruta":"/login","timestamp":"2022-07-17T03:55:58.560Z"}
{"error":"404","level":"error","metodo":"GET","ruta":"/login","timestamp":"2022-07-17T03:55:58.564Z"}
{"error":"404","level":"error","metodo":"GET","ruta":"/login","timestamp":"2022-07-17T03:55:58.567Z"}
{"error":"404","level":"error","metodo":"GET","ruta":"/login","timestamp":"2022-07-17T03:55:58.569Z"}
{"error":"404","level":"error","metodo":"GET","ruta":"/login","timestamp":"2022-07-17T03:55:58.571Z"}
{"error":"404","level":"error","metodo":"GET","ruta":"/login","timestamp":"2022-07-17T03:58:34.919Z"}
{"error":"404","level":"error","metodo":"GET","ruta":"/login","timestamp":"2022-07-17T03:58:34.922Z"}
{"error":"404","level":"error","metodo":"GET","ruta":"/login","timestamp":"2022-07-17T03:58:34.928Z"}
{"error":"404","level":"error","metodo":"GET","ruta":"/login","timestamp":"2022-07-17T03:58:34.936Z"}
{"error":"404","level":"error","metodo":"GET","ruta":"/login","timestamp":"2022-07-17T03:58:34.940Z"}
{"error":"404","level":"error","metodo":"GET","ruta":"/login","timestamp":"2022-07-17T03:58:34.943Z"}
{"error":"404","level":"error","metodo":"GET","ruta":"/login","timestamp":"2022-07-17T03:58:34.949Z"}
{"error":"404","level":"error","metodo":"GET","ruta":"/login","timestamp":"2022-07-17T03:58:34.954Z"}
{"error":"404","level":"error","metodo":"GET","ruta":"/login","timestamp":"2022-07-17T03:58:34.959Z"}
{"error":"404","level":"error","metodo":"GET","ruta":"/login","timestamp":"2022-07-17T03:58:34.964Z"}
{"error":"404","level":"error","metodo":"GET","ruta":"/login","timestamp":"2022-07-17T03:58:34.971Z"}
{"error":"404","level":"error","metodo":"GET","ruta":"/login","timestamp":"2022-07-17T03:58:34.978Z"}
{"error":"404","level":"error","metodo":"GET","ruta":"/login","timestamp":"2022-07-17T03:58:34.983Z"}
{"error":"404","level":"error","metodo":"GET","ruta":"/login","timestamp":"2022-07-17T03:58:34.996Z"}
{"error":"404","level":"error","metodo":"GET","ruta":"/login","timestamp":"2022-07-17T03:58:35.006Z"}
{"error":"404","level":"error","metodo":"GET","ruta":"/login","timestamp":"2022-07-17T03:58:35.010Z"}
{"error":"404","level":"error","metodo":"GET","ruta":"/login","timestamp":"2022-07-17T04:00:34.539Z"}
{"error":"404","level":"error","metodo":"GET","ruta":"/login","timestamp":"2022-07-17T04:00:45.022Z"}
{"error":"404","level":"error","metodo":"GET","ruta":"/login","timestamp":"2022-07-17T04:03:00.114Z"}
{"error":"404","level":"error","metodo":"GET","ruta":"/login","timestamp":"2022-07-17T04:03:47.001Z"}
{"error":"404","level":"error","metodo":"GET","ruta":"/login","timestamp":"2022-07-17T04:04:13.328Z"}
{"error":"404","level":"error","metodo":"GET","ruta":"/login","timestamp":"2022-07-17T04:18:48.525Z"}
{"error":"404","level":"error","metodo":"GET","ruta":"/api/carrito//productos","timestamp":"2022-07-17T04:39:05.606Z"}
{"error":"404","level":"error","metodo":"GET","ruta":"/api/carrito//productos","timestamp":"2022-07-17T04:39:05.612Z"}
{"error":"404","level":"error","metodo":"GET","ruta":"/api/carrito//productos","timestamp":"2022-07-17T04:39:28.027Z"}
{"error":"404","level":"error","metodo":"GET","ruta":"/api/carrito//productos","timestamp":"2022-07-17T04:39:28.029Z"}
{"error":"404","level":"error","metodo":"GET","ruta":"/login","timestamp":"2022-07-17T04:44:57.987Z"}
{"error":"404","level":"error","metodo":"GET","ruta":"/login","timestamp":"2022-07-17T04:46:32.759Z"}
{"error":"404","level":"error","metodo":"GET","ruta":"/login","timestamp":"2022-07-17T04:46:32.762Z"}
{"error":"404","level":"error","metodo":"GET","ruta":"/productos/popular","timestamp":"2022-07-18T11:32:10.407Z"}
{"error":"404","level":"error","metodo":"GET","ruta":"/login","timestamp":"2022-07-18T11:32:35.163Z"}
{"error":"404","level":"error","metodo":"GET","ruta":"/productos/popular","timestamp":"2022-07-18T11:32:43.229Z"}
{"error":"404","level":"error","metodo":"GET","ruta":"/productos/popular","timestamp":"2022-07-18T11:33:17.266Z"}
{"error":"404","level":"error","metodo":"POST","ruta":"/productos/popular","timestamp":"2022-07-18T11:42:11.539Z"}
{"error":"404","level":"error","metodo":"POST","ruta":"/productos/popular","timestamp":"2022-07-18T11:48:34.922Z"}
{"error":"404","level":"error","metodo":"POST","ruta":"/productos","timestamp":"2022-07-18T11:56:45.590Z"}
{"error":"404","level":"error","metodo":"POST","ruta":"/productos","timestamp":"2022-07-18T12:04:37.786Z"}
{"error":"404","level":"error","metodo":"POST","ruta":"/productos","timestamp":"2022-07-18T12:05:50.903Z"}
{"error":"404","level":"error","metodo":"GET","ruta":"/login","timestamp":"2022-07-19T10:55:11.672Z"}
{"error":"404","level":"error","metodo":"GET","ruta":"/login","timestamp":"2022-07-19T11:00:46.122Z"}
{"error":"404","level":"error","metodo":"GET","ruta":"/login","timestamp":"2022-07-19T11:00:46.143Z"}
{"level":"error","message":"Cast to ObjectId failed for value \"test\" (type string) at path \"_id\" for model \"Producto\"","timestamp":"2022-07-19T11:12:17.536Z"}
{"level":"error","message":"Cast to ObjectId failed for value \"test\" (type string) at path \"_id\" for model \"Producto\"","timestamp":"2022-07-19T11:12:19.536Z"}
{"level":"error","message":"Cast to ObjectId failed for value \"test\" (type string) at path \"_id\" for model \"Producto\"","timestamp":"2022-07-19T11:14:21.434Z"}
{"level":"error","message":"Cast to ObjectId failed for value \"test\" (type string) at path \"_id\" for model \"Producto\"","timestamp":"2022-07-19T11:15:27.511Z"}
{"level":"error","message":"Cast to ObjectId failed for value \"false\" (type string) at path \"_id\" for model \"Producto\"","timestamp":"2022-07-19T11:20:52.279Z"}
{"error":"404","level":"error","metodo":"POST","ruta":"/productos/?prodId=[object%20Object]","timestamp":"2022-07-20T12:24:05.929Z"}
{"error":"404","level":"error","metodo":"POST","ruta":"/productos/?prodId=[object%20Object]","timestamp":"2022-07-20T12:24:18.367Z"}
{"error":"404","level":"error","metodo":"POST","ruta":"/productos/?prodId=[object%20Object]","timestamp":"2022-07-20T12:24:19.909Z"}
{"error":"404","level":"error","metodo":"POST","ruta":"/productos/?prodId=[object%20Object]","timestamp":"2022-07-20T12:24:31.060Z"}
{"level":"error","message":"Cannot read properties of undefined (reading 'path')","timestamp":"2022-07-21T12:08:12.776Z"}
