{"level":"warn","metodo":"GET","ruta":"/favicon.ico","timestamp":"2022-06-20T10:38:18.731Z"}
{"level":"warn","metodo":"GET","ruta":"/favicon.ico","timestamp":"2022-06-20T10:38:20.713Z"}
{"level":"error","message":"Cannot read properties of undefined (reading 'status')","timestamp":"2022-06-20T10:38:20.755Z"}
{"level":"warn","metodo":"GET","ruta":"/favicon.ico","timestamp":"2022-06-20T10:40:18.083Z"}
{"level":"error","message":"Cannot read properties of undefined (reading 'status')","timestamp":"2022-06-20T10:40:18.131Z"}
{"level":"warn","metodo":"GET","ruta":"/favicon.ico","timestamp":"2022-06-20T10:40:41.270Z"}
{"level":"error","message":"Cannot read properties of undefined (reading 'status')","timestamp":"2022-06-20T10:40:42.099Z"}
{"level":"error","message":"Cannot read properties of undefined (reading 'status')","timestamp":"2022-06-20T10:40:42.482Z"}
{"level":"warn","metodo":"GET","ruta":"/favicon.ico","timestamp":"2022-06-20T10:43:48.907Z"}
{"level":"warn","metodo":"GET","ruta":"/favicon.ico","timestamp":"2022-06-20T10:44:15.587Z"}
{"level":"warn","metodo":"GET","ruta":"/favicon.ico","timestamp":"2022-06-20T10:44:20.617Z"}
{"level":"warn","metodo":"GET","ruta":"/favicon.ico","timestamp":"2022-06-20T10:56:20.138Z"}
{"level":"warn","metodo":"GET","ruta":"/favicon.ico","timestamp":"2022-06-20T10:56:21.468Z"}
{"level":"warn","metodo":"GET","ruta":"/favicon.ico","timestamp":"2022-06-20T10:56:39.645Z"}
{"level":"warn","metodo":"GET","ruta":"/favicon.ico","timestamp":"2022-06-20T10:56:45.031Z"}
{"level":"warn","metodo":"GET","ruta":"/favicon.ico","timestamp":"2022-06-20T11:16:01.707Z"}
{"level":"warn","metodo":"GET","ruta":"/favicon.ico","timestamp":"2022-06-20T11:16:02.986Z"}
{"level":"warn","metodo":"GET","ruta":"/favicon.ico","timestamp":"2022-06-20T11:16:49.976Z"}
{"level":"warn","metodo":"GET","ruta":"/favicon.ico","timestamp":"2022-06-20T11:17:43.354Z"}
{"level":"warn","metodo":"GET","ruta":"/assets/js/bootstrap.bundle.min.js.map","timestamp":"2022-06-20T11:19:00.727Z"}
{"level":"warn","metodo":"GET","ruta":"/favicon.ico","timestamp":"2022-06-20T11:21:35.188Z"}
{"level":"warn","metodo":"GET","ruta":"/favicon.ico","timestamp":"2022-06-20T11:21:38.957Z"}
{"level":"warn","metodo":"DELETE","ruta":"/login","timestamp":"2022-06-20T11:21:41.093Z"}
{"level":"warn","metodo":"GET","ruta":"/favicon.ico","timestamp":"2022-06-20T11:21:43.368Z"}
{"level":"warn","metodo":"DELETE","ruta":"/login","timestamp":"2022-06-20T11:21:45.309Z"}
{"level":"warn","metodo":"GET","ruta":"/favicon.ico","timestamp":"2022-06-20T11:21:46.687Z"}
{"level":"warn","metodo":"GET","ruta":"/favicon.ico","timestamp":"2022-06-20T11:22:09.206Z"}
{"level":"warn","metodo":"DELETE","ruta":"/login","timestamp":"2022-06-20T11:22:11.400Z"}
{"level":"warn","metodo":"GET","ruta":"/favicon.ico","timestamp":"2022-06-20T11:22:12.630Z"}
{"level":"warn","metodo":"DELETE","ruta":"/login","timestamp":"2022-06-20T11:22:13.782Z"}
{"level":"warn","metodo":"GET","ruta":"/favicon.ico","timestamp":"2022-06-20T11:22:47.549Z"}
{"level":"warn","metodo":"GET","ruta":"/favicon.ico","timestamp":"2022-06-20T11:22:50.797Z"}
{"level":"warn","metodo":"GET","ruta":"/favicon.ico","timestamp":"2022-06-20T11:22:56.983Z"}
{"level":"warn","metodo":"GET","ruta":"/favicon.ico","timestamp":"2022-06-20T11:23:37.817Z"}
{"level":"warn","metodo":"GET","ruta":"/favicon.ico","timestamp":"2022-06-20T11:23:41.048Z"}
{"level":"warn","metodo":"GET","ruta":"/partials/head.js","timestamp":"2022-06-20T11:30:01.821Z"}
{"level":"warn","metodo":"GET","ruta":"/favicon.ico","timestamp":"2022-06-20T11:30:01.887Z"}
{"level":"warn","metodo":"GET","ruta":"/assets/js/bootstrap.bundle.min.js.map","timestamp":"2022-06-20T11:30:17.486Z"}
{"level":"warn","metodo":"GET","ruta":"/partials/head.js","timestamp":"2022-06-20T11:30:28.032Z"}
{"level":"warn","metodo":"GET","ruta":"/favicon.ico","timestamp":"2022-06-20T11:30:28.104Z"}
{"level":"warn","metodo":"GET","ruta":"/assets/js/bootstrap.bundle.min.js.map","timestamp":"2022-06-20T11:31:13.524Z"}
{"level":"warn","metodo":"GET","ruta":"/favicon.ico","timestamp":"2022-06-20T11:31:13.566Z"}
{"level":"warn","metodo":"GET","ruta":"/assets/js/bootstrap.bundle.min.js.map","timestamp":"2022-06-20T11:31:57.825Z"}
{"level":"warn","metodo":"GET","ruta":"/favicon.ico","timestamp":"2022-06-20T11:31:57.849Z"}
{"level":"warn","metodo":"GET","ruta":"/assets/js/bootstrap.bundle.min.js.map","timestamp":"2022-06-20T11:32:42.244Z"}
{"level":"warn","metodo":"GET","ruta":"/favicon.ico","timestamp":"2022-06-20T11:32:42.273Z"}
{"level":"warn","metodo":"GET","ruta":"/assets/js/bootstrap.bundle.min.js.map","timestamp":"2022-06-20T11:34:52.711Z"}
{"level":"warn","metodo":"GET","ruta":"/favicon.ico","timestamp":"2022-06-20T11:34:52.743Z"}
{"level":"warn","metodo":"GET","ruta":"/assets/js/bootstrap.bundle.min.js.map","timestamp":"2022-06-20T11:34:54.476Z"}
{"level":"warn","metodo":"GET","ruta":"/favicon.ico","timestamp":"2022-06-20T11:34:54.514Z"}
{"level":"warn","metodo":"GET","ruta":"/assets/js/bootstrap.bundle.min.js.map","timestamp":"2022-06-20T11:34:58.495Z"}
{"level":"warn","metodo":"GET","ruta":"/favicon.ico","timestamp":"2022-06-20T11:34:58.531Z"}
{"level":"warn","metodo":"GET","ruta":"/assets/js/bootstrap.bundle.min.js.map","timestamp":"2022-06-20T11:35:05.982Z"}
{"level":"warn","metodo":"GET","ruta":"/favicon.ico","timestamp":"2022-06-20T11:35:05.989Z"}
{"level":"warn","metodo":"GET","ruta":"/assets/js/bootstrap.bundle.min.js.map","timestamp":"2022-06-20T11:35:08.033Z"}
{"level":"warn","metodo":"GET","ruta":"/favicon.ico","timestamp":"2022-06-20T11:35:08.064Z"}
{"level":"warn","metodo":"GET","ruta":"/assets/js/bootstrap.bundle.min.js.map","timestamp":"2022-06-20T11:36:51.432Z"}
{"level":"warn","metodo":"GET","ruta":"/favicon.ico","timestamp":"2022-06-20T11:36:51.459Z"}
{"level":"warn","metodo":"GET","ruta":"/assets/js/bootstrap.bundle.min.js.map","timestamp":"2022-06-20T11:37:24.287Z"}
{"level":"warn","metodo":"GET","ruta":"/favicon.ico","timestamp":"2022-06-20T11:37:24.318Z"}
{"level":"warn","metodo":"GET","ruta":"/assets/js/bootstrap.bundle.min.js.map","timestamp":"2022-06-20T11:37:27.621Z"}
{"level":"warn","metodo":"GET","ruta":"/favicon.ico","timestamp":"2022-06-20T11:37:27.652Z"}
{"level":"warn","metodo":"GET","ruta":"/assets/js/bootstrap.bundle.min.js.map","timestamp":"2022-06-20T11:40:34.535Z"}
{"level":"warn","metodo":"GET","ruta":"/favicon.ico","timestamp":"2022-06-20T11:40:34.581Z"}
{"level":"warn","metodo":"GET","ruta":"/assets/js/bootstrap.bundle.min.js.map","timestamp":"2022-06-20T11:40:53.847Z"}
{"level":"warn","metodo":"GET","ruta":"/favicon.ico","timestamp":"2022-06-20T11:40:53.876Z"}
{"level":"warn","metodo":"GET","ruta":"/assets/js/bootstrap.bundle.min.js.map","timestamp":"2022-06-20T11:41:01.119Z"}
{"level":"warn","metodo":"GET","ruta":"/favicon.ico","timestamp":"2022-06-20T11:41:01.237Z"}
{"level":"warn","metodo":"GET","ruta":"/assets/js/bootstrap.bundle.min.js.map","timestamp":"2022-06-20T11:41:09.507Z"}
{"level":"warn","metodo":"GET","ruta":"/favicon.ico","timestamp":"2022-06-20T11:41:09.541Z"}
{"level":"warn","metodo":"GET","ruta":"/assets/js/bootstrap.bundle.min.js.map","timestamp":"2022-06-20T11:41:24.746Z"}
{"level":"warn","metodo":"GET","ruta":"/favicon.ico","timestamp":"2022-06-20T11:41:24.777Z"}
{"level":"warn","metodo":"GET","ruta":"/assets/js/bootstrap.bundle.min.js.map","timestamp":"2022-06-20T11:42:59.414Z"}
{"level":"warn","metodo":"GET","ruta":"/favicon.ico","timestamp":"2022-06-20T11:42:59.450Z"}
{"level":"warn","metodo":"GET","ruta":"/assets/js/bootstrap.bundle.min.js.map","timestamp":"2022-06-20T11:43:01.230Z"}
{"level":"warn","metodo":"GET","ruta":"/favicon.ico","timestamp":"2022-06-20T11:43:01.256Z"}
{"level":"warn","metodo":"GET","ruta":"/assets/js/bootstrap.bundle.min.js.map","timestamp":"2022-06-20T11:43:31.705Z"}
{"level":"warn","metodo":"GET","ruta":"/favicon.ico","timestamp":"2022-06-20T11:43:31.727Z"}
{"level":"warn","metodo":"GET","ruta":"/assets/js/bootstrap.bundle.min.js.map","timestamp":"2022-06-20T11:44:08.751Z"}
{"level":"warn","metodo":"GET","ruta":"/favicon.ico","timestamp":"2022-06-20T11:44:08.783Z"}
{"level":"warn","metodo":"GET","ruta":"/assets/js/bootstrap.bundle.min.js.map","timestamp":"2022-06-20T11:44:11.766Z"}
{"level":"warn","metodo":"GET","ruta":"/favicon.ico","timestamp":"2022-06-20T11:44:11.794Z"}
{"level":"warn","metodo":"GET","ruta":"/assets/js/bootstrap.bundle.min.js.map","timestamp":"2022-06-20T11:44:18.501Z"}
{"level":"warn","metodo":"GET","ruta":"/favicon.ico","timestamp":"2022-06-20T11:44:18.525Z"}
{"level":"warn","metodo":"GET","ruta":"/assets/js/bootstrap.bundle.min.js.map","timestamp":"2022-06-20T11:45:35.599Z"}
{"level":"warn","metodo":"GET","ruta":"/favicon.ico","timestamp":"2022-06-20T11:45:35.630Z"}
{"level":"warn","metodo":"GET","ruta":"/assets/js/bootstrap.bundle.min.js.map","timestamp":"2022-06-20T11:45:39.918Z"}
{"level":"warn","metodo":"GET","ruta":"/favicon.ico","timestamp":"2022-06-20T11:45:39.964Z"}
{"level":"warn","metodo":"GET","ruta":"/assets/js/bootstrap.bundle.min.js.map","timestamp":"2022-06-20T11:45:41.354Z"}
{"level":"warn","metodo":"GET","ruta":"/favicon.ico","timestamp":"2022-06-20T11:45:41.393Z"}
{"level":"warn","metodo":"GET","ruta":"/assets/js/bootstrap.bundle.min.js.map","timestamp":"2022-06-20T11:45:44.972Z"}
{"level":"warn","metodo":"GET","ruta":"/favicon.ico","timestamp":"2022-06-20T11:45:44.993Z"}
{"level":"warn","metodo":"GET","ruta":"/assets/js/bootstrap.bundle.min.js.map","timestamp":"2022-06-20T11:45:48.109Z"}
{"level":"warn","metodo":"GET","ruta":"/favicon.ico","timestamp":"2022-06-20T11:45:48.153Z"}
{"level":"warn","metodo":"GET","ruta":"/assets/js/bootstrap.bundle.min.js.map","timestamp":"2022-06-20T11:45:50.192Z"}
{"level":"warn","metodo":"GET","ruta":"/favicon.ico","timestamp":"2022-06-20T11:45:50.234Z"}
{"level":"warn","metodo":"GET","ruta":"/favicon.ico","timestamp":"2022-06-20T11:46:08.864Z"}
{"level":"warn","metodo":"GET","ruta":"/favicon.ico","timestamp":"2022-06-20T11:46:14.263Z"}
{"level":"warn","metodo":"GET","ruta":"/favicon.ico","timestamp":"2022-06-20T11:46:30.546Z"}
{"level":"warn","metodo":"GET","ruta":"/assets/js/bootstrap.bundle.min.js.map","timestamp":"2022-06-20T11:47:06.674Z"}
{"level":"warn","metodo":"GET","ruta":"/favicon.ico","timestamp":"2022-06-20T11:47:06.713Z"}
{"level":"warn","metodo":"GET","ruta":"/assets/js/bootstrap.bundle.min.js.map","timestamp":"2022-06-20T11:47:09.503Z"}
{"level":"warn","metodo":"GET","ruta":"/favicon.ico","timestamp":"2022-06-20T11:47:09.543Z"}
{"level":"warn","metodo":"GET","ruta":"/assets/js/bootstrap.bundle.min.js.map","timestamp":"2022-06-20T11:47:10.548Z"}
{"level":"warn","metodo":"GET","ruta":"/favicon.ico","timestamp":"2022-06-20T11:47:10.609Z"}
{"level":"warn","metodo":"GET","ruta":"/assets/js/bootstrap.bundle.min.js.map","timestamp":"2022-06-20T11:47:11.594Z"}
{"level":"warn","metodo":"GET","ruta":"/favicon.ico","timestamp":"2022-06-20T11:47:11.651Z"}
{"level":"warn","metodo":"GET","ruta":"/assets/js/bootstrap.bundle.min.js.map","timestamp":"2022-06-20T11:50:24.588Z"}
{"level":"warn","metodo":"GET","ruta":"/favicon.ico","timestamp":"2022-06-20T11:50:24.822Z"}
{"level":"warn","metodo":"GET","ruta":"/assets/js/bootstrap.bundle.min.js.map","timestamp":"2022-06-20T11:53:16.496Z"}
{"level":"warn","metodo":"GET","ruta":"/favicon.ico","timestamp":"2022-06-20T11:53:16.532Z"}
{"level":"warn","metodo":"GET","ruta":"/favicon.ico","timestamp":"2022-06-20T11:53:20.960Z"}
{"level":"warn","metodo":"GET","ruta":"/assets/js/bootstrap.bundle.min.js.map","timestamp":"2022-06-20T11:53:22.856Z"}
{"level":"warn","metodo":"GET","ruta":"/favicon.ico","timestamp":"2022-06-20T11:53:22.902Z"}
{"level":"warn","metodo":"GET","ruta":"/assets/js/bootstrap.bundle.min.js.map","timestamp":"2022-06-20T11:53:27.299Z"}
{"level":"warn","metodo":"GET","ruta":"/favicon.ico","timestamp":"2022-06-20T11:53:27.340Z"}
{"level":"warn","metodo":"GET","ruta":"/favicon.ico","timestamp":"2022-06-20T11:53:28.891Z"}
{"level":"warn","metodo":"GET","ruta":"/assets/js/bootstrap.bundle.min.js.map","timestamp":"2022-06-20T11:53:34.343Z"}
{"level":"warn","metodo":"GET","ruta":"/favicon.ico","timestamp":"2022-06-20T11:53:34.520Z"}
{"level":"warn","metodo":"GET","ruta":"/assets/js/bootstrap.bundle.min.js.map","timestamp":"2022-06-20T11:53:42.871Z"}
{"level":"warn","metodo":"GET","ruta":"/favicon.ico","timestamp":"2022-06-20T11:53:42.899Z"}
{"level":"warn","metodo":"GET","ruta":"/assets/js/bootstrap.bundle.min.js.map","timestamp":"2022-06-20T11:53:45.883Z"}
{"level":"warn","metodo":"GET","ruta":"/favicon.ico","timestamp":"2022-06-20T11:53:45.918Z"}
{"level":"warn","metodo":"GET","ruta":"/favicon.ico","timestamp":"2022-06-20T11:57:44.801Z"}
{"level":"warn","metodo":"GET","ruta":"/assets/js/bootstrap.bundle.min.js.map","timestamp":"2022-06-20T11:57:47.789Z"}
{"level":"warn","metodo":"GET","ruta":"/favicon.ico","timestamp":"2022-06-20T11:57:47.823Z"}
{"level":"warn","metodo":"GET","ruta":"/assets/js/bootstrap.bundle.min.js.map","timestamp":"2022-06-20T11:57:52.894Z"}
{"level":"warn","metodo":"GET","ruta":"/favicon.ico","timestamp":"2022-06-20T11:57:52.947Z"}
{"level":"warn","metodo":"GET","ruta":"/favicon.ico","timestamp":"2022-06-20T11:57:55.007Z"}
{"level":"warn","metodo":"GET","ruta":"/favicon.ico","timestamp":"2022-06-20T11:58:00.983Z"}
{"level":"warn","metodo":"GET","ruta":"/assets/js/bootstrap.bundle.min.js.map","timestamp":"2022-06-20T11:58:03.429Z"}
{"level":"warn","metodo":"GET","ruta":"/favicon.ico","timestamp":"2022-06-20T11:58:03.463Z"}
{"level":"warn","metodo":"GET","ruta":"/assets/js/bootstrap.bundle.min.js.map","timestamp":"2022-06-20T11:58:44.974Z"}
{"level":"warn","metodo":"GET","ruta":"/favicon.ico","timestamp":"2022-06-20T11:58:45.022Z"}
{"level":"warn","metodo":"GET","ruta":"/favicon.ico","timestamp":"2022-06-20T11:58:46.334Z"}
{"level":"warn","metodo":"GET","ruta":"/assets/js/bootstrap.bundle.min.js.map","timestamp":"2022-06-20T11:58:51.544Z"}
{"level":"warn","metodo":"GET","ruta":"/favicon.ico","timestamp":"2022-06-20T11:58:51.551Z"}
{"level":"warn","metodo":"GET","ruta":"/favicon.ico","timestamp":"2022-06-20T11:58:58.981Z"}
{"level":"warn","metodo":"GET","ruta":"/assets/js/bootstrap.bundle.min.js.map","timestamp":"2022-06-20T11:59:00.325Z"}
{"level":"warn","metodo":"GET","ruta":"/favicon.ico","timestamp":"2022-06-20T11:59:00.366Z"}
{"level":"warn","metodo":"GET","ruta":"/assets/js/bootstrap.bundle.min.js.map","timestamp":"2022-06-20T11:59:18.146Z"}
{"level":"warn","metodo":"GET","ruta":"/favicon.ico","timestamp":"2022-06-20T11:59:18.177Z"}
{"level":"warn","metodo":"GET","ruta":"/favicon.ico","timestamp":"2022-06-20T12:15:33.433Z"}
{"level":"warn","metodo":"GET","ruta":"/assets/js/bootstrap.bundle.min.js.map","timestamp":"2022-06-20T12:15:35.440Z"}
{"level":"warn","metodo":"GET","ruta":"/favicon.ico","timestamp":"2022-06-20T12:15:35.488Z"}
{"level":"warn","metodo":"GET","ruta":"/favicon.ico","timestamp":"2022-06-20T12:15:58.076Z"}
{"level":"warn","metodo":"GET","ruta":"/favicon.ico","timestamp":"2022-06-20T12:23:28.937Z"}
{"level":"warn","metodo":"GET","ruta":"/assets/js/bootstrap.bundle.min.js.map","timestamp":"2022-06-20T12:23:31.991Z"}
{"level":"warn","metodo":"GET","ruta":"/favicon.ico","timestamp":"2022-06-20T12:23:32.177Z"}
{"level":"warn","metodo":"GET","ruta":"/favicon.ico","timestamp":"2022-06-20T12:23:33.872Z"}
{"level":"warn","metodo":"GET","ruta":"/assets/js/bootstrap.bundle.min.js.map","timestamp":"2022-06-20T12:23:34.914Z"}
{"level":"warn","metodo":"GET","ruta":"/favicon.ico","timestamp":"2022-06-20T12:23:34.966Z"}
{"level":"warn","metodo":"GET","ruta":"/favicon.ico","timestamp":"2022-06-20T12:23:45.098Z"}
{"level":"warn","metodo":"GET","ruta":"/favicon.ico","timestamp":"2022-06-20T12:24:23.311Z"}
{"level":"warn","metodo":"GET","ruta":"/favicon.ico","timestamp":"2022-06-20T12:24:26.931Z"}
{"level":"warn","metodo":"GET","ruta":"/favicon.ico","timestamp":"2022-06-20T12:24:35.612Z"}
{"level":"warn","metodo":"GET","ruta":"/assets/js/bootstrap.bundle.min.js.map","timestamp":"2022-06-20T12:24:37.221Z"}
{"level":"warn","metodo":"GET","ruta":"/favicon.ico","timestamp":"2022-06-20T12:24:37.254Z"}
{"level":"warn","metodo":"GET","ruta":"/favicon.ico","timestamp":"2022-06-20T12:24:38.727Z"}
{"level":"warn","metodo":"GET","ruta":"/favicon.ico","timestamp":"2022-06-21T11:10:20.965Z"}
{"level":"warn","metodo":"GET","ruta":"/favicon.ico","timestamp":"2022-06-21T11:10:37.862Z"}
{"level":"warn","metodo":"GET","ruta":"/favicon.ico","timestamp":"2022-06-21T11:10:41.934Z"}
{"level":"warn","metodo":"GET","ruta":"/favicon.ico","timestamp":"2022-06-21T11:11:19.883Z"}
{"level":"warn","metodo":"GET","ruta":"/favicon.ico","timestamp":"2022-06-21T11:12:20.070Z"}
{"level":"warn","metodo":"GET","ruta":"/favicon.ico","timestamp":"2022-06-21T11:12:30.526Z"}
{"level":"warn","metodo":"GET","ruta":"/favicon.ico","timestamp":"2022-06-21T11:13:44.625Z"}
{"level":"warn","metodo":"GET","ruta":"/favicon.ico","timestamp":"2022-06-21T11:18:29.427Z"}
{"level":"warn","metodo":"GET","ruta":"/favicon.ico","timestamp":"2022-06-21T11:18:41.348Z"}
{"level":"warn","metodo":"GET","ruta":"/favicon.ico","timestamp":"2022-06-21T11:18:50.330Z"}
{"level":"warn","metodo":"GET","ruta":"/favicon.ico","timestamp":"2022-06-21T11:19:01.749Z"}
{"level":"warn","metodo":"GET","ruta":"/favicon.ico","timestamp":"2022-06-21T11:19:09.485Z"}
{"level":"warn","metodo":"GET","ruta":"/favicon.ico","timestamp":"2022-06-21T11:19:11.736Z"}
{"level":"warn","metodo":"GET","ruta":"/favicon.ico","timestamp":"2022-06-21T11:19:14.075Z"}
{"level":"warn","metodo":"GET","ruta":"/favicon.ico","timestamp":"2022-06-21T11:19:18.407Z"}
{"level":"warn","metodo":"GET","ruta":"/favicon.ico","timestamp":"2022-06-21T11:19:22.608Z"}
{"level":"warn","metodo":"GET","ruta":"/favicon.ico","timestamp":"2022-06-21T11:19:24.879Z"}
{"level":"warn","metodo":"GET","ruta":"/favicon.ico","timestamp":"2022-06-21T11:19:27.698Z"}
{"level":"warn","metodo":"GET","ruta":"/favicon.ico","timestamp":"2022-06-21T11:19:29.544Z"}
{"level":"warn","metodo":"GET","ruta":"/favicon.ico","timestamp":"2022-06-21T11:20:43.870Z"}
{"level":"warn","metodo":"GET","ruta":"/favicon.ico","timestamp":"2022-06-21T11:20:46.496Z"}
{"level":"warn","metodo":"GET","ruta":"/favicon.ico","timestamp":"2022-06-21T11:22:41.599Z"}
{"level":"warn","metodo":"GET","ruta":"/favicon.ico","timestamp":"2022-06-21T11:25:39.887Z"}
{"level":"warn","metodo":"GET","ruta":"/assets/js/bootstrap.bundle.min.js.map","timestamp":"2022-06-21T11:25:52.191Z"}
{"level":"warn","metodo":"GET","ruta":"/assets/js/bootstrap.bundle.min.js.map","timestamp":"2022-06-21T11:26:28.710Z"}
{"level":"warn","metodo":"GET","ruta":"/favicon.ico","timestamp":"2022-06-21T11:26:28.760Z"}
{"level":"warn","metodo":"GET","ruta":"/favicon.ico","timestamp":"2022-06-21T11:26:40.661Z"}
{"level":"warn","metodo":"GET","ruta":"/favicon.ico","timestamp":"2022-06-21T11:26:46.851Z"}
{"level":"warn","metodo":"GET","ruta":"/assets/js/bootstrap.bundle.min.js.map","timestamp":"2022-06-21T11:26:56.862Z"}
{"level":"warn","metodo":"GET","ruta":"/assets/js/bootstrap.bundle.min.js.map","timestamp":"2022-06-21T11:30:02.717Z"}
{"level":"warn","metodo":"GET","ruta":"/favicon.ico","timestamp":"2022-06-21T11:30:02.745Z"}
{"level":"warn","metodo":"GET","ruta":"/assets/js/bootstrap.bundle.min.js.map","timestamp":"2022-06-21T11:30:09.776Z"}
{"level":"warn","metodo":"GET","ruta":"/favicon.ico","timestamp":"2022-06-21T11:30:09.818Z"}
{"level":"warn","metodo":"GET","ruta":"/assets/js/bootstrap.bundle.min.js.map","timestamp":"2022-06-21T11:30:13.179Z"}
{"level":"warn","metodo":"GET","ruta":"/favicon.ico","timestamp":"2022-06-21T11:30:13.198Z"}
{"level":"warn","metodo":"GET","ruta":"/assets/js/bootstrap.bundle.min.js.map","timestamp":"2022-06-21T11:31:30.549Z"}
{"level":"warn","metodo":"GET","ruta":"/favicon.ico","timestamp":"2022-06-21T11:31:30.569Z"}
{"level":"warn","metodo":"GET","ruta":"/assets/js/bootstrap.bundle.min.js.map","timestamp":"2022-06-21T11:32:30.538Z"}
{"level":"warn","metodo":"GET","ruta":"/favicon.ico","timestamp":"2022-06-21T11:32:30.571Z"}
{"level":"warn","metodo":"GET","ruta":"/assets/js/bootstrap.bundle.min.js.map","timestamp":"2022-06-21T11:32:32.283Z"}
{"level":"warn","metodo":"GET","ruta":"/favicon.ico","timestamp":"2022-06-21T11:32:32.320Z"}
{"level":"warn","metodo":"GET","ruta":"/assets/js/bootstrap.bundle.min.js.map","timestamp":"2022-06-21T11:32:40.384Z"}
{"level":"warn","metodo":"GET","ruta":"/favicon.ico","timestamp":"2022-06-21T11:32:40.429Z"}
{"level":"warn","metodo":"GET","ruta":"/assets/js/bootstrap.bundle.min.js.map","timestamp":"2022-06-21T11:33:58.280Z"}
{"level":"warn","metodo":"GET","ruta":"/favicon.ico","timestamp":"2022-06-21T11:33:58.313Z"}
{"level":"warn","metodo":"GET","ruta":"/assets/js/bootstrap.bundle.min.js.map","timestamp":"2022-06-21T11:36:23.308Z"}
{"level":"warn","metodo":"GET","ruta":"/favicon.ico","timestamp":"2022-06-21T11:36:23.329Z"}
{"level":"warn","metodo":"GET","ruta":"/assets/js/bootstrap.bundle.min.js.map","timestamp":"2022-06-21T11:37:27.830Z"}
{"level":"warn","metodo":"GET","ruta":"/favicon.ico","timestamp":"2022-06-21T11:37:27.860Z"}
{"level":"warn","metodo":"GET","ruta":"/assets/js/bootstrap.bundle.min.js.map","timestamp":"2022-06-21T11:37:39.927Z"}
{"level":"warn","metodo":"GET","ruta":"/favicon.ico","timestamp":"2022-06-21T11:37:39.961Z"}
{"level":"warn","metodo":"GET","ruta":"/assets/js/bootstrap.bundle.min.js.map","timestamp":"2022-06-21T11:37:46.568Z"}
{"level":"warn","metodo":"GET","ruta":"/favicon.ico","timestamp":"2022-06-21T11:37:46.606Z"}
{"level":"warn","metodo":"GET","ruta":"/assets/js/bootstrap.bundle.min.js.map","timestamp":"2022-06-21T11:37:53.311Z"}
{"level":"warn","metodo":"GET","ruta":"/favicon.ico","timestamp":"2022-06-21T11:37:53.343Z"}
{"level":"warn","metodo":"GET","ruta":"/assets/js/bootstrap.bundle.min.js.map","timestamp":"2022-06-21T11:37:55.827Z"}
{"level":"warn","metodo":"GET","ruta":"/favicon.ico","timestamp":"2022-06-21T11:37:55.873Z"}
{"level":"warn","metodo":"GET","ruta":"/assets/js/bootstrap.bundle.min.js.map","timestamp":"2022-06-21T11:38:29.696Z"}
{"level":"warn","metodo":"GET","ruta":"/favicon.ico","timestamp":"2022-06-21T11:38:29.731Z"}
{"level":"warn","metodo":"GET","ruta":"/assets/js/bootstrap.bundle.min.js.map","timestamp":"2022-06-21T11:38:33.637Z"}
{"level":"warn","metodo":"GET","ruta":"/favicon.ico","timestamp":"2022-06-21T11:38:33.672Z"}
{"level":"warn","metodo":"GET","ruta":"/assets/js/bootstrap.bundle.min.js.map","timestamp":"2022-06-21T11:40:35.357Z"}
{"level":"warn","metodo":"GET","ruta":"/favicon.ico","timestamp":"2022-06-21T11:40:35.391Z"}
{"level":"warn","metodo":"GET","ruta":"/assets/js/bootstrap.bundle.min.js.map","timestamp":"2022-06-21T11:43:16.022Z"}
{"level":"warn","metodo":"GET","ruta":"/favicon.ico","timestamp":"2022-06-21T11:43:16.070Z"}
{"level":"warn","metodo":"GET","ruta":"/assets/js/bootstrap.bundle.min.js.map","timestamp":"2022-06-21T11:44:42.607Z"}
{"level":"warn","metodo":"GET","ruta":"/favicon.ico","timestamp":"2022-06-21T11:44:42.644Z"}
{"level":"warn","metodo":"GET","ruta":"/assets/js/bootstrap.bundle.min.js.map","timestamp":"2022-06-21T11:45:32.572Z"}
{"level":"warn","metodo":"GET","ruta":"/favicon.ico","timestamp":"2022-06-21T11:45:32.604Z"}
{"level":"warn","metodo":"GET","ruta":"/assets/js/bootstrap.bundle.min.js.map","timestamp":"2022-06-21T11:45:39.019Z"}
{"level":"warn","metodo":"GET","ruta":"/favicon.ico","timestamp":"2022-06-21T11:45:39.068Z"}
{"level":"warn","metodo":"GET","ruta":"/assets/js/bootstrap.bundle.min.js.map","timestamp":"2022-06-21T11:46:47.865Z"}
{"level":"warn","metodo":"GET","ruta":"/favicon.ico","timestamp":"2022-06-21T11:46:47.898Z"}
{"level":"warn","metodo":"GET","ruta":"/assets/js/bootstrap.bundle.min.js.map","timestamp":"2022-06-21T11:46:55.936Z"}
{"level":"warn","metodo":"GET","ruta":"/favicon.ico","timestamp":"2022-06-21T11:46:55.971Z"}
{"level":"warn","metodo":"GET","ruta":"/assets/js/bootstrap.bundle.min.js.map","timestamp":"2022-06-21T11:46:58.354Z"}
{"level":"warn","metodo":"GET","ruta":"/favicon.ico","timestamp":"2022-06-21T11:46:58.388Z"}
{"level":"warn","metodo":"GET","ruta":"/assets/js/bootstrap.bundle.min.js.map","timestamp":"2022-06-21T11:47:21.272Z"}
{"level":"warn","metodo":"GET","ruta":"/favicon.ico","timestamp":"2022-06-21T11:47:21.315Z"}
{"level":"warn","metodo":"GET","ruta":"/assets/js/bootstrap.bundle.min.js.map","timestamp":"2022-06-21T11:47:23.139Z"}
{"level":"warn","metodo":"GET","ruta":"/favicon.ico","timestamp":"2022-06-21T11:47:23.175Z"}
{"level":"warn","metodo":"GET","ruta":"/assets/js/bootstrap.bundle.min.js.map","timestamp":"2022-06-21T11:47:57.987Z"}
{"level":"warn","metodo":"GET","ruta":"/favicon.ico","timestamp":"2022-06-21T11:47:58.018Z"}
{"level":"warn","metodo":"GET","ruta":"/assets/js/bootstrap.bundle.min.js.map","timestamp":"2022-06-22T10:10:26.624Z"}
{"level":"warn","metodo":"GET","ruta":"/favicon.ico","timestamp":"2022-06-22T10:10:26.675Z"}
{"level":"warn","metodo":"GET","ruta":"/assets/js/bootstrap.bundle.min.js.map","timestamp":"2022-06-22T10:10:46.589Z"}
{"level":"warn","metodo":"GET","ruta":"/favicon.ico","timestamp":"2022-06-22T10:10:46.631Z"}
{"level":"warn","metodo":"GET","ruta":"/assets/js/bootstrap.bundle.min.js.map","timestamp":"2022-06-22T10:11:22.734Z"}
{"level":"warn","metodo":"GET","ruta":"/favicon.ico","timestamp":"2022-06-22T10:11:22.781Z"}
{"level":"warn","metodo":"GET","ruta":"/assets/js/bootstrap.bundle.min.js.map","timestamp":"2022-06-22T10:18:17.491Z"}
{"level":"warn","metodo":"GET","ruta":"/favicon.ico","timestamp":"2022-06-22T10:18:17.517Z"}
{"level":"warn","metodo":"GET","ruta":"/assets/js/bootstrap.bundle.min.js.map","timestamp":"2022-06-22T10:23:10.834Z"}
{"level":"warn","metodo":"GET","ruta":"/favicon.ico","timestamp":"2022-06-22T10:23:10.874Z"}
{"level":"warn","metodo":"GET","ruta":"/favicon.ico","timestamp":"2022-06-22T10:25:05.739Z"}
{"level":"warn","metodo":"GET","ruta":"/favicon.ico","timestamp":"2022-06-22T10:26:03.222Z"}
{"level":"warn","metodo":"GET","ruta":"/favicon.ico","timestamp":"2022-06-22T10:29:30.113Z"}
{"level":"warn","metodo":"GET","ruta":"/favicon.ico","timestamp":"2022-06-22T10:35:28.597Z"}
{"level":"warn","metodo":"GET","ruta":"/favicon.ico","timestamp":"2022-06-22T10:35:38.051Z"}
{"level":"warn","metodo":"GET","ruta":"/assets/js/bootstrap.bundle.min.js.map","timestamp":"2022-06-22T10:37:48.153Z"}
{"level":"warn","metodo":"GET","ruta":"/assets/js/bootstrap.bundle.min.js.map","timestamp":"2022-06-22T10:40:19.893Z"}
{"level":"warn","metodo":"GET","ruta":"/favicon.ico","timestamp":"2022-06-22T10:40:19.924Z"}
{"level":"warn","metodo":"GET","ruta":"/assets/js/bootstrap.bundle.min.js.map","timestamp":"2022-06-22T10:40:49.297Z"}
{"level":"warn","metodo":"GET","ruta":"/favicon.ico","timestamp":"2022-06-22T10:40:49.329Z"}
{"level":"warn","metodo":"GET","ruta":"/assets/js/bootstrap.bundle.min.js.map","timestamp":"2022-06-22T10:45:06.882Z"}
{"level":"warn","metodo":"GET","ruta":"/favicon.ico","timestamp":"2022-06-22T10:45:06.900Z"}
{"level":"warn","metodo":"GET","ruta":"/assets/js/bootstrap.bundle.min.js.map","timestamp":"2022-06-22T10:45:11.220Z"}
{"level":"warn","metodo":"GET","ruta":"/favicon.ico","timestamp":"2022-06-22T10:45:11.254Z"}
{"level":"warn","metodo":"GET","ruta":"/assets/js/bootstrap.bundle.min.js.map","timestamp":"2022-06-22T10:45:13.301Z"}
{"level":"warn","metodo":"GET","ruta":"/favicon.ico","timestamp":"2022-06-22T10:45:13.335Z"}
{"level":"error","message":"CarModule.insertOne is not a function","timestamp":"2022-06-22T10:45:15.451Z"}
{"level":"warn","metodo":"GET","ruta":"/assets/js/bootstrap.bundle.min.js.map","timestamp":"2022-06-22T10:48:56.010Z"}
{"level":"warn","metodo":"GET","ruta":"/favicon.ico","timestamp":"2022-06-22T10:48:56.040Z"}
{"level":"error","message":"CarModule.insertOne is not a function","timestamp":"2022-06-22T10:48:58.689Z"}
{"level":"warn","metodo":"GET","ruta":"/assets/js/bootstrap.bundle.min.js.map","timestamp":"2022-06-22T10:53:12.194Z"}
{"level":"warn","metodo":"GET","ruta":"/favicon.ico","timestamp":"2022-06-22T10:53:12.241Z"}
{"level":"warn","metodo":"GET","ruta":"/assets/js/bootstrap.bundle.min.js.map","timestamp":"2022-06-22T10:53:18.803Z"}
{"level":"warn","metodo":"GET","ruta":"/favicon.ico","timestamp":"2022-06-22T10:53:18.840Z"}
{"level":"warn","metodo":"GET","ruta":"/assets/js/bootstrap.bundle.min.js.map","timestamp":"2022-06-22T10:53:23.709Z"}
{"level":"warn","metodo":"GET","ruta":"/favicon.ico","timestamp":"2022-06-22T10:53:23.756Z"}
{"level":"warn","metodo":"GET","ruta":"/assets/js/bootstrap.bundle.min.js.map","timestamp":"2022-06-22T10:54:42.828Z"}
{"level":"warn","metodo":"GET","ruta":"/favicon.ico","timestamp":"2022-06-22T10:54:42.862Z"}
{"level":"warn","metodo":"GET","ruta":"/assets/js/bootstrap.bundle.min.js.map","timestamp":"2022-06-22T10:57:23.260Z"}
{"level":"warn","metodo":"GET","ruta":"/favicon.ico","timestamp":"2022-06-22T10:57:23.293Z"}
{"level":"warn","metodo":"GET","ruta":"/assets/js/bootstrap.bundle.min.js.map","timestamp":"2022-06-22T10:57:24.446Z"}
{"level":"warn","metodo":"GET","ruta":"/favicon.ico","timestamp":"2022-06-22T10:57:24.496Z"}
{"level":"warn","metodo":"GET","ruta":"/assets/js/bootstrap.bundle.min.js.map","timestamp":"2022-06-22T10:57:31.089Z"}
{"level":"warn","metodo":"GET","ruta":"/favicon.ico","timestamp":"2022-06-22T10:57:31.123Z"}
{"level":"warn","metodo":"GET","ruta":"/assets/js/bootstrap.bundle.min.js.map","timestamp":"2022-06-22T10:57:35.239Z"}
{"level":"warn","metodo":"GET","ruta":"/favicon.ico","timestamp":"2022-06-22T10:57:35.284Z"}
{"level":"warn","metodo":"GET","ruta":"/assets/js/bootstrap.bundle.min.js.map","timestamp":"2022-06-22T10:58:42.975Z"}
{"level":"warn","metodo":"GET","ruta":"/favicon.ico","timestamp":"2022-06-22T10:58:43.008Z"}
{"level":"warn","metodo":"GET","ruta":"/assets/js/bootstrap.bundle.min.js.map","timestamp":"2022-06-22T10:58:44.063Z"}
{"level":"warn","metodo":"GET","ruta":"/favicon.ico","timestamp":"2022-06-22T10:58:44.099Z"}
{"level":"warn","metodo":"GET","ruta":"/assets/js/bootstrap.bundle.min.js.map","timestamp":"2022-06-22T10:58:48.457Z"}
{"level":"warn","metodo":"GET","ruta":"/favicon.ico","timestamp":"2022-06-22T10:58:48.488Z"}
{"level":"warn","metodo":"GET","ruta":"/assets/js/bootstrap.bundle.min.js.map","timestamp":"2022-06-22T10:58:51.571Z"}
{"level":"warn","metodo":"GET","ruta":"/favicon.ico","timestamp":"2022-06-22T10:58:51.615Z"}
{"level":"warn","metodo":"GET","ruta":"/assets/js/bootstrap.bundle.min.js.map","timestamp":"2022-06-22T11:00:33.991Z"}
{"level":"warn","metodo":"GET","ruta":"/favicon.ico","timestamp":"2022-06-22T11:00:34.016Z"}
{"level":"warn","metodo":"GET","ruta":"/assets/js/bootstrap.bundle.min.js.map","timestamp":"2022-06-22T11:02:12.834Z"}
{"level":"warn","metodo":"GET","ruta":"/favicon.ico","timestamp":"2022-06-22T11:02:12.861Z"}
{"level":"warn","metodo":"GET","ruta":"/assets/js/bootstrap.bundle.min.js.map","timestamp":"2022-06-22T11:02:47.471Z"}
{"level":"warn","metodo":"GET","ruta":"/favicon.ico","timestamp":"2022-06-22T11:02:47.491Z"}
{"level":"warn","metodo":"GET","ruta":"/assets/js/bootstrap.bundle.min.js.map","timestamp":"2022-06-22T11:02:58.903Z"}
{"level":"warn","metodo":"GET","ruta":"/favicon.ico","timestamp":"2022-06-22T11:02:58.936Z"}
{"level":"warn","metodo":"GET","ruta":"/assets/js/bootstrap.bundle.min.js.map","timestamp":"2022-06-22T11:03:00.567Z"}
{"level":"warn","metodo":"GET","ruta":"/favicon.ico","timestamp":"2022-06-22T11:03:00.602Z"}
{"level":"warn","metodo":"GET","ruta":"/assets/js/bootstrap.bundle.min.js.map","timestamp":"2022-06-22T11:03:15.203Z"}
{"level":"warn","metodo":"GET","ruta":"/favicon.ico","timestamp":"2022-06-22T11:03:15.297Z"}
{"level":"warn","metodo":"GET","ruta":"/assets/js/bootstrap.bundle.min.js.map","timestamp":"2022-06-22T11:03:59.935Z"}
{"level":"warn","metodo":"GET","ruta":"/favicon.ico","timestamp":"2022-06-22T11:03:59.987Z"}
{"level":"warn","metodo":"GET","ruta":"/assets/js/bootstrap.bundle.min.js.map","timestamp":"2022-06-22T11:04:07.217Z"}
{"level":"warn","metodo":"GET","ruta":"/favicon.ico","timestamp":"2022-06-22T11:04:07.238Z"}
{"level":"warn","metodo":"GET","ruta":"/assets/js/bootstrap.bundle.min.js.map","timestamp":"2022-06-22T11:06:16.251Z"}
{"level":"warn","metodo":"GET","ruta":"/favicon.ico","timestamp":"2022-06-22T11:06:16.282Z"}
{"level":"warn","metodo":"GET","ruta":"/assets/js/bootstrap.bundle.min.js.map","timestamp":"2022-06-22T11:06:42.881Z"}
{"level":"warn","metodo":"GET","ruta":"/favicon.ico","timestamp":"2022-06-22T11:06:42.909Z"}
{"level":"warn","metodo":"GET","ruta":"/assets/js/bootstrap.bundle.min.js.map","timestamp":"2022-06-22T11:07:09.442Z"}
{"level":"warn","metodo":"GET","ruta":"/favicon.ico","timestamp":"2022-06-22T11:07:09.476Z"}
{"level":"warn","metodo":"GET","ruta":"/assets/js/bootstrap.bundle.min.js.map","timestamp":"2022-06-22T11:07:17.852Z"}
{"level":"warn","metodo":"GET","ruta":"/favicon.ico","timestamp":"2022-06-22T11:07:17.881Z"}
{"level":"warn","metodo":"GET","ruta":"/assets/js/bootstrap.bundle.min.js.map","timestamp":"2022-06-22T11:07:39.564Z"}
{"level":"warn","metodo":"GET","ruta":"/favicon.ico","timestamp":"2022-06-22T11:07:39.599Z"}
{"level":"warn","metodo":"GET","ruta":"/assets/js/bootstrap.bundle.min.js.map","timestamp":"2022-06-22T11:07:47.693Z"}
{"level":"warn","metodo":"GET","ruta":"/favicon.ico","timestamp":"2022-06-22T11:07:47.721Z"}
{"level":"warn","metodo":"GET","ruta":"/assets/js/bootstrap.bundle.min.js.map","timestamp":"2022-06-22T11:08:37.521Z"}
{"level":"warn","metodo":"GET","ruta":"/favicon.ico","timestamp":"2022-06-22T11:08:37.542Z"}
{"level":"warn","metodo":"GET","ruta":"/assets/js/bootstrap.bundle.min.js.map","timestamp":"2022-06-22T11:09:37.562Z"}
{"level":"warn","metodo":"GET","ruta":"/favicon.ico","timestamp":"2022-06-22T11:09:37.607Z"}
{"level":"warn","metodo":"GET","ruta":"/assets/js/bootstrap.bundle.min.js.map","timestamp":"2022-06-22T11:09:41.623Z"}
{"level":"warn","metodo":"GET","ruta":"/favicon.ico","timestamp":"2022-06-22T11:09:41.650Z"}
{"level":"warn","metodo":"GET","ruta":"/assets/js/bootstrap.bundle.min.js.map","timestamp":"2022-06-22T11:12:21.099Z"}
{"level":"warn","metodo":"GET","ruta":"/favicon.ico","timestamp":"2022-06-22T11:12:21.140Z"}
{"level":"warn","metodo":"GET","ruta":"/assets/js/bootstrap.bundle.min.js.map","timestamp":"2022-06-22T11:12:23.946Z"}
{"level":"warn","metodo":"GET","ruta":"/favicon.ico","timestamp":"2022-06-22T11:12:23.982Z"}
{"level":"warn","metodo":"GET","ruta":"/assets/js/bootstrap.bundle.min.js.map","timestamp":"2022-06-22T11:15:09.387Z"}
{"level":"warn","metodo":"GET","ruta":"/favicon.ico","timestamp":"2022-06-22T11:15:09.422Z"}
{"level":"warn","metodo":"GET","ruta":"/assets/js/bootstrap.bundle.min.js.map","timestamp":"2022-06-22T11:24:33.630Z"}
{"level":"warn","metodo":"GET","ruta":"/favicon.ico","timestamp":"2022-06-22T11:24:33.655Z"}
{"level":"warn","metodo":"GET","ruta":"/assets/js/bootstrap.bundle.min.js.map","timestamp":"2022-06-22T11:24:50.498Z"}
{"level":"warn","metodo":"GET","ruta":"/favicon.ico","timestamp":"2022-06-22T11:24:50.573Z"}
{"level":"warn","metodo":"GET","ruta":"/assets/js/bootstrap.bundle.min.js.map","timestamp":"2022-06-22T11:25:02.626Z"}
{"level":"warn","metodo":"GET","ruta":"/favicon.ico","timestamp":"2022-06-22T11:25:02.661Z"}
{"level":"warn","metodo":"GET","ruta":"/assets/js/bootstrap.bundle.min.js.map","timestamp":"2022-06-22T11:25:04.668Z"}
{"level":"warn","metodo":"GET","ruta":"/favicon.ico","timestamp":"2022-06-22T11:25:04.699Z"}
{"level":"warn","metodo":"GET","ruta":"/assets/js/bootstrap.bundle.min.js.map","timestamp":"2022-06-22T11:25:19.388Z"}
{"level":"warn","metodo":"GET","ruta":"/favicon.ico","timestamp":"2022-06-22T11:25:19.440Z"}
{"level":"warn","metodo":"GET","ruta":"/assets/js/bootstrap.bundle.min.js.map","timestamp":"2022-06-22T11:25:24.972Z"}
{"level":"warn","metodo":"GET","ruta":"/favicon.ico","timestamp":"2022-06-22T11:25:25.016Z"}
{"level":"warn","metodo":"GET","ruta":"/favicon.ico","timestamp":"2022-06-22T11:42:24.869Z"}
{"level":"warn","metodo":"GET","ruta":"/favicon.ico","timestamp":"2022-06-22T11:42:26.663Z"}
{"level":"warn","metodo":"GET","ruta":"/favicon.ico","timestamp":"2022-06-22T11:42:27.812Z"}
{"level":"warn","metodo":"GET","ruta":"/favicon.ico","timestamp":"2022-06-22T11:43:37.337Z"}
{"level":"warn","metodo":"GET","ruta":"/favicon.ico","timestamp":"2022-06-22T11:44:56.891Z"}
{"level":"warn","metodo":"GET","ruta":"/assets/js/bootstrap.bundle.min.js.map","timestamp":"2022-06-22T11:47:46.273Z"}
{"level":"warn","metodo":"GET","ruta":"/favicon.ico","timestamp":"2022-06-22T11:47:46.335Z"}
{"level":"warn","metodo":"GET","ruta":"/assets/js/bootstrap.bundle.min.js.map","timestamp":"2022-06-22T11:47:47.999Z"}
{"level":"warn","metodo":"GET","ruta":"/favicon.ico","timestamp":"2022-06-22T11:47:48.051Z"}
{"level":"warn","metodo":"GET","ruta":"/assets/js/bootstrap.bundle.min.js.map","timestamp":"2022-06-22T11:51:59.393Z"}
{"level":"warn","metodo":"GET","ruta":"/favicon.ico","timestamp":"2022-06-22T11:51:59.443Z"}
{"level":"warn","metodo":"GET","ruta":"/assets/js/bootstrap.bundle.min.js.map","timestamp":"2022-06-22T11:52:47.385Z"}
{"level":"warn","metodo":"GET","ruta":"/favicon.ico","timestamp":"2022-06-22T11:52:47.418Z"}
{"level":"warn","metodo":"GET","ruta":"/assets/js/bootstrap.bundle.min.js.map","timestamp":"2022-06-22T11:54:39.772Z"}
{"level":"warn","metodo":"GET","ruta":"/favicon.ico","timestamp":"2022-06-22T11:54:39.806Z"}
{"level":"warn","metodo":"GET","ruta":"/assets/js/bootstrap.bundle.min.js.map","timestamp":"2022-06-22T11:55:11.900Z"}
{"level":"warn","metodo":"GET","ruta":"/favicon.ico","timestamp":"2022-06-22T11:55:11.928Z"}
{"level":"warn","metodo":"GET","ruta":"/assets/js/bootstrap.bundle.min.js.map","timestamp":"2022-06-22T11:59:33.792Z"}
{"level":"warn","metodo":"GET","ruta":"/favicon.ico","timestamp":"2022-06-22T11:59:33.823Z"}
{"level":"warn","metodo":"GET","ruta":"/assets/js/bootstrap.bundle.min.js.map","timestamp":"2022-06-22T12:00:47.536Z"}
{"level":"warn","metodo":"GET","ruta":"/favicon.ico","timestamp":"2022-06-22T12:00:47.571Z"}
{"level":"warn","metodo":"GET","ruta":"/assets/js/bootstrap.bundle.min.js.map","timestamp":"2022-06-22T12:03:09.058Z"}
{"level":"warn","metodo":"GET","ruta":"/favicon.ico","timestamp":"2022-06-22T12:03:09.108Z"}
{"level":"warn","metodo":"GET","ruta":"/assets/js/bootstrap.bundle.min.js.map","timestamp":"2022-06-22T12:03:25.159Z"}
{"level":"warn","metodo":"GET","ruta":"/favicon.ico","timestamp":"2022-06-22T12:03:25.191Z"}
{"level":"warn","metodo":"GET","ruta":"/assets/js/bootstrap.bundle.min.js.map","timestamp":"2022-06-23T09:55:50.518Z"}
{"level":"warn","metodo":"GET","ruta":"/favicon.ico","timestamp":"2022-06-23T09:55:50.565Z"}
{"level":"warn","metodo":"GET","ruta":"/assets/js/bootstrap.bundle.min.js.map","timestamp":"2022-06-23T10:03:20.974Z"}
{"level":"warn","metodo":"GET","ruta":"/favicon.ico","timestamp":"2022-06-23T10:03:21.010Z"}
{"level":"warn","metodo":"GET","ruta":"/assets/js/bootstrap.bundle.min.js.map","timestamp":"2022-06-23T10:29:44.165Z"}
{"level":"warn","metodo":"GET","ruta":"/favicon.ico","timestamp":"2022-06-23T10:29:44.193Z"}
{"level":"warn","metodo":"GET","ruta":"/assets/js/bootstrap.bundle.min.js.map","timestamp":"2022-06-23T10:29:48.957Z"}
{"level":"warn","metodo":"GET","ruta":"/favicon.ico","timestamp":"2022-06-23T10:29:49.028Z"}
{"level":"warn","metodo":"GET","ruta":"/assets/js/bootstrap.bundle.min.js.map","timestamp":"2022-06-23T10:29:49.949Z"}
{"level":"warn","metodo":"GET","ruta":"/favicon.ico","timestamp":"2022-06-23T10:29:49.983Z"}
{"level":"warn","metodo":"GET","ruta":"/assets/js/bootstrap.bundle.min.js.map","timestamp":"2022-06-23T10:30:09.800Z"}
{"level":"warn","metodo":"GET","ruta":"/favicon.ico","timestamp":"2022-06-23T10:30:09.847Z"}
{"level":"warn","metodo":"GET","ruta":"/assets/js/bootstrap.bundle.min.js.map","timestamp":"2022-06-23T10:36:29.291Z"}
{"level":"warn","metodo":"GET","ruta":"/favicon.ico","timestamp":"2022-06-23T10:36:29.325Z"}
{"level":"warn","metodo":"GET","ruta":"/assets/js/bootstrap.bundle.min.js.map","timestamp":"2022-06-23T10:39:14.392Z"}
{"level":"warn","metodo":"GET","ruta":"/favicon.ico","timestamp":"2022-06-23T10:39:14.433Z"}
{"level":"warn","metodo":"GET","ruta":"/assets/js/bootstrap.bundle.min.js.map","timestamp":"2022-06-23T10:39:52.486Z"}
{"level":"warn","metodo":"GET","ruta":"/favicon.ico","timestamp":"2022-06-23T10:39:52.523Z"}
{"level":"warn","metodo":"GET","ruta":"/assets/js/bootstrap.bundle.min.js.map","timestamp":"2022-06-23T10:41:15.002Z"}
{"level":"warn","metodo":"GET","ruta":"/favicon.ico","timestamp":"2022-06-23T10:41:15.038Z"}
{"level":"warn","metodo":"GET","ruta":"/assets/js/bootstrap.bundle.min.js.map","timestamp":"2022-06-23T10:50:42.157Z"}
{"level":"warn","metodo":"GET","ruta":"/favicon.ico","timestamp":"2022-06-23T10:50:42.209Z"}
{"level":"warn","metodo":"GET","ruta":"/assets/js/bootstrap.bundle.min.js.map","timestamp":"2022-06-23T10:53:33.200Z"}
{"level":"warn","metodo":"GET","ruta":"/favicon.ico","timestamp":"2022-06-23T10:53:33.238Z"}
{"level":"warn","metodo":"GET","ruta":"/assets/js/bootstrap.bundle.min.js.map","timestamp":"2022-06-23T10:54:17.134Z"}
{"level":"warn","metodo":"GET","ruta":"/favicon.ico","timestamp":"2022-06-23T10:54:17.171Z"}
{"level":"warn","metodo":"GET","ruta":"/assets/js/bootstrap.bundle.min.js.map","timestamp":"2022-06-23T10:54:27.073Z"}
{"level":"warn","metodo":"GET","ruta":"/favicon.ico","timestamp":"2022-06-23T10:54:27.110Z"}
{"level":"warn","metodo":"GET","ruta":"/assets/js/bootstrap.bundle.min.js.map","timestamp":"2022-06-23T10:56:49.834Z"}
{"level":"warn","metodo":"GET","ruta":"/favicon.ico","timestamp":"2022-06-23T10:56:49.890Z"}
{"level":"warn","metodo":"GET","ruta":"/assets/js/bootstrap.bundle.min.js.map","timestamp":"2022-06-23T10:56:58.682Z"}
{"level":"warn","metodo":"GET","ruta":"/favicon.ico","timestamp":"2022-06-23T10:56:58.722Z"}
{"level":"warn","metodo":"GET","ruta":"/favicon.ico","timestamp":"2022-06-23T10:58:26.346Z"}
{"level":"warn","metodo":"GET","ruta":"/assets/js/bootstrap.bundle.min.js.map","timestamp":"2022-06-23T10:58:26.355Z"}
{"level":"warn","metodo":"GET","ruta":"/assets/js/bootstrap.bundle.min.js.map","timestamp":"2022-06-23T11:01:22.395Z"}
{"level":"warn","metodo":"GET","ruta":"/favicon.ico","timestamp":"2022-06-23T11:01:22.455Z"}
{"level":"warn","metodo":"GET","ruta":"/assets/js/bootstrap.bundle.min.js.map","timestamp":"2022-06-23T11:03:09.433Z"}
{"level":"warn","metodo":"GET","ruta":"/favicon.ico","timestamp":"2022-06-23T11:03:09.678Z"}
{"level":"warn","metodo":"GET","ruta":"/assets/js/bootstrap.bundle.min.js.map","timestamp":"2022-06-23T11:03:30.415Z"}
{"level":"warn","metodo":"GET","ruta":"/favicon.ico","timestamp":"2022-06-23T11:03:30.464Z"}
{"level":"warn","metodo":"GET","ruta":"/assets/js/bootstrap.bundle.min.js.map","timestamp":"2022-06-23T11:03:50.885Z"}
{"level":"warn","metodo":"GET","ruta":"/favicon.ico","timestamp":"2022-06-23T11:03:50.915Z"}
{"level":"warn","metodo":"GET","ruta":"/assets/js/bootstrap.bundle.min.js.map","timestamp":"2022-06-23T11:08:34.094Z"}
{"level":"warn","metodo":"GET","ruta":"/favicon.ico","timestamp":"2022-06-23T11:08:34.096Z"}
{"level":"warn","metodo":"GET","ruta":"/assets/js/bootstrap.bundle.min.js.map","timestamp":"2022-06-23T11:08:43.862Z"}
{"level":"warn","metodo":"GET","ruta":"/favicon.ico","timestamp":"2022-06-23T11:08:43.891Z"}
{"level":"warn","metodo":"GET","ruta":"/favicon.ico","timestamp":"2022-06-23T11:17:39.664Z"}
{"level":"warn","metodo":"GET","ruta":"/assets/js/bootstrap.bundle.min.js.map","timestamp":"2022-06-23T11:17:43.628Z"}
{"level":"warn","metodo":"GET","ruta":"/assets/js/bootstrap.bundle.min.js.map","timestamp":"2022-06-23T11:18:01.213Z"}
{"level":"warn","metodo":"GET","ruta":"/favicon.ico","timestamp":"2022-06-23T11:18:01.242Z"}
{"level":"warn","metodo":"GET","ruta":"/assets/js/bootstrap.bundle.min.js.map","timestamp":"2022-06-23T11:19:29.607Z"}
{"level":"warn","metodo":"GET","ruta":"/favicon.ico","timestamp":"2022-06-23T11:19:29.650Z"}
{"level":"warn","metodo":"GET","ruta":"/assets/js/bootstrap.bundle.min.js.map","timestamp":"2022-06-23T11:19:39.519Z"}
{"level":"warn","metodo":"GET","ruta":"/favicon.ico","timestamp":"2022-06-23T11:19:39.541Z"}
{"level":"warn","metodo":"GET","ruta":"/assets/js/bootstrap.bundle.min.js.map","timestamp":"2022-06-23T11:19:59.112Z"}
{"level":"warn","metodo":"GET","ruta":"/favicon.ico","timestamp":"2022-06-23T11:19:59.147Z"}
{"level":"warn","metodo":"GET","ruta":"/favicon.ico","timestamp":"2022-06-23T11:25:34.707Z"}
{"level":"warn","metodo":"GET","ruta":"/assets/js/bootstrap.bundle.min.js.map","timestamp":"2022-06-23T11:25:34.720Z"}
{"level":"warn","metodo":"GET","ruta":"/assets/js/bootstrap.bundle.min.js.map","timestamp":"2022-06-23T11:26:21.795Z"}
{"level":"warn","metodo":"GET","ruta":"/favicon.ico","timestamp":"2022-06-23T11:26:21.810Z"}
{"level":"warn","metodo":"GET","ruta":"/assets/js/bootstrap.bundle.min.js.map","timestamp":"2022-06-23T11:27:01.508Z"}
{"level":"warn","metodo":"GET","ruta":"/favicon.ico","timestamp":"2022-06-23T11:27:01.545Z"}
{"level":"warn","metodo":"GET","ruta":"/assets/js/bootstrap.bundle.min.js.map","timestamp":"2022-06-23T11:32:01.134Z"}
{"level":"warn","metodo":"GET","ruta":"/favicon.ico","timestamp":"2022-06-23T11:32:01.177Z"}
{"level":"warn","metodo":"GET","ruta":"/assets/js/bootstrap.bundle.min.js.map","timestamp":"2022-06-23T11:34:13.214Z"}
{"level":"warn","metodo":"GET","ruta":"/favicon.ico","timestamp":"2022-06-23T11:34:13.228Z"}
{"level":"warn","metodo":"GET","ruta":"/assets/js/bootstrap.bundle.min.js.map","timestamp":"2022-06-23T11:36:26.602Z"}
{"level":"warn","metodo":"GET","ruta":"/favicon.ico","timestamp":"2022-06-23T11:36:26.640Z"}
{"level":"warn","metodo":"GET","ruta":"/assets/js/bootstrap.bundle.min.js.map","timestamp":"2022-06-23T11:36:49.044Z"}
{"level":"warn","metodo":"GET","ruta":"/favicon.ico","timestamp":"2022-06-23T11:36:49.068Z"}
{"level":"warn","metodo":"GET","ruta":"/assets/js/bootstrap.bundle.min.js.map","timestamp":"2022-06-23T11:37:22.945Z"}
{"level":"warn","metodo":"GET","ruta":"/favicon.ico","timestamp":"2022-06-23T11:37:23.014Z"}
{"level":"warn","metodo":"GET","ruta":"/assets/js/bootstrap.bundle.min.js.map","timestamp":"2022-06-23T11:37:26.810Z"}
{"level":"warn","metodo":"GET","ruta":"/favicon.ico","timestamp":"2022-06-23T11:37:26.858Z"}
{"level":"warn","metodo":"GET","ruta":"/assets/js/bootstrap.bundle.min.js.map","timestamp":"2022-06-23T11:37:30.322Z"}
{"level":"warn","metodo":"GET","ruta":"/favicon.ico","timestamp":"2022-06-23T11:37:30.363Z"}
{"level":"warn","metodo":"GET","ruta":"/assets/js/bootstrap.bundle.min.js.map","timestamp":"2022-06-23T11:39:25.181Z"}
{"level":"warn","metodo":"GET","ruta":"/favicon.ico","timestamp":"2022-06-23T11:39:25.235Z"}
{"level":"warn","metodo":"GET","ruta":"/assets/js/bootstrap.bundle.min.js.map","timestamp":"2022-06-23T11:39:28.209Z"}
{"level":"warn","metodo":"GET","ruta":"/favicon.ico","timestamp":"2022-06-23T11:39:28.259Z"}
{"level":"warn","metodo":"GET","ruta":"/assets/js/bootstrap.bundle.min.js.map","timestamp":"2022-06-23T11:39:41.355Z"}
{"level":"warn","metodo":"GET","ruta":"/favicon.ico","timestamp":"2022-06-23T11:39:41.389Z"}
{"level":"warn","metodo":"GET","ruta":"/assets/js/bootstrap.bundle.min.js.map","timestamp":"2022-06-23T11:39:43.875Z"}
{"level":"warn","metodo":"GET","ruta":"/favicon.ico","timestamp":"2022-06-23T11:39:43.928Z"}
{"level":"warn","metodo":"GET","ruta":"/assets/js/bootstrap.bundle.min.js.map","timestamp":"2022-06-23T11:39:47.356Z"}
{"level":"warn","metodo":"GET","ruta":"/favicon.ico","timestamp":"2022-06-23T11:39:47.393Z"}
{"level":"warn","metodo":"GET","ruta":"/assets/js/bootstrap.bundle.min.js.map","timestamp":"2022-06-23T11:39:52.390Z"}
{"level":"warn","metodo":"GET","ruta":"/favicon.ico","timestamp":"2022-06-23T11:39:52.436Z"}
{"level":"warn","metodo":"GET","ruta":"/assets/js/bootstrap.bundle.min.js.map","timestamp":"2022-06-23T11:39:56.429Z"}
{"level":"warn","metodo":"GET","ruta":"/favicon.ico","timestamp":"2022-06-23T11:39:56.466Z"}
{"level":"warn","metodo":"GET","ruta":"/assets/js/bootstrap.bundle.min.js.map","timestamp":"2022-06-23T11:40:06.794Z"}
{"level":"warn","metodo":"GET","ruta":"/favicon.ico","timestamp":"2022-06-23T11:40:06.831Z"}
{"level":"warn","metodo":"GET","ruta":"/assets/js/bootstrap.bundle.min.js.map","timestamp":"2022-06-23T11:40:30.063Z"}
{"level":"warn","metodo":"GET","ruta":"/favicon.ico","timestamp":"2022-06-23T11:40:30.090Z"}
{"level":"warn","metodo":"GET","ruta":"/assets/js/bootstrap.bundle.min.js.map","timestamp":"2022-06-23T11:41:52.624Z"}
{"level":"warn","metodo":"GET","ruta":"/favicon.ico","timestamp":"2022-06-23T11:41:52.655Z"}
{"level":"warn","metodo":"GET","ruta":"/assets/js/bootstrap.bundle.min.js.map","timestamp":"2022-06-23T11:41:53.587Z"}
{"level":"warn","metodo":"GET","ruta":"/favicon.ico","timestamp":"2022-06-23T11:41:53.628Z"}
{"level":"warn","metodo":"GET","ruta":"/assets/js/bootstrap.bundle.min.js.map","timestamp":"2022-06-23T11:41:57.986Z"}
{"level":"warn","metodo":"GET","ruta":"/favicon.ico","timestamp":"2022-06-23T11:41:58.025Z"}
{"level":"warn","metodo":"GET","ruta":"/assets/js/bootstrap.bundle.min.js.map","timestamp":"2022-06-23T11:42:23.319Z"}
{"level":"warn","metodo":"GET","ruta":"/favicon.ico","timestamp":"2022-06-23T11:42:23.358Z"}
{"level":"warn","metodo":"GET","ruta":"/assets/js/bootstrap.bundle.min.js.map","timestamp":"2022-06-23T11:47:28.225Z"}
{"level":"warn","metodo":"GET","ruta":"/favicon.ico","timestamp":"2022-06-23T11:47:28.267Z"}
{"level":"warn","metodo":"GET","ruta":"/assets/js/bootstrap.bundle.min.js.map","timestamp":"2022-06-23T11:48:03.140Z"}
{"level":"warn","metodo":"GET","ruta":"/favicon.ico","timestamp":"2022-06-23T11:48:03.192Z"}
{"level":"warn","metodo":"GET","ruta":"/assets/js/bootstrap.bundle.min.js.map","timestamp":"2022-06-23T11:50:04.036Z"}
{"level":"warn","metodo":"GET","ruta":"/favicon.ico","timestamp":"2022-06-23T11:50:04.071Z"}
{"level":"warn","metodo":"GET","ruta":"/assets/js/bootstrap.bundle.min.js.map","timestamp":"2022-06-23T11:50:07.738Z"}
{"level":"warn","metodo":"GET","ruta":"/favicon.ico","timestamp":"2022-06-23T11:50:07.775Z"}
{"level":"warn","metodo":"GET","ruta":"/assets/js/bootstrap.bundle.min.js.map","timestamp":"2022-06-23T11:50:08.979Z"}
{"level":"warn","metodo":"GET","ruta":"/favicon.ico","timestamp":"2022-06-23T11:50:09.029Z"}
{"level":"warn","metodo":"GET","ruta":"/assets/js/bootstrap.bundle.min.js.map","timestamp":"2022-06-23T11:50:30.858Z"}
{"level":"warn","metodo":"GET","ruta":"/favicon.ico","timestamp":"2022-06-23T11:50:30.899Z"}
{"level":"warn","metodo":"GET","ruta":"/assets/js/bootstrap.bundle.min.js.map","timestamp":"2022-06-23T11:53:38.745Z"}
{"level":"warn","metodo":"GET","ruta":"/favicon.ico","timestamp":"2022-06-23T11:53:38.855Z"}
{"level":"warn","metodo":"GET","ruta":"/assets/js/bootstrap.bundle.min.js.map","timestamp":"2022-06-23T11:54:11.103Z"}
{"level":"warn","metodo":"GET","ruta":"/favicon.ico","timestamp":"2022-06-23T11:54:11.179Z"}
{"level":"warn","metodo":"GET","ruta":"/assets/js/bootstrap.bundle.min.js.map","timestamp":"2022-06-23T11:56:07.444Z"}
{"level":"warn","metodo":"GET","ruta":"/favicon.ico","timestamp":"2022-06-23T11:56:07.493Z"}
{"level":"warn","metodo":"GET","ruta":"/assets/js/bootstrap.bundle.min.js.map","timestamp":"2022-06-23T11:56:08.284Z"}
{"level":"warn","metodo":"GET","ruta":"/favicon.ico","timestamp":"2022-06-23T11:56:08.333Z"}
{"level":"warn","metodo":"GET","ruta":"/assets/js/bootstrap.bundle.min.js.map","timestamp":"2022-06-23T12:23:50.265Z"}
{"level":"warn","metodo":"GET","ruta":"/favicon.ico","timestamp":"2022-06-23T12:23:50.339Z"}
{"level":"warn","metodo":"GET","ruta":"/assets/js/bootstrap.bundle.min.js.map","timestamp":"2022-06-23T12:23:56.369Z"}
{"level":"warn","metodo":"GET","ruta":"/favicon.ico","timestamp":"2022-06-23T12:23:56.415Z"}
{"level":"warn","metodo":"GET","ruta":"/assets/js/bootstrap.bundle.min.js.map","timestamp":"2022-06-23T12:23:57.972Z"}
{"level":"warn","metodo":"GET","ruta":"/favicon.ico","timestamp":"2022-06-23T12:23:58.018Z"}
{"level":"warn","metodo":"GET","ruta":"/assets/js/bootstrap.bundle.min.js.map","timestamp":"2022-06-23T12:23:59.318Z"}
{"level":"warn","metodo":"GET","ruta":"/favicon.ico","timestamp":"2022-06-23T12:23:59.382Z"}
{"level":"warn","metodo":"GET","ruta":"/assets/js/bootstrap.bundle.min.js.map","timestamp":"2022-06-23T12:24:26.331Z"}
{"level":"warn","metodo":"GET","ruta":"/favicon.ico","timestamp":"2022-06-23T12:24:26.392Z"}
{"level":"warn","metodo":"GET","ruta":"/assets/js/bootstrap.bundle.min.js.map","timestamp":"2022-06-23T12:25:39.356Z"}
{"level":"warn","metodo":"GET","ruta":"/favicon.ico","timestamp":"2022-06-23T12:25:39.375Z"}
{"level":"warn","metodo":"GET","ruta":"/assets/js/bootstrap.bundle.min.js.map","timestamp":"2022-06-24T10:25:22.123Z"}
{"level":"warn","metodo":"GET","ruta":"/favicon.ico","timestamp":"2022-06-24T10:25:22.186Z"}
{"level":"warn","metodo":"GET","ruta":"/assets/js/bootstrap.bundle.min.js.map","timestamp":"2022-06-24T10:25:28.551Z"}
{"level":"warn","metodo":"GET","ruta":"/favicon.ico","timestamp":"2022-06-24T10:25:28.583Z"}
{"level":"warn","metodo":"GET","ruta":"/assets/js/bootstrap.bundle.min.js.map","timestamp":"2022-06-24T10:25:31.572Z"}
{"level":"warn","metodo":"GET","ruta":"/favicon.ico","timestamp":"2022-06-24T10:25:31.608Z"}
{"level":"warn","metodo":"GET","ruta":"/uploads/foto-1655984406407.png","timestamp":"2022-06-24T10:25:31.705Z"}
{"level":"warn","metodo":"GET","ruta":"/assets/js/bootstrap.bundle.min.js.map","timestamp":"2022-06-24T10:25:36.301Z"}
{"level":"warn","metodo":"GET","ruta":"/favicon.ico","timestamp":"2022-06-24T10:25:36.344Z"}
{"level":"warn","metodo":"GET","ruta":"/assets/js/bootstrap.bundle.min.js.map","timestamp":"2022-06-24T10:27:34.777Z"}
{"level":"warn","metodo":"GET","ruta":"/favicon.ico","timestamp":"2022-06-24T10:27:34.823Z"}
{"level":"warn","metodo":"GET","ruta":"/assets/js/bootstrap.bundle.min.js.map","timestamp":"2022-06-24T10:28:03.048Z"}
{"level":"warn","metodo":"GET","ruta":"/favicon.ico","timestamp":"2022-06-24T10:28:03.131Z"}
{"level":"warn","metodo":"GET","ruta":"/assets/js/bootstrap.bundle.min.js.map","timestamp":"2022-06-24T10:29:32.970Z"}
{"level":"warn","metodo":"GET","ruta":"/favicon.ico","timestamp":"2022-06-24T10:29:33.009Z"}
{"level":"warn","metodo":"GET","ruta":"/assets/js/bootstrap.bundle.min.js.map","timestamp":"2022-06-24T10:29:36.525Z"}
{"level":"warn","metodo":"GET","ruta":"/favicon.ico","timestamp":"2022-06-24T10:29:36.562Z"}
{"level":"warn","metodo":"GET","ruta":"/assets/js/bootstrap.bundle.min.js.map","timestamp":"2022-06-24T10:29:37.612Z"}
{"level":"warn","metodo":"GET","ruta":"/favicon.ico","timestamp":"2022-06-24T10:29:37.661Z"}
{"level":"warn","metodo":"GET","ruta":"/assets/js/bootstrap.bundle.min.js.map","timestamp":"2022-06-24T10:30:05.274Z"}
{"level":"warn","metodo":"GET","ruta":"/favicon.ico","timestamp":"2022-06-24T10:30:05.318Z"}
{"level":"warn","metodo":"GET","ruta":"/assets/js/bootstrap.bundle.min.js.map","timestamp":"2022-06-24T10:30:56.444Z"}
{"level":"warn","metodo":"GET","ruta":"/favicon.ico","timestamp":"2022-06-24T10:30:56.478Z"}
{"level":"warn","metodo":"GET","ruta":"/assets/js/bootstrap.bundle.min.js.map","timestamp":"2022-06-24T10:30:57.358Z"}
{"level":"warn","metodo":"GET","ruta":"/favicon.ico","timestamp":"2022-06-24T10:30:57.393Z"}
{"level":"warn","metodo":"GET","ruta":"/assets/js/bootstrap.bundle.min.js.map","timestamp":"2022-06-24T10:31:17.895Z"}
{"level":"warn","metodo":"GET","ruta":"/favicon.ico","timestamp":"2022-06-24T10:31:17.945Z"}
{"level":"warn","metodo":"GET","ruta":"/assets/js/bootstrap.bundle.min.js.map","timestamp":"2022-06-24T10:32:05.450Z"}
{"level":"warn","metodo":"GET","ruta":"/favicon.ico","timestamp":"2022-06-24T10:32:05.488Z"}
{"level":"warn","metodo":"GET","ruta":"/assets/js/bootstrap.bundle.min.js.map","timestamp":"2022-06-24T10:32:07.818Z"}
{"level":"warn","metodo":"GET","ruta":"/favicon.ico","timestamp":"2022-06-24T10:32:07.864Z"}
{"level":"warn","metodo":"GET","ruta":"/assets/js/bootstrap.bundle.min.js.map","timestamp":"2022-06-24T10:32:18.917Z"}
{"level":"warn","metodo":"GET","ruta":"/favicon.ico","timestamp":"2022-06-24T10:32:18.957Z"}
{"level":"warn","metodo":"GET","ruta":"/assets/js/bootstrap.bundle.min.js.map","timestamp":"2022-06-24T10:33:15.925Z"}
{"level":"warn","metodo":"GET","ruta":"/favicon.ico","timestamp":"2022-06-24T10:33:15.963Z"}
{"level":"warn","metodo":"GET","ruta":"/assets/js/bootstrap.bundle.min.js.map","timestamp":"2022-06-24T10:33:17.262Z"}
{"level":"warn","metodo":"GET","ruta":"/favicon.ico","timestamp":"2022-06-24T10:33:17.313Z"}
{"level":"warn","metodo":"GET","ruta":"/assets/js/bootstrap.bundle.min.js.map","timestamp":"2022-06-24T10:33:27.096Z"}
{"level":"warn","metodo":"GET","ruta":"/favicon.ico","timestamp":"2022-06-24T10:33:27.131Z"}
{"level":"warn","metodo":"GET","ruta":"/assets/js/bootstrap.bundle.min.js.map","timestamp":"2022-06-24T10:36:25.945Z"}
{"level":"warn","metodo":"GET","ruta":"/favicon.ico","timestamp":"2022-06-24T10:36:25.978Z"}
{"level":"warn","metodo":"GET","ruta":"/assets/js/bootstrap.bundle.min.js.map","timestamp":"2022-06-24T10:36:26.970Z"}
{"level":"warn","metodo":"GET","ruta":"/favicon.ico","timestamp":"2022-06-24T10:36:27.010Z"}
{"level":"warn","metodo":"GET","ruta":"/assets/js/bootstrap.bundle.min.js.map","timestamp":"2022-06-24T10:36:37.518Z"}
{"level":"warn","metodo":"GET","ruta":"/favicon.ico","timestamp":"2022-06-24T10:36:37.569Z"}
{"level":"warn","metodo":"GET","ruta":"/assets/js/bootstrap.bundle.min.js.map","timestamp":"2022-06-24T10:37:40.488Z"}
{"level":"warn","metodo":"GET","ruta":"/favicon.ico","timestamp":"2022-06-24T10:37:40.522Z"}
{"level":"warn","metodo":"GET","ruta":"/assets/js/bootstrap.bundle.min.js.map","timestamp":"2022-06-24T10:37:41.625Z"}
{"level":"warn","metodo":"GET","ruta":"/favicon.ico","timestamp":"2022-06-24T10:37:41.667Z"}
{"level":"warn","metodo":"GET","ruta":"/assets/js/bootstrap.bundle.min.js.map","timestamp":"2022-06-24T10:37:51.702Z"}
{"level":"warn","metodo":"GET","ruta":"/favicon.ico","timestamp":"2022-06-24T10:37:51.741Z"}
{"level":"warn","metodo":"GET","ruta":"/assets/js/bootstrap.bundle.min.js.map","timestamp":"2022-06-24T10:38:45.084Z"}
{"level":"warn","metodo":"GET","ruta":"/favicon.ico","timestamp":"2022-06-24T10:38:45.108Z"}
{"level":"warn","metodo":"GET","ruta":"/assets/js/bootstrap.bundle.min.js.map","timestamp":"2022-06-24T10:38:46.305Z"}
{"level":"warn","metodo":"GET","ruta":"/favicon.ico","timestamp":"2022-06-24T10:38:46.353Z"}
{"level":"warn","metodo":"GET","ruta":"/assets/js/bootstrap.bundle.min.js.map","timestamp":"2022-06-24T10:38:47.252Z"}
{"level":"warn","metodo":"GET","ruta":"/favicon.ico","timestamp":"2022-06-24T10:38:47.290Z"}
{"level":"warn","metodo":"GET","ruta":"/assets/js/bootstrap.bundle.min.js.map","timestamp":"2022-06-24T10:42:14.690Z"}
{"level":"warn","metodo":"GET","ruta":"/favicon.ico","timestamp":"2022-06-24T10:42:14.721Z"}
{"level":"warn","metodo":"GET","ruta":"/assets/js/bootstrap.bundle.min.js.map","timestamp":"2022-06-24T10:42:25.381Z"}
{"level":"warn","metodo":"GET","ruta":"/favicon.ico","timestamp":"2022-06-24T10:42:25.418Z"}
{"level":"warn","metodo":"GET","ruta":"/assets/js/bootstrap.bundle.min.js.map","timestamp":"2022-06-24T10:42:57.614Z"}
{"level":"warn","metodo":"GET","ruta":"/favicon.ico","timestamp":"2022-06-24T10:42:57.656Z"}
{"level":"warn","metodo":"GET","ruta":"/assets/js/bootstrap.bundle.min.js.map","timestamp":"2022-06-24T10:47:32.487Z"}
{"level":"warn","metodo":"GET","ruta":"/favicon.ico","timestamp":"2022-06-24T10:47:32.531Z"}
{"level":"warn","metodo":"GET","ruta":"/assets/js/bootstrap.bundle.min.js.map","timestamp":"2022-06-24T10:48:19.107Z"}
{"level":"warn","metodo":"GET","ruta":"/favicon.ico","timestamp":"2022-06-24T10:48:19.153Z"}
{"level":"warn","metodo":"GET","ruta":"/assets/js/bootstrap.bundle.min.js.map","timestamp":"2022-06-24T10:48:21.204Z"}
{"level":"warn","metodo":"GET","ruta":"/favicon.ico","timestamp":"2022-06-24T10:48:21.256Z"}
{"level":"warn","metodo":"GET","ruta":"/assets/js/bootstrap.bundle.min.js.map","timestamp":"2022-06-24T10:48:24.093Z"}
{"level":"warn","metodo":"GET","ruta":"/favicon.ico","timestamp":"2022-06-24T10:48:24.131Z"}
{"level":"warn","metodo":"GET","ruta":"/assets/js/bootstrap.bundle.min.js.map","timestamp":"2022-06-24T10:48:25.406Z"}
{"level":"warn","metodo":"GET","ruta":"/favicon.ico","timestamp":"2022-06-24T10:48:25.446Z"}
{"level":"warn","metodo":"GET","ruta":"/assets/js/bootstrap.bundle.min.js.map","timestamp":"2022-06-24T10:48:38.098Z"}
{"level":"warn","metodo":"GET","ruta":"/favicon.ico","timestamp":"2022-06-24T10:48:38.147Z"}
{"level":"warn","metodo":"GET","ruta":"/assets/js/bootstrap.bundle.min.js.map","timestamp":"2022-06-24T10:49:46.312Z"}
{"level":"warn","metodo":"GET","ruta":"/favicon.ico","timestamp":"2022-06-24T10:49:46.367Z"}
{"level":"warn","metodo":"GET","ruta":"/assets/js/bootstrap.bundle.min.js.map","timestamp":"2022-06-24T11:00:36.847Z"}
{"level":"warn","metodo":"GET","ruta":"/favicon.ico","timestamp":"2022-06-24T11:00:36.890Z"}
{"level":"warn","metodo":"GET","ruta":"/assets/js/bootstrap.bundle.min.js.map","timestamp":"2022-06-24T11:08:53.745Z"}
{"level":"warn","metodo":"GET","ruta":"/favicon.ico","timestamp":"2022-06-24T11:08:53.787Z"}
{"level":"warn","metodo":"GET","ruta":"/assets/js/bootstrap.bundle.min.js.map","timestamp":"2022-06-24T11:09:17.006Z"}
{"level":"warn","metodo":"GET","ruta":"/favicon.ico","timestamp":"2022-06-24T11:09:17.058Z"}
{"level":"warn","metodo":"GET","ruta":"/assets/js/bootstrap.bundle.min.js.map","timestamp":"2022-06-24T11:18:03.636Z"}
{"level":"warn","metodo":"GET","ruta":"/favicon.ico","timestamp":"2022-06-24T11:18:03.685Z"}
{"level":"warn","metodo":"GET","ruta":"/assets/js/bootstrap.bundle.min.js.map","timestamp":"2022-06-24T11:18:05.070Z"}
{"level":"warn","metodo":"GET","ruta":"/favicon.ico","timestamp":"2022-06-24T11:18:05.109Z"}
{"level":"warn","metodo":"GET","ruta":"/assets/js/bootstrap.bundle.min.js.map","timestamp":"2022-06-24T11:18:06.105Z"}
{"level":"warn","metodo":"GET","ruta":"/favicon.ico","timestamp":"2022-06-24T11:18:06.146Z"}
{"level":"warn","metodo":"GET","ruta":"/assets/js/bootstrap.bundle.min.js.map","timestamp":"2022-06-24T11:18:14.840Z"}
{"level":"warn","metodo":"GET","ruta":"/favicon.ico","timestamp":"2022-06-24T11:18:14.876Z"}
{"level":"warn","metodo":"GET","ruta":"/assets/js/bootstrap.bundle.min.js.map","timestamp":"2022-06-24T11:19:30.115Z"}
{"level":"warn","metodo":"GET","ruta":"/favicon.ico","timestamp":"2022-06-24T11:19:30.143Z"}
{"level":"warn","metodo":"GET","ruta":"/assets/js/bootstrap.bundle.min.js.map","timestamp":"2022-06-24T11:19:33.485Z"}
{"level":"warn","metodo":"GET","ruta":"/favicon.ico","timestamp":"2022-06-24T11:19:33.522Z"}
{"level":"warn","metodo":"GET","ruta":"/assets/js/bootstrap.bundle.min.js.map","timestamp":"2022-06-24T11:19:34.832Z"}
{"level":"warn","metodo":"GET","ruta":"/favicon.ico","timestamp":"2022-06-24T11:19:34.863Z"}
{"level":"warn","metodo":"GET","ruta":"/assets/js/bootstrap.bundle.min.js.map","timestamp":"2022-06-24T11:19:35.611Z"}
{"level":"warn","metodo":"GET","ruta":"/favicon.ico","timestamp":"2022-06-24T11:19:35.650Z"}
{"level":"warn","metodo":"GET","ruta":"/assets/js/bootstrap.bundle.min.js.map","timestamp":"2022-06-24T11:19:49.406Z"}
{"level":"warn","metodo":"GET","ruta":"/favicon.ico","timestamp":"2022-06-24T11:19:49.451Z"}
{"level":"warn","metodo":"GET","ruta":"/assets/js/bootstrap.bundle.min.js.map","timestamp":"2022-06-24T11:22:11.294Z"}
{"level":"warn","metodo":"GET","ruta":"/favicon.ico","timestamp":"2022-06-24T11:22:11.325Z"}
{"level":"warn","metodo":"GET","ruta":"/assets/js/bootstrap.bundle.min.js.map","timestamp":"2022-06-24T11:22:12.361Z"}
{"level":"warn","metodo":"GET","ruta":"/favicon.ico","timestamp":"2022-06-24T11:22:12.395Z"}
{"level":"warn","metodo":"GET","ruta":"/assets/js/bootstrap.bundle.min.js.map","timestamp":"2022-06-24T11:22:21.669Z"}
{"level":"warn","metodo":"GET","ruta":"/favicon.ico","timestamp":"2022-06-24T11:22:21.710Z"}
{"level":"warn","metodo":"GET","ruta":"/assets/js/bootstrap.bundle.min.js.map","timestamp":"2022-06-24T11:22:38.413Z"}
{"level":"warn","metodo":"GET","ruta":"/favicon.ico","timestamp":"2022-06-24T11:22:38.447Z"}
{"level":"warn","metodo":"GET","ruta":"/assets/js/bootstrap.bundle.min.js.map","timestamp":"2022-06-24T11:22:39.348Z"}
{"level":"warn","metodo":"GET","ruta":"/favicon.ico","timestamp":"2022-06-24T11:22:39.387Z"}
{"level":"warn","metodo":"GET","ruta":"/assets/js/bootstrap.bundle.min.js.map","timestamp":"2022-06-24T11:22:50.600Z"}
{"level":"warn","metodo":"GET","ruta":"/favicon.ico","timestamp":"2022-06-24T11:22:50.638Z"}
{"level":"warn","metodo":"GET","ruta":"/assets/js/bootstrap.bundle.min.js.map","timestamp":"2022-06-24T11:33:12.490Z"}
{"level":"warn","metodo":"GET","ruta":"/favicon.ico","timestamp":"2022-06-24T11:33:12.523Z"}
{"level":"warn","metodo":"GET","ruta":"/assets/js/bootstrap.bundle.min.js.map","timestamp":"2022-06-24T11:33:13.430Z"}
{"level":"warn","metodo":"GET","ruta":"/favicon.ico","timestamp":"2022-06-24T11:33:13.475Z"}
{"level":"warn","metodo":"GET","ruta":"/assets/js/bootstrap.bundle.min.js.map","timestamp":"2022-06-24T11:33:14.907Z"}
{"level":"warn","metodo":"GET","ruta":"/favicon.ico","timestamp":"2022-06-24T11:33:14.944Z"}
{"level":"warn","metodo":"GET","ruta":"/assets/js/bootstrap.bundle.min.js.map","timestamp":"2022-06-24T11:33:23.109Z"}
{"level":"warn","metodo":"GET","ruta":"/favicon.ico","timestamp":"2022-06-24T11:33:23.135Z"}
{"level":"warn","metodo":"GET","ruta":"/assets/js/bootstrap.bundle.min.js.map","timestamp":"2022-06-24T11:37:51.114Z"}
{"level":"warn","metodo":"GET","ruta":"/favicon.ico","timestamp":"2022-06-24T11:37:51.145Z"}
{"level":"warn","metodo":"GET","ruta":"/assets/js/bootstrap.bundle.min.js.map","timestamp":"2022-06-24T11:37:52.377Z"}
{"level":"warn","metodo":"GET","ruta":"/favicon.ico","timestamp":"2022-06-24T11:37:52.417Z"}
{"level":"warn","metodo":"GET","ruta":"/assets/js/bootstrap.bundle.min.js.map","timestamp":"2022-06-24T11:38:02.139Z"}
{"level":"warn","metodo":"GET","ruta":"/favicon.ico","timestamp":"2022-06-24T11:38:02.198Z"}
{"level":"warn","metodo":"GET","ruta":"/assets/js/bootstrap.bundle.min.js.map","timestamp":"2022-06-24T11:38:11.307Z"}
{"level":"warn","metodo":"GET","ruta":"/favicon.ico","timestamp":"2022-06-24T11:38:11.353Z"}
{"level":"warn","metodo":"GET","ruta":"/assets/js/bootstrap.bundle.min.js.map","timestamp":"2022-06-24T12:00:11.505Z"}
{"level":"warn","metodo":"GET","ruta":"/favicon.ico","timestamp":"2022-06-24T12:00:11.539Z"}
{"level":"warn","metodo":"GET","ruta":"/assets/js/bootstrap.bundle.min.js.map","timestamp":"2022-06-24T12:00:12.405Z"}
{"level":"warn","metodo":"GET","ruta":"/favicon.ico","timestamp":"2022-06-24T12:00:12.495Z"}
{"level":"warn","metodo":"GET","ruta":"/assets/js/bootstrap.bundle.min.js.map","timestamp":"2022-06-24T12:00:13.238Z"}
{"level":"warn","metodo":"GET","ruta":"/favicon.ico","timestamp":"2022-06-24T12:00:13.287Z"}
{"level":"warn","metodo":"GET","ruta":"/assets/js/bootstrap.bundle.min.js.map","timestamp":"2022-06-24T12:00:32.642Z"}
{"level":"warn","metodo":"GET","ruta":"/favicon.ico","timestamp":"2022-06-24T12:00:32.681Z"}
{"level":"warn","metodo":"GET","ruta":"/assets/js/bootstrap.bundle.min.js.map","timestamp":"2022-06-24T12:06:20.794Z"}
{"level":"warn","metodo":"GET","ruta":"/favicon.ico","timestamp":"2022-06-24T12:06:20.848Z"}
{"level":"warn","metodo":"GET","ruta":"/assets/js/bootstrap.bundle.min.js.map","timestamp":"2022-06-24T12:06:21.697Z"}
{"level":"warn","metodo":"GET","ruta":"/favicon.ico","timestamp":"2022-06-24T12:06:21.738Z"}
{"level":"warn","metodo":"GET","ruta":"/assets/js/bootstrap.bundle.min.js.map","timestamp":"2022-06-24T12:06:32.169Z"}
{"level":"warn","metodo":"GET","ruta":"/favicon.ico","timestamp":"2022-06-24T12:06:32.215Z"}
